{"/Users/josecarloszambrana/Desktop/GildedRoseJS2/spec/GildedRoseSpec.js":{"path":"/Users/josecarloszambrana/Desktop/GildedRoseJS2/spec/GildedRoseSpec.js","s":{"1":1,"2":1,"3":1,"4":1,"5":1,"6":1,"7":0,"8":0,"9":0},"b":{},"f":{"1":1,"2":0},"fnMap":{"1":{"name":"(anonymous_1)","line":7,"loc":{"start":{"line":7,"column":24},"end":{"line":7,"column":35}}},"2":{"name":"(anonymous_2)","line":9,"loc":{"start":{"line":9,"column":21},"end":{"line":9,"column":32}}}},"statementMap":{"1":{"start":{"line":1,"column":0},"end":{"line":1,"column":36}},"2":{"start":{"line":2,"column":0},"end":{"line":2,"column":51}},"3":{"start":{"line":4,"column":0},"end":{"line":4,"column":46}},"4":{"start":{"line":5,"column":0},"end":{"line":5,"column":26}},"5":{"start":{"line":7,"column":0},"end":{"line":14,"column":3}},"6":{"start":{"line":9,"column":4},"end":{"line":13,"column":7}},"7":{"start":{"line":10,"column":8},"end":{"line":10,"column":42}},"8":{"start":{"line":11,"column":8},"end":{"line":11,"column":25}},"9":{"start":{"line":12,"column":8},"end":{"line":12,"column":44}}},"branchMap":{}},"/Users/josecarloszambrana/Desktop/GildedRoseJS2/src/gilded_rose.js":{"path":"/Users/josecarloszambrana/Desktop/GildedRoseJS2/src/gilded_rose.js","s":{"1":1,"2":0,"3":0,"4":0,"5":1,"6":1,"7":0,"8":0,"9":0,"10":0,"11":0,"12":0,"13":0,"14":0,"15":0,"16":0,"17":0,"18":0,"19":0,"20":0,"21":0,"22":0,"23":0,"24":0,"25":0,"26":0,"27":0,"28":0,"29":0,"30":0,"31":0,"32":1,"33":1},"b":{"1":[0,0],"2":[0,0],"3":[0,0],"4":[0,0],"5":[0,0],"6":[0,0],"7":[0,0],"8":[0,0],"9":[0,0],"10":[0,0],"11":[0,0],"12":[0,0],"13":[0,0],"14":[0,0],"15":[0,0],"16":[0,0],"17":[0,0]},"f":{"1":0,"2":0},"fnMap":{"1":{"name":"Item","line":1,"loc":{"start":{"line":1,"column":0},"end":{"line":1,"column":38}}},"2":{"name":"update_quality","line":9,"loc":{"start":{"line":9,"column":0},"end":{"line":9,"column":26}}}},"statementMap":{"1":{"start":{"line":1,"column":0},"end":{"line":5,"column":1}},"2":{"start":{"line":2,"column":2},"end":{"line":2,"column":19}},"3":{"start":{"line":3,"column":2},"end":{"line":3,"column":25}},"4":{"start":{"line":4,"column":2},"end":{"line":4,"column":25}},"5":{"start":{"line":7,"column":0},"end":{"line":7,"column":14}},"6":{"start":{"line":9,"column":0},"end":{"line":55,"column":1}},"7":{"start":{"line":10,"column":2},"end":{"line":54,"column":3}},"8":{"start":{"line":11,"column":4},"end":{"line":33,"column":5}},"9":{"start":{"line":12,"column":6},"end":{"line":16,"column":7}},"10":{"start":{"line":13,"column":8},"end":{"line":15,"column":9}},"11":{"start":{"line":14,"column":10},"end":{"line":14,"column":49}},"12":{"start":{"line":18,"column":6},"end":{"line":32,"column":7}},"13":{"start":{"line":19,"column":8},"end":{"line":19,"column":47}},"14":{"start":{"line":20,"column":8},"end":{"line":31,"column":9}},"15":{"start":{"line":21,"column":10},"end":{"line":25,"column":11}},"16":{"start":{"line":22,"column":12},"end":{"line":24,"column":13}},"17":{"start":{"line":23,"column":14},"end":{"line":23,"column":53}},"18":{"start":{"line":26,"column":10},"end":{"line":30,"column":11}},"19":{"start":{"line":27,"column":12},"end":{"line":29,"column":13}},"20":{"start":{"line":28,"column":14},"end":{"line":28,"column":53}},"21":{"start":{"line":34,"column":4},"end":{"line":36,"column":5}},"22":{"start":{"line":35,"column":6},"end":{"line":35,"column":46}},"23":{"start":{"line":37,"column":4},"end":{"line":53,"column":5}},"24":{"start":{"line":38,"column":6},"end":{"line":52,"column":7}},"25":{"start":{"line":39,"column":8},"end":{"line":47,"column":9}},"26":{"start":{"line":40,"column":10},"end":{"line":44,"column":11}},"27":{"start":{"line":41,"column":12},"end":{"line":43,"column":13}},"28":{"start":{"line":42,"column":14},"end":{"line":42,"column":53}},"29":{"start":{"line":46,"column":10},"end":{"line":46,"column":64}},"30":{"start":{"line":49,"column":8},"end":{"line":51,"column":9}},"31":{"start":{"line":50,"column":10},"end":{"line":50,"column":49}},"32":{"start":{"line":57,"column":0},"end":{"line":57,"column":40}},"33":{"start":{"line":58,"column":0},"end":{"line":58,"column":18}}},"branchMap":{"1":{"line":11,"type":"if","locations":[{"start":{"line":11,"column":4},"end":{"line":11,"column":4}},{"start":{"line":11,"column":4},"end":{"line":11,"column":4}}]},"2":{"line":11,"type":"binary-expr","locations":[{"start":{"line":11,"column":8},"end":{"line":11,"column":36}},{"start":{"line":11,"column":40},"end":{"line":11,"column":100}}]},"3":{"line":12,"type":"if","locations":[{"start":{"line":12,"column":6},"end":{"line":12,"column":6}},{"start":{"line":12,"column":6},"end":{"line":12,"column":6}}]},"4":{"line":13,"type":"if","locations":[{"start":{"line":13,"column":8},"end":{"line":13,"column":8}},{"start":{"line":13,"column":8},"end":{"line":13,"column":8}}]},"5":{"line":18,"type":"if","locations":[{"start":{"line":18,"column":6},"end":{"line":18,"column":6}},{"start":{"line":18,"column":6},"end":{"line":18,"column":6}}]},"6":{"line":20,"type":"if","locations":[{"start":{"line":20,"column":8},"end":{"line":20,"column":8}},{"start":{"line":20,"column":8},"end":{"line":20,"column":8}}]},"7":{"line":21,"type":"if","locations":[{"start":{"line":21,"column":10},"end":{"line":21,"column":10}},{"start":{"line":21,"column":10},"end":{"line":21,"column":10}}]},"8":{"line":22,"type":"if","locations":[{"start":{"line":22,"column":12},"end":{"line":22,"column":12}},{"start":{"line":22,"column":12},"end":{"line":22,"column":12}}]},"9":{"line":26,"type":"if","locations":[{"start":{"line":26,"column":10},"end":{"line":26,"column":10}},{"start":{"line":26,"column":10},"end":{"line":26,"column":10}}]},"10":{"line":27,"type":"if","locations":[{"start":{"line":27,"column":12},"end":{"line":27,"column":12}},{"start":{"line":27,"column":12},"end":{"line":27,"column":12}}]},"11":{"line":34,"type":"if","locations":[{"start":{"line":34,"column":4},"end":{"line":34,"column":4}},{"start":{"line":34,"column":4},"end":{"line":34,"column":4}}]},"12":{"line":37,"type":"if","locations":[{"start":{"line":37,"column":4},"end":{"line":37,"column":4}},{"start":{"line":37,"column":4},"end":{"line":37,"column":4}}]},"13":{"line":38,"type":"if","locations":[{"start":{"line":38,"column":6},"end":{"line":38,"column":6}},{"start":{"line":38,"column":6},"end":{"line":38,"column":6}}]},"14":{"line":39,"type":"if","locations":[{"start":{"line":39,"column":8},"end":{"line":39,"column":8}},{"start":{"line":39,"column":8},"end":{"line":39,"column":8}}]},"15":{"line":40,"type":"if","locations":[{"start":{"line":40,"column":10},"end":{"line":40,"column":10}},{"start":{"line":40,"column":10},"end":{"line":40,"column":10}}]},"16":{"line":41,"type":"if","locations":[{"start":{"line":41,"column":12},"end":{"line":41,"column":12}},{"start":{"line":41,"column":12},"end":{"line":41,"column":12}}]},"17":{"line":49,"type":"if","locations":[{"start":{"line":49,"column":8},"end":{"line":49,"column":8}},{"start":{"line":49,"column":8},"end":{"line":49,"column":8}}]}}},"/Users/josecarloszambrana/Desktop/GildedRoseJS2/lib/blanket/blanket.min.js":{"path":"/Users/josecarloszambrana/Desktop/GildedRoseJS2/lib/blanket/blanket.min.js","s":{"1":0,"2":0,"3":0,"4":0,"5":0,"6":0,"7":0,"8":0,"9":0,"10":0,"11":0,"12":0,"13":0,"14":0,"15":0,"16":0,"17":0,"18":0,"19":0,"20":0,"21":0,"22":0,"23":0,"24":0,"25":0,"26":0,"27":0,"28":0,"29":0,"30":0,"31":0,"32":0,"33":0,"34":0,"35":0,"36":0,"37":0,"38":0,"39":0,"40":0,"41":0,"42":0,"43":0,"44":0,"45":0,"46":0,"47":0,"48":0,"49":0,"50":0,"51":0,"52":0,"53":0,"54":0,"55":0,"56":0,"57":0,"58":0,"59":0,"60":0,"61":0,"62":0,"63":0,"64":0,"65":0,"66":0,"67":0,"68":0,"69":0,"70":0,"71":0,"72":0,"73":0,"74":0,"75":0,"76":0,"77":0,"78":0,"79":0,"80":0,"81":0,"82":0,"83":0,"84":0,"85":0,"86":0,"87":0,"88":0,"89":0,"90":0,"91":0,"92":0,"93":0,"94":0,"95":0,"96":0,"97":0,"98":0,"99":0,"100":0,"101":0,"102":0,"103":0,"104":0,"105":0,"106":0,"107":0,"108":0,"109":0,"110":0,"111":0,"112":0,"113":0,"114":0,"115":0,"116":0,"117":0,"118":0,"119":0,"120":0,"121":0,"122":0,"123":0,"124":0,"125":0,"126":0,"127":0,"128":0,"129":0,"130":0,"131":0,"132":0,"133":0,"134":0,"135":0,"136":0,"137":0,"138":0,"139":0,"140":0,"141":0,"142":0,"143":0,"144":0,"145":0,"146":0,"147":0,"148":0,"149":0,"150":0,"151":0,"152":0,"153":0,"154":0,"155":0,"156":0,"157":0,"158":0,"159":0,"160":0,"161":0,"162":0,"163":0,"164":0,"165":0,"166":0,"167":0,"168":0,"169":0,"170":0,"171":0,"172":0,"173":0,"174":0,"175":0,"176":0,"177":0,"178":0,"179":0,"180":0,"181":0,"182":0,"183":0,"184":0,"185":0,"186":0,"187":0,"188":0,"189":0,"190":0,"191":0,"192":0,"193":0,"194":0,"195":0,"196":0,"197":0,"198":0,"199":0,"200":0,"201":0,"202":0,"203":0,"204":0,"205":0,"206":0,"207":0,"208":0,"209":0,"210":0,"211":0,"212":0,"213":0,"214":0,"215":0,"216":0,"217":0,"218":0,"219":0,"220":0,"221":0,"222":0,"223":0,"224":0,"225":0,"226":0,"227":0,"228":0,"229":0,"230":0,"231":0,"232":0,"233":0,"234":0,"235":0,"236":0,"237":0,"238":0,"239":0,"240":0,"241":0,"242":0,"243":0,"244":0,"245":0,"246":0,"247":0,"248":0,"249":0,"250":0,"251":0,"252":0,"253":0,"254":0,"255":0,"256":0,"257":0,"258":0,"259":0,"260":0,"261":0,"262":0,"263":0,"264":0,"265":0,"266":0,"267":0,"268":0,"269":0,"270":0,"271":0,"272":0,"273":0,"274":0,"275":0,"276":0,"277":0,"278":0,"279":0,"280":0,"281":0,"282":0,"283":0,"284":0,"285":0,"286":0,"287":0,"288":0,"289":0,"290":0,"291":0,"292":0,"293":0,"294":0,"295":0,"296":0,"297":0,"298":0,"299":0,"300":0,"301":0,"302":0,"303":0,"304":0,"305":0,"306":0,"307":0,"308":0,"309":0,"310":0,"311":0,"312":0,"313":0,"314":0,"315":0,"316":0,"317":0,"318":0,"319":0,"320":0,"321":0,"322":0,"323":0,"324":0,"325":0,"326":0,"327":0,"328":0,"329":0,"330":0,"331":0,"332":0,"333":0,"334":0,"335":0,"336":0,"337":0,"338":0,"339":0,"340":0,"341":0,"342":0,"343":0,"344":0,"345":0,"346":0,"347":0,"348":0,"349":0,"350":0,"351":0,"352":0,"353":0,"354":0,"355":0,"356":0,"357":0,"358":0,"359":0,"360":0,"361":0,"362":0,"363":0,"364":0,"365":0,"366":0,"367":0,"368":0,"369":0,"370":0,"371":0,"372":0,"373":0,"374":0,"375":0,"376":0,"377":0,"378":0,"379":0,"380":0,"381":0,"382":0,"383":0,"384":0,"385":0,"386":0,"387":0,"388":0,"389":0,"390":0,"391":0,"392":0,"393":0,"394":0,"395":0,"396":0,"397":0,"398":0,"399":0,"400":0,"401":0,"402":0,"403":0,"404":0,"405":0,"406":0,"407":0,"408":0,"409":0,"410":0,"411":0,"412":0,"413":0,"414":0,"415":0,"416":0,"417":0,"418":0,"419":0,"420":0,"421":0,"422":0,"423":0,"424":0,"425":0,"426":0,"427":0,"428":0,"429":0,"430":0,"431":0,"432":0,"433":0,"434":0,"435":0,"436":0,"437":0,"438":0,"439":0,"440":0,"441":0,"442":0,"443":0,"444":0,"445":0,"446":0,"447":0,"448":0,"449":0,"450":0,"451":0,"452":0,"453":0,"454":0,"455":0,"456":0,"457":0,"458":0,"459":0,"460":0,"461":0,"462":0,"463":0,"464":0,"465":0,"466":0,"467":0,"468":0,"469":0,"470":0,"471":0,"472":0,"473":0,"474":0,"475":0,"476":0,"477":0,"478":0,"479":0,"480":0,"481":0,"482":0,"483":0,"484":0,"485":0,"486":0,"487":0,"488":0,"489":0,"490":0,"491":0,"492":0,"493":0,"494":0,"495":0,"496":0,"497":0,"498":0,"499":0,"500":0,"501":0,"502":0,"503":0,"504":0,"505":0,"506":0,"507":0,"508":0,"509":0,"510":0,"511":0,"512":0,"513":0,"514":0,"515":0,"516":0,"517":0,"518":0,"519":0,"520":0,"521":0,"522":0,"523":0,"524":0,"525":0,"526":0,"527":0,"528":0,"529":0,"530":0,"531":0,"532":0,"533":0,"534":0,"535":0,"536":0,"537":0,"538":0,"539":0,"540":0,"541":0,"542":0,"543":0,"544":0,"545":0,"546":0,"547":0,"548":0,"549":0,"550":0,"551":0,"552":0,"553":0,"554":0,"555":0,"556":0,"557":0,"558":0,"559":0,"560":0,"561":0,"562":0,"563":0,"564":0,"565":0,"566":0,"567":0,"568":0,"569":0,"570":0,"571":0,"572":0,"573":0,"574":0,"575":0,"576":0,"577":0,"578":0,"579":0,"580":0,"581":0,"582":0,"583":0,"584":0,"585":0,"586":0,"587":0,"588":0,"589":0,"590":0,"591":0,"592":0,"593":0,"594":0,"595":0,"596":0,"597":0,"598":0,"599":0,"600":0,"601":0,"602":0,"603":0,"604":0,"605":0,"606":0,"607":0,"608":0,"609":0,"610":0,"611":0,"612":0,"613":0,"614":0,"615":0,"616":0,"617":0,"618":0,"619":0,"620":0,"621":0,"622":0,"623":0,"624":0,"625":0,"626":0,"627":0,"628":0,"629":0,"630":0,"631":0,"632":0,"633":0,"634":0,"635":0,"636":0,"637":0,"638":0,"639":0,"640":0,"641":0,"642":0,"643":0,"644":0,"645":0,"646":0,"647":0,"648":0,"649":0,"650":0,"651":0,"652":0,"653":0,"654":0,"655":0,"656":0,"657":0,"658":0,"659":0,"660":0,"661":0,"662":0,"663":0,"664":0,"665":0,"666":0,"667":0,"668":0,"669":0,"670":0,"671":0,"672":0,"673":0,"674":0,"675":0,"676":0,"677":0,"678":0,"679":0,"680":0,"681":0,"682":0,"683":0,"684":0,"685":0,"686":0,"687":0,"688":0,"689":0,"690":0,"691":0,"692":0,"693":0,"694":0,"695":0,"696":0,"697":0,"698":0,"699":0,"700":0,"701":0,"702":0,"703":0,"704":0,"705":0,"706":0,"707":0,"708":0,"709":0,"710":0,"711":0,"712":0,"713":0,"714":0,"715":0,"716":0,"717":0,"718":0,"719":0,"720":0,"721":0,"722":0,"723":0,"724":0,"725":0,"726":0,"727":0,"728":0,"729":0,"730":0,"731":0,"732":0,"733":0,"734":0,"735":0,"736":0,"737":0,"738":0,"739":0,"740":0,"741":0,"742":0,"743":0,"744":0,"745":0,"746":0,"747":0,"748":0,"749":0,"750":0,"751":0,"752":0,"753":0,"754":0,"755":0,"756":0,"757":0,"758":0,"759":0,"760":0,"761":0,"762":0,"763":0,"764":0,"765":0,"766":0,"767":0,"768":0,"769":0,"770":0,"771":0,"772":0,"773":0,"774":0,"775":0,"776":0,"777":0,"778":0,"779":0,"780":0,"781":0,"782":0,"783":0,"784":0,"785":0,"786":0,"787":0,"788":0,"789":0,"790":0,"791":0,"792":0,"793":0,"794":0,"795":0,"796":0,"797":0,"798":0,"799":0,"800":0,"801":0,"802":0,"803":0,"804":0,"805":0,"806":0,"807":0,"808":0,"809":0,"810":0,"811":0,"812":0,"813":0,"814":0,"815":0,"816":0,"817":0,"818":0,"819":0,"820":0,"821":0,"822":0,"823":0,"824":0,"825":0,"826":0,"827":0,"828":0,"829":0,"830":0,"831":0,"832":0,"833":0,"834":0,"835":0,"836":0,"837":0,"838":0,"839":0,"840":0,"841":0,"842":0,"843":0,"844":0,"845":0,"846":0,"847":0,"848":0,"849":0,"850":0,"851":0,"852":0,"853":0,"854":0,"855":0,"856":0,"857":0,"858":0,"859":0,"860":0,"861":0,"862":0,"863":0,"864":0,"865":0,"866":0,"867":0,"868":0,"869":0,"870":0,"871":0,"872":0,"873":0,"874":0,"875":0,"876":0,"877":0,"878":0,"879":0,"880":0,"881":0,"882":0,"883":0,"884":0,"885":0,"886":0,"887":0,"888":0,"889":0,"890":0,"891":0,"892":0,"893":0,"894":0,"895":0,"896":0,"897":0,"898":0,"899":0,"900":0,"901":0,"902":0,"903":0,"904":0,"905":0,"906":0,"907":0,"908":0,"909":0,"910":0,"911":0,"912":0,"913":0,"914":0,"915":0,"916":0,"917":0,"918":0,"919":0,"920":0,"921":0,"922":0,"923":0,"924":0,"925":0,"926":0,"927":0,"928":0,"929":0,"930":0,"931":0,"932":0,"933":0,"934":0,"935":0,"936":0,"937":0,"938":0,"939":0,"940":0,"941":0,"942":0,"943":0,"944":0,"945":0,"946":0,"947":0,"948":0,"949":0,"950":0,"951":0,"952":0,"953":0,"954":0,"955":0,"956":0,"957":0,"958":0,"959":0,"960":0,"961":0,"962":0,"963":0,"964":0,"965":0,"966":0,"967":0,"968":0,"969":0,"970":0,"971":0,"972":0,"973":0,"974":0,"975":0,"976":0,"977":0,"978":0,"979":0,"980":0,"981":0,"982":0,"983":0,"984":0,"985":0,"986":0,"987":0,"988":0,"989":0,"990":0,"991":0,"992":0,"993":0,"994":0,"995":0,"996":0,"997":0,"998":0,"999":0,"1000":0,"1001":0,"1002":0,"1003":0,"1004":0,"1005":0,"1006":0,"1007":0,"1008":0,"1009":0,"1010":0,"1011":0,"1012":0,"1013":0,"1014":0,"1015":0,"1016":0,"1017":0,"1018":0,"1019":0,"1020":0,"1021":0,"1022":0,"1023":0,"1024":0,"1025":0,"1026":0,"1027":0,"1028":0},"b":{"1":[0,0],"2":[0,0],"3":[0,0],"4":[0,0],"5":[0,0],"6":[0,0],"7":[0,0,0,0,0,0,0],"8":[0,0,0,0],"9":[0,0,0,0,0,0,0,0,0],"10":[0,0,0,0,0,0,0,0,0,0,0],"11":[0,0,0,0,0,0,0],"12":[0,0,0,0,0,0,0,0,0,0],"13":[0,0],"14":[0,0],"15":[0,0],"16":[0,0,0,0,0,0,0,0,0],"17":[0,0,0],"18":[0,0,0,0,0],"19":[0,0,0,0,0,0],"20":[0,0,0,0,0,0,0,0],"21":[0,0,0,0,0,0],"22":[0,0,0],"23":[0,0,0],"24":[0,0],"25":[0,0],"26":[0,0],"27":[0,0],"28":[0,0],"29":[0,0],"30":[0,0,0],"31":[0,0],"32":[0,0],"33":[0,0,0],"34":[0,0],"35":[0,0],"36":[0,0],"37":[0,0],"38":[0,0],"39":[0,0],"40":[0,0,0],"41":[0,0],"42":[0,0],"43":[0,0],"44":[0,0],"45":[0,0],"46":[0,0],"47":[0,0],"48":[0,0],"49":[0,0],"50":[0,0],"51":[0,0],"52":[0,0],"53":[0,0],"54":[0,0],"55":[0,0,0,0],"56":[0,0],"57":[0,0],"58":[0,0],"59":[0,0],"60":[0,0],"61":[0,0],"62":[0,0],"63":[0,0],"64":[0,0,0,0,0,0,0,0,0,0,0,0,0],"65":[0,0],"66":[0,0],"67":[0,0],"68":[0,0],"69":[0,0,0,0,0,0,0,0,0,0,0,0],"70":[0,0],"71":[0,0],"72":[0,0],"73":[0,0,0],"74":[0,0],"75":[0,0,0],"76":[0,0],"77":[0,0],"78":[0,0],"79":[0,0],"80":[0,0],"81":[0,0,0],"82":[0,0],"83":[0,0],"84":[0,0],"85":[0,0],"86":[0,0],"87":[0,0],"88":[0,0],"89":[0,0],"90":[0,0],"91":[0,0],"92":[0,0],"93":[0,0],"94":[0,0],"95":[0,0],"96":[0,0,0],"97":[0,0],"98":[0,0],"99":[0,0],"100":[0,0],"101":[0,0],"102":[0,0,0],"103":[0,0,0,0,0,0,0,0,0],"104":[0,0],"105":[0,0],"106":[0,0],"107":[0,0,0],"108":[0,0,0,0],"109":[0,0],"110":[0,0],"111":[0,0],"112":[0,0],"113":[0,0],"114":[0,0],"115":[0,0],"116":[0,0],"117":[0,0],"118":[0,0],"119":[0,0],"120":[0,0],"121":[0,0],"122":[0,0],"123":[0,0],"124":[0,0],"125":[0,0],"126":[0,0],"127":[0,0,0,0,0],"128":[0,0,0,0],"129":[0,0],"130":[0,0],"131":[0,0],"132":[0,0],"133":[0,0],"134":[0,0,0,0,0,0],"135":[0,0],"136":[0,0],"137":[0,0],"138":[0,0],"139":[0,0],"140":[0,0],"141":[0,0],"142":[0,0],"143":[0,0],"144":[0,0],"145":[0,0],"146":[0,0],"147":[0,0],"148":[0,0,0],"149":[0,0],"150":[0,0],"151":[0,0],"152":[0,0],"153":[0,0],"154":[0,0],"155":[0,0],"156":[0,0],"157":[0,0],"158":[0,0],"159":[0,0],"160":[0,0],"161":[0,0],"162":[0,0],"163":[0,0],"164":[0,0],"165":[0,0],"166":[0,0],"167":[0,0],"168":[0,0],"169":[0,0,0],"170":[0,0,0],"171":[0,0],"172":[0,0],"173":[0,0],"174":[0,0,0,0,0,0,0,0,0,0,0,0],"175":[0,0],"176":[0,0],"177":[0,0],"178":[0,0,0],"179":[0,0],"180":[0,0],"181":[0,0],"182":[0,0,0,0],"183":[0,0],"184":[0,0],"185":[0,0,0],"186":[0,0],"187":[0,0],"188":[0,0],"189":[0,0],"190":[0,0],"191":[0,0],"192":[0,0],"193":[0,0],"194":[0,0],"195":[0,0],"196":[0,0],"197":[0,0],"198":[0,0],"199":[0,0],"200":[0,0],"201":[0,0],"202":[0,0],"203":[0,0],"204":[0,0],"205":[0,0],"206":[0,0],"207":[0,0],"208":[0,0],"209":[0,0],"210":[0,0],"211":[0,0,0],"212":[0,0],"213":[0,0],"214":[0,0],"215":[0,0],"216":[0,0],"217":[0,0],"218":[0,0],"219":[0,0],"220":[0,0],"221":[0,0],"222":[0,0],"223":[0,0],"224":[0,0],"225":[0,0],"226":[0,0],"227":[0,0],"228":[0,0],"229":[0,0,0,0,0],"230":[0,0,0,0],"231":[0,0],"232":[0,0],"233":[0,0],"234":[0,0],"235":[0,0],"236":[0,0,0,0],"237":[0,0],"238":[0,0],"239":[0,0,0,0],"240":[0,0],"241":[0,0,0],"242":[0,0,0,0],"243":[0,0],"244":[0,0],"245":[0,0,0,0,0,0,0,0,0,0,0,0,0,0,0,0,0,0,0,0,0,0,0],"246":[0,0],"247":[0,0],"248":[0,0],"249":[0,0],"250":[0,0],"251":[0,0],"252":[0,0,0,0],"253":[0,0],"254":[0,0],"255":[0,0,0],"256":[0,0],"257":[0,0,0],"258":[0,0],"259":[0,0],"260":[0,0],"261":[0,0],"262":[0,0],"263":[0,0],"264":[0,0],"265":[0,0],"266":[0,0,0],"267":[0,0],"268":[0,0],"269":[0,0],"270":[0,0],"271":[0,0],"272":[0,0],"273":[0,0],"274":[0,0],"275":[0,0],"276":[0,0],"277":[0,0],"278":[0,0],"279":[0,0],"280":[0,0,0],"281":[0,0],"282":[0,0,0],"283":[0,0],"284":[0,0,0],"285":[0,0],"286":[0,0],"287":[0,0,0,0],"288":[0,0],"289":[0,0],"290":[0,0],"291":[0,0],"292":[0,0,0,0],"293":[0,0],"294":[0,0],"295":[0,0,0],"296":[0,0],"297":[0,0],"298":[0,0],"299":[0,0],"300":[0,0],"301":[0,0],"302":[0,0,0],"303":[0,0],"304":[0,0],"305":[0,0,0],"306":[0,0],"307":[0,0],"308":[0,0],"309":[0,0],"310":[0,0],"311":[0,0],"312":[0,0,0,0,0,0,0,0,0,0,0,0,0,0],"313":[0,0],"314":[0,0],"315":[0,0],"316":[0,0,0],"317":[0,0],"318":[0,0],"319":[0,0,0],"320":[0,0,0],"321":[0,0],"322":[0,0],"323":[0,0],"324":[0,0],"325":[0,0],"326":[0,0],"327":[0,0],"328":[0,0],"329":[0,0],"330":[0,0],"331":[0,0],"332":[0,0],"333":[0,0],"334":[0,0],"335":[0,0,0],"336":[0,0,0],"337":[0,0],"338":[0,0],"339":[0,0],"340":[0,0],"341":[0,0],"342":[0,0],"343":[0,0,0],"344":[0,0,0],"345":[0,0],"346":[0,0,0,0],"347":[0,0],"348":[0,0,0],"349":[0,0],"350":[0,0],"351":[0,0,0],"352":[0,0],"353":[0,0],"354":[0,0],"355":[0,0,0],"356":[0,0],"357":[0,0],"358":[0,0],"359":[0,0],"360":[0,0,0],"361":[0,0,0],"362":[0,0],"363":[0,0],"364":[0,0],"365":[0,0],"366":[0,0,0],"367":[0,0],"368":[0,0],"369":[0,0],"370":[0,0],"371":[0,0],"372":[0,0,0,0],"373":[0,0,0],"374":[0,0,0],"375":[0,0,0],"376":[0,0],"377":[0,0],"378":[0,0],"379":[0,0],"380":[0,0],"381":[0,0],"382":[0,0],"383":[0,0],"384":[0,0,0],"385":[0,0,0],"386":[0,0],"387":[0,0],"388":[0,0],"389":[0,0],"390":[0,0],"391":[0,0],"392":[0,0],"393":[0,0],"394":[0,0],"395":[0,0],"396":[0,0],"397":[0,0],"398":[0,0],"399":[0,0],"400":[0,0],"401":[0,0],"402":[0,0],"403":[0,0],"404":[0,0],"405":[0,0],"406":[0,0],"407":[0,0],"408":[0,0],"409":[0,0],"410":[0,0],"411":[0,0],"412":[0,0,0],"413":[0,0,0],"414":[0,0],"415":[0,0],"416":[0,0],"417":[0,0,0],"418":[0,0],"419":[0,0],"420":[0,0],"421":[0,0],"422":[0,0],"423":[0,0],"424":[0,0],"425":[0,0],"426":[0,0],"427":[0,0],"428":[0,0],"429":[0,0,0],"430":[0,0],"431":[0,0],"432":[0,0],"433":[0,0,0],"434":[0,0],"435":[0,0],"436":[0,0],"437":[0,0],"438":[0,0],"439":[0,0],"440":[0,0],"441":[0,0,0],"442":[0,0,0],"443":[0,0],"444":[0,0],"445":[0,0],"446":[0,0,0],"447":[0,0],"448":[0,0],"449":[0,0,0],"450":[0,0],"451":[0,0],"452":[0,0,0],"453":[0,0],"454":[0,0,0],"455":[0,0],"456":[0,0,0,0,0,0],"457":[0,0],"458":[0,0,0,0,0,0],"459":[0,0],"460":[0,0],"461":[0,0],"462":[0,0],"463":[0,0],"464":[0,0],"465":[0,0],"466":[0,0],"467":[0,0],"468":[0,0],"469":[0,0],"470":[0,0],"471":[0,0],"472":[0,0],"473":[0,0],"474":[0,0],"475":[0,0],"476":[0,0],"477":[0,0],"478":[0,0],"479":[0,0],"480":[0,0],"481":[0,0],"482":[0,0],"483":[0,0],"484":[0,0],"485":[0,0],"486":[0,0],"487":[0,0],"488":[0,0],"489":[0,0],"490":[0,0],"491":[0,0],"492":[0,0],"493":[0,0],"494":[0,0],"495":[0,0],"496":[0,0],"497":[0,0],"498":[0,0],"499":[0,0],"500":[0,0],"501":[0,0],"502":[0,0],"503":[0,0],"504":[0,0],"505":[0,0],"506":[0,0],"507":[0,0],"508":[0,0],"509":[0,0],"510":[0,0],"511":[0,0,0],"512":[0,0],"513":[0,0],"514":[0,0],"515":[0,0],"516":[0,0],"517":[0,0],"518":[0,0],"519":[0,0],"520":[0,0],"521":[0,0],"522":[0,0],"523":[0,0],"524":[0,0],"525":[0,0,0],"526":[0,0],"527":[0,0],"528":[0,0],"529":[0,0,0],"530":[0,0],"531":[0,0],"532":[0,0],"533":[0,0],"534":[0,0],"535":[0,0],"536":[0,0],"537":[0,0],"538":[0,0],"539":[0,0],"540":[0,0],"541":[0,0],"542":[0,0],"543":[0,0],"544":[0,0,0,0,0],"545":[0,0],"546":[0,0],"547":[0,0],"548":[0,0],"549":[0,0],"550":[0,0],"551":[0,0],"552":[0,0],"553":[0,0],"554":[0,0],"555":[0,0],"556":[0,0],"557":[0,0],"558":[0,0],"559":[0,0],"560":[0,0],"561":[0,0],"562":[0,0],"563":[0,0],"564":[0,0],"565":[0,0],"566":[0,0],"567":[0,0],"568":[0,0],"569":[0,0],"570":[0,0],"571":[0,0],"572":[0,0],"573":[0,0],"574":[0,0],"575":[0,0],"576":[0,0],"577":[0,0],"578":[0,0],"579":[0,0],"580":[0,0],"581":[0,0],"582":[0,0],"583":[0,0],"584":[0,0],"585":[0,0,0,0],"586":[0,0],"587":[0,0],"588":[0,0],"589":[0,0],"590":[0,0],"591":[0,0],"592":[0,0],"593":[0,0],"594":[0,0],"595":[0,0],"596":[0,0],"597":[0,0],"598":[0,0],"599":[0,0],"600":[0,0],"601":[0,0],"602":[0,0],"603":[0,0],"604":[0,0],"605":[0,0],"606":[0,0],"607":[0,0],"608":[0,0],"609":[0,0],"610":[0,0],"611":[0,0],"612":[0,0],"613":[0,0],"614":[0,0],"615":[0,0],"616":[0,0],"617":[0,0],"618":[0,0],"619":[0,0],"620":[0,0],"621":[0,0],"622":[0,0,0,0],"623":[0,0],"624":[0,0],"625":[0,0,0],"626":[0,0],"627":[0,0],"628":[0,0],"629":[0,0],"630":[0,0],"631":[0,0,0],"632":[0,0],"633":[0,0,0]},"f":{"1":0,"2":0,"3":0,"4":0,"5":0,"6":0,"7":0,"8":0,"9":0,"10":0,"11":0,"12":0,"13":0,"14":0,"15":0,"16":0,"17":0,"18":0,"19":0,"20":0,"21":0,"22":0,"23":0,"24":0,"25":0,"26":0,"27":0,"28":0,"29":0,"30":0,"31":0,"32":0,"33":0,"34":0,"35":0,"36":0,"37":0,"38":0,"39":0,"40":0,"41":0,"42":0,"43":0,"44":0,"45":0,"46":0,"47":0,"48":0,"49":0,"50":0,"51":0,"52":0,"53":0,"54":0,"55":0,"56":0,"57":0,"58":0,"59":0,"60":0,"61":0,"62":0,"63":0,"64":0,"65":0,"66":0,"67":0,"68":0,"69":0,"70":0,"71":0,"72":0,"73":0,"74":0,"75":0,"76":0,"77":0,"78":0,"79":0,"80":0,"81":0,"82":0,"83":0,"84":0,"85":0,"86":0,"87":0,"88":0,"89":0,"90":0,"91":0,"92":0,"93":0,"94":0,"95":0,"96":0,"97":0,"98":0,"99":0,"100":0,"101":0,"102":0,"103":0,"104":0,"105":0,"106":0,"107":0,"108":0,"109":0,"110":0,"111":0,"112":0,"113":0,"114":0,"115":0,"116":0,"117":0,"118":0,"119":0,"120":0,"121":0,"122":0,"123":0,"124":0,"125":0,"126":0,"127":0,"128":0,"129":0,"130":0,"131":0,"132":0,"133":0,"134":0,"135":0,"136":0,"137":0,"138":0,"139":0,"140":0,"141":0,"142":0,"143":0,"144":0,"145":0,"146":0,"147":0,"148":0,"149":0,"150":0,"151":0,"152":0,"153":0,"154":0,"155":0,"156":0,"157":0,"158":0,"159":0,"160":0,"161":0,"162":0,"163":0,"164":0,"165":0,"166":0,"167":0,"168":0,"169":0,"170":0,"171":0,"172":0,"173":0,"174":0,"175":0,"176":0,"177":0,"178":0,"179":0,"180":0,"181":0,"182":0,"183":0,"184":0,"185":0,"186":0,"187":0,"188":0,"189":0,"190":0,"191":0,"192":0,"193":0,"194":0,"195":0,"196":0,"197":0,"198":0,"199":0,"200":0,"201":0,"202":0,"203":0,"204":0,"205":0,"206":0,"207":0,"208":0,"209":0,"210":0,"211":0,"212":0,"213":0,"214":0,"215":0,"216":0,"217":0,"218":0,"219":0,"220":0,"221":0,"222":0,"223":0,"224":0,"225":0,"226":0,"227":0,"228":0,"229":0,"230":0,"231":0,"232":0,"233":0,"234":0,"235":0,"236":0,"237":0,"238":0,"239":0,"240":0,"241":0,"242":0,"243":0,"244":0,"245":0,"246":0,"247":0,"248":0,"249":0,"250":0,"251":0,"252":0,"253":0,"254":0,"255":0,"256":0,"257":0,"258":0,"259":0,"260":0,"261":0,"262":0,"263":0,"264":0,"265":0,"266":0,"267":0,"268":0,"269":0,"270":0,"271":0,"272":0,"273":0,"274":0,"275":0,"276":0,"277":0,"278":0,"279":0,"280":0,"281":0,"282":0},"fnMap":{"1":{"name":"(anonymous_1)","line":2,"loc":{"start":{"line":2,"column":55},"end":{"line":2,"column":66}}},"2":{"name":"(anonymous_2)","line":34,"loc":{"start":{"line":34,"column":1},"end":{"line":34,"column":14}}},"3":{"name":"(anonymous_3)","line":34,"loc":{"start":{"line":34,"column":131},"end":{"line":34,"column":142}}},"4":{"name":"b","line":34,"loc":{"start":{"line":34,"column":156},"end":{"line":34,"column":171}}},"5":{"name":"c","line":34,"loc":{"start":{"line":34,"column":208},"end":{"line":34,"column":221}}},"6":{"name":"d","line":34,"loc":{"start":{"line":34,"column":242},"end":{"line":34,"column":255}}},"7":{"name":"e","line":34,"loc":{"start":{"line":34,"column":301},"end":{"line":34,"column":314}}},"8":{"name":"f","line":34,"loc":{"start":{"line":34,"column":346},"end":{"line":34,"column":359}}},"9":{"name":"g","line":34,"loc":{"start":{"line":34,"column":519},"end":{"line":34,"column":532}}},"10":{"name":"h","line":34,"loc":{"start":{"line":34,"column":575},"end":{"line":34,"column":588}}},"11":{"name":"i","line":34,"loc":{"start":{"line":34,"column":713},"end":{"line":34,"column":726}}},"12":{"name":"j","line":34,"loc":{"start":{"line":34,"column":864},"end":{"line":34,"column":877}}},"13":{"name":"k","line":34,"loc":{"start":{"line":34,"column":990},"end":{"line":34,"column":1003}}},"14":{"name":"l","line":34,"loc":{"start":{"line":34,"column":1166},"end":{"line":34,"column":1179}}},"15":{"name":"m","line":34,"loc":{"start":{"line":34,"column":1214},"end":{"line":34,"column":1227}}},"16":{"name":"n","line":34,"loc":{"start":{"line":34,"column":1837},"end":{"line":34,"column":1858}}},"17":{"name":"o","line":34,"loc":{"start":{"line":34,"column":2128},"end":{"line":34,"column":2141}}},"18":{"name":"p","line":34,"loc":{"start":{"line":34,"column":2471},"end":{"line":34,"column":2483}}},"19":{"name":"q","line":34,"loc":{"start":{"line":34,"column":2890},"end":{"line":34,"column":2902}}},"20":{"name":"r","line":34,"loc":{"start":{"line":34,"column":3311},"end":{"line":34,"column":3324}}},"21":{"name":"s","line":34,"loc":{"start":{"line":34,"column":3494},"end":{"line":34,"column":3506}}},"22":{"name":"t","line":34,"loc":{"start":{"line":34,"column":3979},"end":{"line":34,"column":3991}}},"23":{"name":"u","line":34,"loc":{"start":{"line":34,"column":4107},"end":{"line":34,"column":4119}}},"24":{"name":"v","line":34,"loc":{"start":{"line":34,"column":4361},"end":{"line":34,"column":4373}}},"25":{"name":"w","line":34,"loc":{"start":{"line":34,"column":5668},"end":{"line":34,"column":5681}}},"26":{"name":"x","line":34,"loc":{"start":{"line":34,"column":5931},"end":{"line":34,"column":5944}}},"27":{"name":"y","line":34,"loc":{"start":{"line":34,"column":6181},"end":{"line":34,"column":6193}}},"28":{"name":"z","line":34,"loc":{"start":{"line":34,"column":6287},"end":{"line":34,"column":6299}}},"29":{"name":"A","line":34,"loc":{"start":{"line":34,"column":6982},"end":{"line":34,"column":6994}}},"30":{"name":"B","line":34,"loc":{"start":{"line":34,"column":7873},"end":{"line":34,"column":7888}}},"31":{"name":"C","line":34,"loc":{"start":{"line":34,"column":7958},"end":{"line":34,"column":7970}}},"32":{"name":"D","line":34,"loc":{"start":{"line":34,"column":8390},"end":{"line":34,"column":8402}}},"33":{"name":"E","line":34,"loc":{"start":{"line":34,"column":8720},"end":{"line":34,"column":8732}}},"34":{"name":"F","line":34,"loc":{"start":{"line":34,"column":8945},"end":{"line":34,"column":8957}}},"35":{"name":"G","line":34,"loc":{"start":{"line":34,"column":9291},"end":{"line":34,"column":9304}}},"36":{"name":"H","line":34,"loc":{"start":{"line":34,"column":9409},"end":{"line":34,"column":9421}}},"37":{"name":"I","line":34,"loc":{"start":{"line":34,"column":10093},"end":{"line":34,"column":10105}}},"38":{"name":"J","line":34,"loc":{"start":{"line":34,"column":10339},"end":{"line":34,"column":10351}}},"39":{"name":"K","line":34,"loc":{"start":{"line":34,"column":10558},"end":{"line":34,"column":10570}}},"40":{"name":"L","line":34,"loc":{"start":{"line":34,"column":10712},"end":{"line":34,"column":10724}}},"41":{"name":"M","line":34,"loc":{"start":{"line":34,"column":10806},"end":{"line":34,"column":10821}}},"42":{"name":"N","line":34,"loc":{"start":{"line":34,"column":10848},"end":{"line":34,"column":10867}}},"43":{"name":"O","line":34,"loc":{"start":{"line":34,"column":10910},"end":{"line":34,"column":10922}}},"44":{"name":"P","line":34,"loc":{"start":{"line":34,"column":10987},"end":{"line":34,"column":11002}}},"45":{"name":"(anonymous_45)","line":34,"loc":{"start":{"line":34,"column":11072},"end":{"line":34,"column":11085}}},"46":{"name":"Q","line":34,"loc":{"start":{"line":34,"column":11388},"end":{"line":34,"column":11400}}},"47":{"name":"R","line":34,"loc":{"start":{"line":34,"column":11479},"end":{"line":34,"column":11492}}},"48":{"name":"S","line":34,"loc":{"start":{"line":34,"column":11881},"end":{"line":34,"column":11894}}},"49":{"name":"T","line":34,"loc":{"start":{"line":34,"column":11949},"end":{"line":34,"column":11962}}},"50":{"name":"U","line":34,"loc":{"start":{"line":34,"column":12014},"end":{"line":34,"column":12027}}},"51":{"name":"V","line":34,"loc":{"start":{"line":34,"column":12073},"end":{"line":34,"column":12086}}},"52":{"name":"W","line":34,"loc":{"start":{"line":34,"column":12129},"end":{"line":34,"column":12141}}},"53":{"name":"X","line":34,"loc":{"start":{"line":34,"column":12317},"end":{"line":34,"column":12329}}},"54":{"name":"Y","line":34,"loc":{"start":{"line":34,"column":12487},"end":{"line":34,"column":12500}}},"55":{"name":"Z","line":34,"loc":{"start":{"line":34,"column":12561},"end":{"line":34,"column":12573}}},"56":{"name":"$","line":34,"loc":{"start":{"line":34,"column":12719},"end":{"line":34,"column":12734}}},"57":{"name":"_","line":34,"loc":{"start":{"line":34,"column":12874},"end":{"line":34,"column":12886}}},"58":{"name":"aa","line":34,"loc":{"start":{"line":34,"column":13086},"end":{"line":34,"column":13099}}},"59":{"name":"ba","line":34,"loc":{"start":{"line":34,"column":13623},"end":{"line":34,"column":13636}}},"60":{"name":"ca","line":34,"loc":{"start":{"line":34,"column":14142},"end":{"line":34,"column":14155}}},"61":{"name":"da","line":34,"loc":{"start":{"line":34,"column":14192},"end":{"line":34,"column":14205}}},"62":{"name":"ea","line":34,"loc":{"start":{"line":34,"column":14828},"end":{"line":34,"column":14841}}},"63":{"name":"fa","line":34,"loc":{"start":{"line":34,"column":14928},"end":{"line":34,"column":14941}}},"64":{"name":"ga","line":34,"loc":{"start":{"line":34,"column":15022},"end":{"line":34,"column":15035}}},"65":{"name":"ha","line":34,"loc":{"start":{"line":34,"column":15055},"end":{"line":34,"column":15068}}},"66":{"name":"ia","line":34,"loc":{"start":{"line":34,"column":15105},"end":{"line":34,"column":15118}}},"67":{"name":"ja","line":34,"loc":{"start":{"line":34,"column":15216},"end":{"line":34,"column":15229}}},"68":{"name":"ka","line":34,"loc":{"start":{"line":34,"column":15513},"end":{"line":34,"column":15526}}},"69":{"name":"la","line":34,"loc":{"start":{"line":34,"column":15773},"end":{"line":34,"column":15786}}},"70":{"name":"ma","line":34,"loc":{"start":{"line":34,"column":16033},"end":{"line":34,"column":16046}}},"71":{"name":"na","line":34,"loc":{"start":{"line":34,"column":16622},"end":{"line":34,"column":16638}}},"72":{"name":"oa","line":34,"loc":{"start":{"line":34,"column":17045},"end":{"line":34,"column":17058}}},"73":{"name":"pa","line":34,"loc":{"start":{"line":34,"column":17548},"end":{"line":34,"column":17561}}},"74":{"name":"qa","line":34,"loc":{"start":{"line":34,"column":17728},"end":{"line":34,"column":17741}}},"75":{"name":"ra","line":34,"loc":{"start":{"line":34,"column":17968},"end":{"line":34,"column":17981}}},"76":{"name":"sa","line":34,"loc":{"start":{"line":34,"column":18119},"end":{"line":34,"column":18132}}},"77":{"name":"ta","line":34,"loc":{"start":{"line":34,"column":18215},"end":{"line":34,"column":18228}}},"78":{"name":"ua","line":34,"loc":{"start":{"line":34,"column":18311},"end":{"line":34,"column":18324}}},"79":{"name":"va","line":34,"loc":{"start":{"line":34,"column":18423},"end":{"line":34,"column":18437}}},"80":{"name":"wa","line":34,"loc":{"start":{"line":34,"column":18606},"end":{"line":34,"column":18620}}},"81":{"name":"xa","line":34,"loc":{"start":{"line":34,"column":18690},"end":{"line":34,"column":18703}}},"82":{"name":"ya","line":34,"loc":{"start":{"line":34,"column":18775},"end":{"line":34,"column":18789}}},"83":{"name":"za","line":34,"loc":{"start":{"line":34,"column":18875},"end":{"line":34,"column":18888}}},"84":{"name":"Aa","line":34,"loc":{"start":{"line":34,"column":18929},"end":{"line":34,"column":18942}}},"85":{"name":"Ba","line":34,"loc":{"start":{"line":34,"column":18997},"end":{"line":34,"column":19010}}},"86":{"name":"Ca","line":34,"loc":{"start":{"line":34,"column":19122},"end":{"line":34,"column":19135}}},"87":{"name":"Da","line":34,"loc":{"start":{"line":34,"column":19295},"end":{"line":34,"column":19308}}},"88":{"name":"Ea","line":34,"loc":{"start":{"line":34,"column":19446},"end":{"line":34,"column":19459}}},"89":{"name":"Fa","line":34,"loc":{"start":{"line":34,"column":19549},"end":{"line":34,"column":19562}}},"90":{"name":"Ga","line":34,"loc":{"start":{"line":34,"column":20104},"end":{"line":34,"column":20117}}},"91":{"name":"Ha","line":34,"loc":{"start":{"line":34,"column":20551},"end":{"line":34,"column":20564}}},"92":{"name":"Ia","line":34,"loc":{"start":{"line":34,"column":21016},"end":{"line":34,"column":21029}}},"93":{"name":"Ja","line":34,"loc":{"start":{"line":34,"column":21302},"end":{"line":34,"column":21315}}},"94":{"name":"Ka","line":34,"loc":{"start":{"line":34,"column":21431},"end":{"line":34,"column":21444}}},"95":{"name":"La","line":34,"loc":{"start":{"line":34,"column":21627},"end":{"line":34,"column":21640}}},"96":{"name":"Ma","line":34,"loc":{"start":{"line":34,"column":21939},"end":{"line":34,"column":21952}}},"97":{"name":"Na","line":34,"loc":{"start":{"line":34,"column":22047},"end":{"line":34,"column":22060}}},"98":{"name":"Oa","line":34,"loc":{"start":{"line":34,"column":22220},"end":{"line":34,"column":22233}}},"99":{"name":"Pa","line":34,"loc":{"start":{"line":34,"column":22402},"end":{"line":34,"column":22415}}},"100":{"name":"Qa","line":34,"loc":{"start":{"line":34,"column":22470},"end":{"line":34,"column":22483}}},"101":{"name":"Ra","line":34,"loc":{"start":{"line":34,"column":23548},"end":{"line":34,"column":23561}}},"102":{"name":"Sa","line":34,"loc":{"start":{"line":34,"column":24116},"end":{"line":34,"column":24130}}},"103":{"name":"Ta","line":34,"loc":{"start":{"line":34,"column":24580},"end":{"line":34,"column":24593}}},"104":{"name":"Ua","line":34,"loc":{"start":{"line":34,"column":24959},"end":{"line":34,"column":24972}}},"105":{"name":"Va","line":34,"loc":{"start":{"line":34,"column":25352},"end":{"line":34,"column":25365}}},"106":{"name":"Wa","line":34,"loc":{"start":{"line":34,"column":25532},"end":{"line":34,"column":25545}}},"107":{"name":"Xa","line":34,"loc":{"start":{"line":34,"column":25826},"end":{"line":34,"column":25839}}},"108":{"name":"Ya","line":34,"loc":{"start":{"line":34,"column":25915},"end":{"line":34,"column":25928}}},"109":{"name":"Za","line":34,"loc":{"start":{"line":34,"column":26092},"end":{"line":34,"column":26108}}},"110":{"name":"$a","line":34,"loc":{"start":{"line":34,"column":26934},"end":{"line":34,"column":26950}}},"111":{"name":"(anonymous_111)","line":35,"loc":{"start":{"line":35,"column":9420},"end":{"line":35,"column":9431}}},"112":{"name":"(anonymous_112)","line":35,"loc":{"start":{"line":35,"column":10478},"end":{"line":35,"column":10491}}},"113":{"name":"(anonymous_113)","line":35,"loc":{"start":{"line":35,"column":10763},"end":{"line":35,"column":10774}}},"114":{"name":"(anonymous_114)","line":35,"loc":{"start":{"line":35,"column":10843},"end":{"line":35,"column":10854}}},"115":{"name":"(anonymous_115)","line":35,"loc":{"start":{"line":35,"column":10926},"end":{"line":35,"column":10941}}},"116":{"name":"(anonymous_116)","line":35,"loc":{"start":{"line":35,"column":11029},"end":{"line":35,"column":11044}}},"117":{"name":"(anonymous_117)","line":35,"loc":{"start":{"line":35,"column":11174},"end":{"line":35,"column":11185}}},"118":{"name":"(anonymous_118)","line":35,"loc":{"start":{"line":35,"column":11246},"end":{"line":35,"column":11257}}},"119":{"name":"(anonymous_119)","line":35,"loc":{"start":{"line":35,"column":11319},"end":{"line":35,"column":11332}}},"120":{"name":"(anonymous_120)","line":35,"loc":{"start":{"line":35,"column":11404},"end":{"line":35,"column":11417}}},"121":{"name":"(anonymous_121)","line":35,"loc":{"start":{"line":35,"column":11490},"end":{"line":35,"column":11505}}},"122":{"name":"(anonymous_122)","line":35,"loc":{"start":{"line":35,"column":11601},"end":{"line":35,"column":11612}}},"123":{"name":"(anonymous_123)","line":35,"loc":{"start":{"line":35,"column":11680},"end":{"line":35,"column":11690}}},"124":{"name":"(anonymous_124)","line":35,"loc":{"start":{"line":35,"column":11749},"end":{"line":35,"column":11762}}},"125":{"name":"(anonymous_125)","line":35,"loc":{"start":{"line":35,"column":11832},"end":{"line":35,"column":11842}}},"126":{"name":"(anonymous_126)","line":35,"loc":{"start":{"line":35,"column":11901},"end":{"line":35,"column":11912}}},"127":{"name":"(anonymous_127)","line":35,"loc":{"start":{"line":35,"column":11982},"end":{"line":35,"column":11999}}},"128":{"name":"(anonymous_128)","line":35,"loc":{"start":{"line":35,"column":12081},"end":{"line":35,"column":12096}}},"129":{"name":"(anonymous_129)","line":35,"loc":{"start":{"line":35,"column":12185},"end":{"line":35,"column":12202}}},"130":{"name":"(anonymous_130)","line":35,"loc":{"start":{"line":35,"column":12334},"end":{"line":35,"column":12351}}},"131":{"name":"(anonymous_131)","line":35,"loc":{"start":{"line":35,"column":12474},"end":{"line":35,"column":12485}}},"132":{"name":"(anonymous_132)","line":35,"loc":{"start":{"line":35,"column":12539},"end":{"line":35,"column":12554}}},"133":{"name":"(anonymous_133)","line":35,"loc":{"start":{"line":35,"column":12639},"end":{"line":35,"column":12652}}},"134":{"name":"(anonymous_134)","line":35,"loc":{"start":{"line":35,"column":12716},"end":{"line":35,"column":12727}}},"135":{"name":"(anonymous_135)","line":35,"loc":{"start":{"line":35,"column":12818},"end":{"line":35,"column":12833}}},"136":{"name":"(anonymous_136)","line":35,"loc":{"start":{"line":35,"column":12925},"end":{"line":35,"column":12938}}},"137":{"name":"(anonymous_137)","line":35,"loc":{"start":{"line":35,"column":13014},"end":{"line":35,"column":13025}}},"138":{"name":"(anonymous_138)","line":35,"loc":{"start":{"line":35,"column":13097},"end":{"line":35,"column":13110}}},"139":{"name":"(anonymous_139)","line":35,"loc":{"start":{"line":35,"column":13191},"end":{"line":35,"column":13202}}},"140":{"name":"(anonymous_140)","line":35,"loc":{"start":{"line":35,"column":13250},"end":{"line":35,"column":13265}}},"141":{"name":"(anonymous_141)","line":35,"loc":{"start":{"line":35,"column":13335},"end":{"line":35,"column":13346}}},"142":{"name":"(anonymous_142)","line":35,"loc":{"start":{"line":35,"column":13416},"end":{"line":35,"column":13427}}},"143":{"name":"(anonymous_143)","line":35,"loc":{"start":{"line":35,"column":13495},"end":{"line":35,"column":13508}}},"144":{"name":"(anonymous_144)","line":35,"loc":{"start":{"line":35,"column":13579},"end":{"line":35,"column":13592}}},"145":{"name":"(anonymous_145)","line":35,"loc":{"start":{"line":35,"column":13670},"end":{"line":35,"column":13680}}},"146":{"name":"(anonymous_146)","line":35,"loc":{"start":{"line":35,"column":13734},"end":{"line":35,"column":13745}}},"147":{"name":"(anonymous_147)","line":35,"loc":{"start":{"line":35,"column":13808},"end":{"line":35,"column":13825}}},"148":{"name":"(anonymous_148)","line":35,"loc":{"start":{"line":35,"column":13927},"end":{"line":35,"column":13940}}},"149":{"name":"(anonymous_149)","line":35,"loc":{"start":{"line":35,"column":14110},"end":{"line":35,"column":14123}}},"150":{"name":"(anonymous_150)","line":35,"loc":{"start":{"line":35,"column":14208},"end":{"line":35,"column":14221}}},"151":{"name":"(anonymous_151)","line":35,"loc":{"start":{"line":35,"column":14291},"end":{"line":35,"column":14304}}},"152":{"name":"(anonymous_152)","line":35,"loc":{"start":{"line":35,"column":14371},"end":{"line":35,"column":14384}}},"153":{"name":"(anonymous_153)","line":35,"loc":{"start":{"line":35,"column":14485},"end":{"line":35,"column":14495}}},"154":{"name":"(anonymous_154)","line":39,"loc":{"start":{"line":39,"column":0},"end":{"line":39,"column":13}}},"155":{"name":"c","line":39,"loc":{"start":{"line":39,"column":14},"end":{"line":39,"column":31}}},"156":{"name":"d","line":39,"loc":{"start":{"line":39,"column":32},"end":{"line":39,"column":45}}},"157":{"name":"(anonymous_157)","line":39,"loc":{"start":{"line":39,"column":144},"end":{"line":39,"column":154}}},"158":{"name":"(anonymous_158)","line":39,"loc":{"start":{"line":39,"column":262},"end":{"line":39,"column":273}}},"159":{"name":"(anonymous_159)","line":39,"loc":{"start":{"line":39,"column":353},"end":{"line":39,"column":364}}},"160":{"name":"(anonymous_160)","line":39,"loc":{"start":{"line":39,"column":411},"end":{"line":39,"column":424}}},"161":{"name":"(anonymous_161)","line":39,"loc":{"start":{"line":39,"column":522},"end":{"line":39,"column":533}}},"162":{"name":"(anonymous_162)","line":39,"loc":{"start":{"line":39,"column":604},"end":{"line":39,"column":619}}},"163":{"name":"(anonymous_163)","line":39,"loc":{"start":{"line":39,"column":819},"end":{"line":39,"column":829}}},"164":{"name":"(anonymous_164)","line":39,"loc":{"start":{"line":39,"column":864},"end":{"line":39,"column":874}}},"165":{"name":"k","line":39,"loc":{"start":{"line":39,"column":904},"end":{"line":39,"column":919}}},"166":{"name":"(anonymous_166)","line":39,"loc":{"start":{"line":39,"column":943},"end":{"line":39,"column":954}}},"167":{"name":"(anonymous_167)","line":39,"loc":{"start":{"line":39,"column":992},"end":{"line":39,"column":1003}}},"168":{"name":"(anonymous_168)","line":39,"loc":{"start":{"line":39,"column":1142},"end":{"line":39,"column":1152}}},"169":{"name":"(anonymous_169)","line":39,"loc":{"start":{"line":39,"column":1346},"end":{"line":39,"column":1356}}},"170":{"name":"(anonymous_170)","line":39,"loc":{"start":{"line":39,"column":2165},"end":{"line":39,"column":2175}}},"171":{"name":"(anonymous_171)","line":39,"loc":{"start":{"line":39,"column":2212},"end":{"line":39,"column":2222}}},"172":{"name":"(anonymous_172)","line":39,"loc":{"start":{"line":39,"column":2240},"end":{"line":39,"column":2251}}},"173":{"name":"(anonymous_173)","line":39,"loc":{"start":{"line":39,"column":2290},"end":{"line":39,"column":2303}}},"174":{"name":"(anonymous_174)","line":39,"loc":{"start":{"line":39,"column":2420},"end":{"line":39,"column":2430}}},"175":{"name":"(anonymous_175)","line":39,"loc":{"start":{"line":39,"column":2644},"end":{"line":39,"column":2657}}},"176":{"name":"(anonymous_176)","line":39,"loc":{"start":{"line":39,"column":2764},"end":{"line":39,"column":2777}}},"177":{"name":"(anonymous_177)","line":39,"loc":{"start":{"line":39,"column":3685},"end":{"line":39,"column":3696}}},"178":{"name":"(anonymous_178)","line":39,"loc":{"start":{"line":39,"column":3807},"end":{"line":39,"column":3820}}},"179":{"name":"(anonymous_179)","line":39,"loc":{"start":{"line":39,"column":4467},"end":{"line":39,"column":4480}}},"180":{"name":"(anonymous_180)","line":39,"loc":{"start":{"line":39,"column":4528},"end":{"line":39,"column":4539}}},"181":{"name":"(anonymous_181)","line":39,"loc":{"start":{"line":39,"column":4609},"end":{"line":39,"column":4622}}},"182":{"name":"(anonymous_182)","line":39,"loc":{"start":{"line":39,"column":4651},"end":{"line":39,"column":4664}}},"183":{"name":"(anonymous_183)","line":39,"loc":{"start":{"line":39,"column":4700},"end":{"line":39,"column":4711}}},"184":{"name":"(anonymous_184)","line":39,"loc":{"start":{"line":39,"column":5141},"end":{"line":39,"column":5152}}},"185":{"name":"(anonymous_185)","line":39,"loc":{"start":{"line":39,"column":5360},"end":{"line":39,"column":5373}}},"186":{"name":"(anonymous_186)","line":39,"loc":{"start":{"line":39,"column":5668},"end":{"line":39,"column":5679}}},"187":{"name":"(anonymous_187)","line":39,"loc":{"start":{"line":39,"column":5714},"end":{"line":39,"column":5725}}},"188":{"name":"(anonymous_188)","line":39,"loc":{"start":{"line":39,"column":6287},"end":{"line":39,"column":6300}}},"189":{"name":"(anonymous_189)","line":39,"loc":{"start":{"line":39,"column":6389},"end":{"line":39,"column":6400}}},"190":{"name":"(anonymous_190)","line":39,"loc":{"start":{"line":39,"column":6598},"end":{"line":39,"column":6609}}},"191":{"name":"(anonymous_191)","line":39,"loc":{"start":{"line":39,"column":7367},"end":{"line":39,"column":7377}}},"192":{"name":"(anonymous_192)","line":39,"loc":{"start":{"line":39,"column":7493},"end":{"line":39,"column":7503}}},"193":{"name":"(anonymous_193)","line":39,"loc":{"start":{"line":39,"column":7593},"end":{"line":39,"column":7603}}},"194":{"name":"(anonymous_194)","line":39,"loc":{"start":{"line":39,"column":7740},"end":{"line":39,"column":7753}}},"195":{"name":"(anonymous_195)","line":39,"loc":{"start":{"line":39,"column":7850},"end":{"line":39,"column":7860}}},"196":{"name":"(anonymous_196)","line":39,"loc":{"start":{"line":39,"column":7912},"end":{"line":39,"column":7922}}},"197":{"name":"(anonymous_197)","line":39,"loc":{"start":{"line":39,"column":8210},"end":{"line":39,"column":8221}}},"198":{"name":"(anonymous_198)","line":39,"loc":{"start":{"line":39,"column":8283},"end":{"line":39,"column":8296}}},"199":{"name":"(anonymous_199)","line":39,"loc":{"start":{"line":39,"column":8474},"end":{"line":39,"column":8487}}},"200":{"name":"(anonymous_200)","line":39,"loc":{"start":{"line":39,"column":8688},"end":{"line":39,"column":8698}}},"201":{"name":"(anonymous_201)","line":39,"loc":{"start":{"line":39,"column":8761},"end":{"line":39,"column":8771}}},"202":{"name":"(anonymous_202)","line":39,"loc":{"start":{"line":39,"column":11163},"end":{"line":39,"column":11174}}},"203":{"name":"b","line":39,"loc":{"start":{"line":39,"column":11175},"end":{"line":39,"column":11188}}},"204":{"name":"(anonymous_204)","line":39,"loc":{"start":{"line":39,"column":11284},"end":{"line":39,"column":11295}}},"205":{"name":"(anonymous_205)","line":39,"loc":{"start":{"line":39,"column":11437},"end":{"line":39,"column":11448}}},"206":{"name":"(anonymous_206)","line":39,"loc":{"start":{"line":39,"column":11702},"end":{"line":39,"column":11713}}},"207":{"name":"(anonymous_207)","line":39,"loc":{"start":{"line":39,"column":11835},"end":{"line":39,"column":11846}}},"208":{"name":"(anonymous_208)","line":39,"loc":{"start":{"line":39,"column":12005},"end":{"line":39,"column":12016}}},"209":{"name":"(anonymous_209)","line":39,"loc":{"start":{"line":39,"column":12060},"end":{"line":39,"column":12071}}},"210":{"name":"(anonymous_210)","line":39,"loc":{"start":{"line":39,"column":12828},"end":{"line":39,"column":12841}}},"211":{"name":"(anonymous_211)","line":39,"loc":{"start":{"line":39,"column":12941},"end":{"line":39,"column":12952}}},"212":{"name":"(anonymous_212)","line":39,"loc":{"start":{"line":39,"column":13263},"end":{"line":39,"column":13276}}},"213":{"name":"(anonymous_213)","line":39,"loc":{"start":{"line":39,"column":13333},"end":{"line":39,"column":13344}}},"214":{"name":"(anonymous_214)","line":39,"loc":{"start":{"line":39,"column":13437},"end":{"line":39,"column":13448}}},"215":{"name":"(anonymous_215)","line":39,"loc":{"start":{"line":39,"column":13554},"end":{"line":39,"column":13564}}},"216":{"name":"(anonymous_216)","line":39,"loc":{"start":{"line":39,"column":13669},"end":{"line":39,"column":13679}}},"217":{"name":"(anonymous_217)","line":39,"loc":{"start":{"line":39,"column":13699},"end":{"line":39,"column":13709}}},"218":{"name":"(anonymous_218)","line":39,"loc":{"start":{"line":39,"column":13716},"end":{"line":39,"column":13726}}},"219":{"name":"(anonymous_219)","line":39,"loc":{"start":{"line":39,"column":13786},"end":{"line":39,"column":13796}}},"220":{"name":"(anonymous_220)","line":39,"loc":{"start":{"line":39,"column":14100},"end":{"line":39,"column":14111}}},"221":{"name":"(anonymous_221)","line":39,"loc":{"start":{"line":39,"column":14207},"end":{"line":39,"column":14218}}},"222":{"name":"b","line":39,"loc":{"start":{"line":39,"column":14219},"end":{"line":39,"column":14232}}},"223":{"name":"c","line":39,"loc":{"start":{"line":39,"column":14339},"end":{"line":39,"column":14352}}},"224":{"name":"d","line":39,"loc":{"start":{"line":39,"column":14549},"end":{"line":39,"column":14564}}},"225":{"name":"e","line":39,"loc":{"start":{"line":39,"column":14665},"end":{"line":39,"column":14686}}},"226":{"name":"(anonymous_226)","line":39,"loc":{"start":{"line":39,"column":17650},"end":{"line":39,"column":17661}}},"227":{"name":"(anonymous_227)","line":39,"loc":{"start":{"line":39,"column":19085},"end":{"line":39,"column":19098}}},"228":{"name":"(anonymous_228)","line":39,"loc":{"start":{"line":39,"column":19137},"end":{"line":39,"column":19152}}},"229":{"name":"(anonymous_229)","line":39,"loc":{"start":{"line":39,"column":19224},"end":{"line":39,"column":19235}}},"230":{"name":"(anonymous_230)","line":39,"loc":{"start":{"line":39,"column":21143},"end":{"line":39,"column":21162}}},"231":{"name":"(anonymous_231)","line":39,"loc":{"start":{"line":39,"column":21932},"end":{"line":39,"column":21942}}},"232":{"name":"(anonymous_232)","line":39,"loc":{"start":{"line":39,"column":22044},"end":{"line":39,"column":22055}}},"233":{"name":"(anonymous_233)","line":39,"loc":{"start":{"line":39,"column":23497},"end":{"line":39,"column":23508}}},"234":{"name":"(anonymous_234)","line":39,"loc":{"start":{"line":39,"column":23547},"end":{"line":39,"column":23558}}},"235":{"name":"(anonymous_235)","line":39,"loc":{"start":{"line":39,"column":23610},"end":{"line":39,"column":23623}}},"236":{"name":"(anonymous_236)","line":39,"loc":{"start":{"line":39,"column":23723},"end":{"line":39,"column":23734}}},"237":{"name":"(anonymous_237)","line":39,"loc":{"start":{"line":39,"column":24087},"end":{"line":39,"column":24098}}},"238":{"name":"(anonymous_238)","line":39,"loc":{"start":{"line":39,"column":24231},"end":{"line":39,"column":24242}}},"239":{"name":"(anonymous_239)","line":39,"loc":{"start":{"line":39,"column":24279},"end":{"line":39,"column":24289}}},"240":{"name":"(anonymous_240)","line":39,"loc":{"start":{"line":39,"column":24453},"end":{"line":39,"column":24464}}},"241":{"name":"(anonymous_241)","line":39,"loc":{"start":{"line":39,"column":24504},"end":{"line":39,"column":24515}}},"242":{"name":"(anonymous_242)","line":39,"loc":{"start":{"line":39,"column":24748},"end":{"line":39,"column":24759}}},"243":{"name":"(anonymous_243)","line":39,"loc":{"start":{"line":39,"column":24814},"end":{"line":39,"column":24825}}},"244":{"name":"(anonymous_244)","line":39,"loc":{"start":{"line":39,"column":24927},"end":{"line":39,"column":24942}}},"245":{"name":"(anonymous_245)","line":39,"loc":{"start":{"line":39,"column":25063},"end":{"line":39,"column":25073}}},"246":{"name":"(anonymous_246)","line":39,"loc":{"start":{"line":39,"column":25178},"end":{"line":39,"column":25189}}},"247":{"name":"(anonymous_247)","line":39,"loc":{"start":{"line":39,"column":25390},"end":{"line":39,"column":25401}}},"248":{"name":"(anonymous_248)","line":39,"loc":{"start":{"line":39,"column":25448},"end":{"line":39,"column":25461}}},"249":{"name":"(anonymous_249)","line":39,"loc":{"start":{"line":39,"column":25505},"end":{"line":39,"column":25515}}},"250":{"name":"(anonymous_250)","line":39,"loc":{"start":{"line":39,"column":25647},"end":{"line":39,"column":25657}}},"251":{"name":"(anonymous_251)","line":39,"loc":{"start":{"line":39,"column":25726},"end":{"line":39,"column":25739}}},"252":{"name":"(anonymous_252)","line":39,"loc":{"start":{"line":39,"column":25831},"end":{"line":39,"column":25848}}},"253":{"name":"(anonymous_253)","line":39,"loc":{"start":{"line":39,"column":25918},"end":{"line":39,"column":25928}}},"254":{"name":"(anonymous_254)","line":39,"loc":{"start":{"line":39,"column":26204},"end":{"line":39,"column":26214}}},"255":{"name":"(anonymous_255)","line":39,"loc":{"start":{"line":39,"column":26333},"end":{"line":39,"column":26350}}},"256":{"name":"(anonymous_256)","line":39,"loc":{"start":{"line":39,"column":26718},"end":{"line":39,"column":26729}}},"257":{"name":"(anonymous_257)","line":39,"loc":{"start":{"line":39,"column":27231},"end":{"line":39,"column":27241}}},"258":{"name":"(anonymous_258)","line":39,"loc":{"start":{"line":39,"column":27322},"end":{"line":39,"column":27332}}},"259":{"name":"(anonymous_259)","line":39,"loc":{"start":{"line":39,"column":27494},"end":{"line":39,"column":27504}}},"260":{"name":"(anonymous_260)","line":39,"loc":{"start":{"line":39,"column":27534},"end":{"line":39,"column":27544}}},"261":{"name":"(anonymous_261)","line":39,"loc":{"start":{"line":39,"column":27633},"end":{"line":39,"column":27650}}},"262":{"name":"(anonymous_262)","line":39,"loc":{"start":{"line":39,"column":27894},"end":{"line":39,"column":27905}}},"263":{"name":"(anonymous_263)","line":39,"loc":{"start":{"line":39,"column":28157},"end":{"line":39,"column":28167}}},"264":{"name":"(anonymous_264)","line":39,"loc":{"start":{"line":39,"column":28409},"end":{"line":39,"column":28424}}},"265":{"name":"(anonymous_265)","line":39,"loc":{"start":{"line":39,"column":28462},"end":{"line":39,"column":28473}}},"266":{"name":"(anonymous_266)","line":39,"loc":{"start":{"line":39,"column":28498},"end":{"line":39,"column":28508}}},"267":{"name":"(anonymous_267)","line":39,"loc":{"start":{"line":39,"column":28528},"end":{"line":39,"column":28538}}},"268":{"name":"(anonymous_268)","line":39,"loc":{"start":{"line":39,"column":28567},"end":{"line":39,"column":28578}}},"269":{"name":"(anonymous_269)","line":39,"loc":{"start":{"line":39,"column":28652},"end":{"line":39,"column":28662}}},"270":{"name":"(anonymous_270)","line":39,"loc":{"start":{"line":39,"column":28699},"end":{"line":39,"column":28709}}},"271":{"name":"(anonymous_271)","line":39,"loc":{"start":{"line":39,"column":29000},"end":{"line":39,"column":29010}}},"272":{"name":"(anonymous_272)","line":39,"loc":{"start":{"line":39,"column":29061},"end":{"line":39,"column":29074}}},"273":{"name":"(anonymous_273)","line":39,"loc":{"start":{"line":39,"column":29130},"end":{"line":39,"column":29141}}},"274":{"name":"(anonymous_274)","line":39,"loc":{"start":{"line":39,"column":29197},"end":{"line":39,"column":29208}}},"275":{"name":"(anonymous_275)","line":39,"loc":{"start":{"line":39,"column":29261},"end":{"line":39,"column":29272}}},"276":{"name":"(anonymous_276)","line":39,"loc":{"start":{"line":39,"column":29390},"end":{"line":39,"column":29400}}},"277":{"name":"(anonymous_277)","line":39,"loc":{"start":{"line":39,"column":29636},"end":{"line":39,"column":29646}}},"278":{"name":"(anonymous_278)","line":39,"loc":{"start":{"line":39,"column":29762},"end":{"line":39,"column":29772}}},"279":{"name":"(anonymous_279)","line":39,"loc":{"start":{"line":39,"column":29822},"end":{"line":39,"column":29835}}},"280":{"name":"(anonymous_280)","line":39,"loc":{"start":{"line":39,"column":29890},"end":{"line":39,"column":29901}}},"281":{"name":"(anonymous_281)","line":39,"loc":{"start":{"line":39,"column":29956},"end":{"line":39,"column":29967}}},"282":{"name":"(anonymous_282)","line":39,"loc":{"start":{"line":39,"column":30019},"end":{"line":39,"column":30030}}}},"statementMap":{"1":{"start":{"line":2,"column":0},"end":{"line":39,"column":1196}},"2":{"start":{"line":34,"column":0},"end":{"line":35,"column":14675}},"3":{"start":{"line":34,"column":28},"end":{"line":34,"column":124}},"4":{"start":{"line":34,"column":156},"end":{"line":34,"column":208}},"5":{"start":{"line":34,"column":172},"end":{"line":34,"column":207}},"6":{"start":{"line":34,"column":178},"end":{"line":34,"column":207}},"7":{"start":{"line":34,"column":208},"end":{"line":34,"column":242}},"8":{"start":{"line":34,"column":222},"end":{"line":34,"column":241}},"9":{"start":{"line":34,"column":242},"end":{"line":34,"column":301}},"10":{"start":{"line":34,"column":256},"end":{"line":34,"column":300}},"11":{"start":{"line":34,"column":301},"end":{"line":34,"column":346}},"12":{"start":{"line":34,"column":315},"end":{"line":34,"column":345}},"13":{"start":{"line":34,"column":346},"end":{"line":34,"column":519}},"14":{"start":{"line":34,"column":360},"end":{"line":34,"column":518}},"15":{"start":{"line":34,"column":519},"end":{"line":34,"column":575}},"16":{"start":{"line":34,"column":533},"end":{"line":34,"column":574}},"17":{"start":{"line":34,"column":575},"end":{"line":34,"column":713}},"18":{"start":{"line":34,"column":589},"end":{"line":34,"column":712}},"19":{"start":{"line":34,"column":713},"end":{"line":34,"column":864}},"20":{"start":{"line":34,"column":727},"end":{"line":34,"column":863}},"21":{"start":{"line":34,"column":864},"end":{"line":34,"column":990}},"22":{"start":{"line":34,"column":878},"end":{"line":34,"column":989}},"23":{"start":{"line":34,"column":963},"end":{"line":34,"column":972}},"24":{"start":{"line":34,"column":980},"end":{"line":34,"column":988}},"25":{"start":{"line":34,"column":990},"end":{"line":34,"column":1166}},"26":{"start":{"line":34,"column":1004},"end":{"line":34,"column":1165}},"27":{"start":{"line":34,"column":1139},"end":{"line":34,"column":1148}},"28":{"start":{"line":34,"column":1156},"end":{"line":34,"column":1164}},"29":{"start":{"line":34,"column":1166},"end":{"line":34,"column":1214}},"30":{"start":{"line":34,"column":1180},"end":{"line":34,"column":1213}},"31":{"start":{"line":34,"column":1214},"end":{"line":34,"column":1837}},"32":{"start":{"line":34,"column":1228},"end":{"line":34,"column":1249}},"33":{"start":{"line":34,"column":1240},"end":{"line":34,"column":1249}},"34":{"start":{"line":34,"column":1249},"end":{"line":34,"column":1836}},"35":{"start":{"line":34,"column":1273},"end":{"line":34,"column":1308}},"36":{"start":{"line":34,"column":1315},"end":{"line":34,"column":1375}},"37":{"start":{"line":34,"column":1382},"end":{"line":34,"column":1459}},"38":{"start":{"line":34,"column":1466},"end":{"line":34,"column":1575}},"39":{"start":{"line":34,"column":1582},"end":{"line":34,"column":1671}},"40":{"start":{"line":34,"column":1678},"end":{"line":34,"column":1728}},"41":{"start":{"line":34,"column":1735},"end":{"line":34,"column":1788}},"42":{"start":{"line":34,"column":1796},"end":{"line":34,"column":1819}},"43":{"start":{"line":34,"column":1827},"end":{"line":34,"column":1835}},"44":{"start":{"line":34,"column":1837},"end":{"line":34,"column":2128}},"45":{"start":{"line":34,"column":1859},"end":{"line":34,"column":1865}},"46":{"start":{"line":34,"column":1865},"end":{"line":34,"column":2127}},"47":{"start":{"line":34,"column":2128},"end":{"line":34,"column":2471}},"48":{"start":{"line":34,"column":2142},"end":{"line":34,"column":2154}},"49":{"start":{"line":34,"column":2154},"end":{"line":34,"column":2389}},"50":{"start":{"line":34,"column":2207},"end":{"line":34,"column":2389}},"51":{"start":{"line":34,"column":2240},"end":{"line":34,"column":2389}},"52":{"start":{"line":34,"column":2389},"end":{"line":34,"column":2470}},"53":{"start":{"line":34,"column":2471},"end":{"line":34,"column":2890}},"54":{"start":{"line":34,"column":2484},"end":{"line":34,"column":2496}},"55":{"start":{"line":34,"column":2496},"end":{"line":34,"column":2855}},"56":{"start":{"line":34,"column":2564},"end":{"line":34,"column":2855}},"57":{"start":{"line":34,"column":2592},"end":{"line":34,"column":2690}},"58":{"start":{"line":34,"column":2695},"end":{"line":34,"column":2855}},"59":{"start":{"line":34,"column":2706},"end":{"line":34,"column":2841}},"60":{"start":{"line":34,"column":2734},"end":{"line":34,"column":2841}},"61":{"start":{"line":34,"column":2841},"end":{"line":34,"column":2845}},"62":{"start":{"line":34,"column":2850},"end":{"line":34,"column":2855}},"63":{"start":{"line":34,"column":2855},"end":{"line":34,"column":2889}},"64":{"start":{"line":34,"column":2890},"end":{"line":34,"column":3311}},"65":{"start":{"line":34,"column":2903},"end":{"line":34,"column":2911}},"66":{"start":{"line":34,"column":2911},"end":{"line":34,"column":3310}},"67":{"start":{"line":34,"column":2931},"end":{"line":34,"column":3310}},"68":{"start":{"line":34,"column":2959},"end":{"line":34,"column":2964}},"69":{"start":{"line":34,"column":2969},"end":{"line":34,"column":3310}},"70":{"start":{"line":34,"column":2977},"end":{"line":34,"column":3035}},"71":{"start":{"line":34,"column":3040},"end":{"line":34,"column":3310}},"72":{"start":{"line":34,"column":3050},"end":{"line":34,"column":3137}},"73":{"start":{"line":34,"column":3082},"end":{"line":34,"column":3102}},"74":{"start":{"line":34,"column":3107},"end":{"line":34,"column":3123}},"75":{"start":{"line":34,"column":3117},"end":{"line":34,"column":3123}},"76":{"start":{"line":34,"column":3123},"end":{"line":34,"column":3136}},"77":{"start":{"line":34,"column":3142},"end":{"line":34,"column":3310}},"78":{"start":{"line":34,"column":3156},"end":{"line":34,"column":3216}},"79":{"start":{"line":34,"column":3210},"end":{"line":34,"column":3216}},"80":{"start":{"line":34,"column":3216},"end":{"line":34,"column":3226}},"81":{"start":{"line":34,"column":3232},"end":{"line":34,"column":3248}},"82":{"start":{"line":34,"column":3242},"end":{"line":34,"column":3248}},"83":{"start":{"line":34,"column":3248},"end":{"line":34,"column":3285}},"84":{"start":{"line":34,"column":3279},"end":{"line":34,"column":3285}},"85":{"start":{"line":34,"column":3285},"end":{"line":34,"column":3309}},"86":{"start":{"line":34,"column":3311},"end":{"line":34,"column":3494}},"87":{"start":{"line":34,"column":3325},"end":{"line":34,"column":3339}},"88":{"start":{"line":34,"column":3339},"end":{"line":34,"column":3464}},"89":{"start":{"line":34,"column":3370},"end":{"line":34,"column":3402}},"90":{"start":{"line":34,"column":3393},"end":{"line":34,"column":3402}},"91":{"start":{"line":34,"column":3402},"end":{"line":34,"column":3463}},"92":{"start":{"line":34,"column":3464},"end":{"line":34,"column":3493}},"93":{"start":{"line":34,"column":3494},"end":{"line":34,"column":3979}},"94":{"start":{"line":34,"column":3507},"end":{"line":34,"column":3515}},"95":{"start":{"line":34,"column":3515},"end":{"line":34,"column":3970}},"96":{"start":{"line":34,"column":3757},"end":{"line":34,"column":3970}},"97":{"start":{"line":34,"column":3970},"end":{"line":34,"column":3978}},"98":{"start":{"line":34,"column":3979},"end":{"line":34,"column":4107}},"99":{"start":{"line":34,"column":3992},"end":{"line":34,"column":4000}},"100":{"start":{"line":34,"column":4000},"end":{"line":34,"column":4085}},"101":{"start":{"line":34,"column":4019},"end":{"line":34,"column":4065}},"102":{"start":{"line":34,"column":4049},"end":{"line":34,"column":4065}},"103":{"start":{"line":34,"column":4065},"end":{"line":34,"column":4080}},"104":{"start":{"line":34,"column":4074},"end":{"line":34,"column":4080}},"105":{"start":{"line":34,"column":4080},"end":{"line":34,"column":4084}},"106":{"start":{"line":34,"column":4085},"end":{"line":34,"column":4106}},"107":{"start":{"line":34,"column":4107},"end":{"line":34,"column":4361}},"108":{"start":{"line":34,"column":4120},"end":{"line":34,"column":4130}},"109":{"start":{"line":34,"column":4130},"end":{"line":34,"column":4360}},"110":{"start":{"line":34,"column":4361},"end":{"line":34,"column":5668}},"111":{"start":{"line":34,"column":4374},"end":{"line":34,"column":4420}},"112":{"start":{"line":34,"column":4420},"end":{"line":34,"column":5137}},"113":{"start":{"line":34,"column":4529},"end":{"line":34,"column":4735}},"114":{"start":{"line":34,"column":4743},"end":{"line":34,"column":5136}},"115":{"start":{"line":34,"column":4775},"end":{"line":34,"column":5136}},"116":{"start":{"line":34,"column":4866},"end":{"line":34,"column":4994}},"117":{"start":{"line":34,"column":5010},"end":{"line":34,"column":5135}},"118":{"start":{"line":34,"column":5137},"end":{"line":34,"column":5667}},"119":{"start":{"line":34,"column":5668},"end":{"line":34,"column":5931}},"120":{"start":{"line":34,"column":5682},"end":{"line":34,"column":5725}},"121":{"start":{"line":34,"column":5713},"end":{"line":34,"column":5725}},"122":{"start":{"line":34,"column":5725},"end":{"line":34,"column":5930}},"123":{"start":{"line":34,"column":5931},"end":{"line":34,"column":6181}},"124":{"start":{"line":34,"column":5945},"end":{"line":34,"column":5998}},"125":{"start":{"line":34,"column":5986},"end":{"line":34,"column":5998}},"126":{"start":{"line":34,"column":5998},"end":{"line":34,"column":6180}},"127":{"start":{"line":34,"column":6181},"end":{"line":34,"column":6287}},"128":{"start":{"line":34,"column":6194},"end":{"line":34,"column":6202}},"129":{"start":{"line":34,"column":6202},"end":{"line":34,"column":6278}},"130":{"start":{"line":34,"column":6223},"end":{"line":34,"column":6260}},"131":{"start":{"line":34,"column":6251},"end":{"line":34,"column":6260}},"132":{"start":{"line":34,"column":6260},"end":{"line":34,"column":6277}},"133":{"start":{"line":34,"column":6269},"end":{"line":34,"column":6277}},"134":{"start":{"line":34,"column":6278},"end":{"line":34,"column":6286}},"135":{"start":{"line":34,"column":6287},"end":{"line":34,"column":6982}},"136":{"start":{"line":34,"column":6300},"end":{"line":34,"column":6310}},"137":{"start":{"line":34,"column":6310},"end":{"line":34,"column":6582}},"138":{"start":{"line":34,"column":6441},"end":{"line":34,"column":6534}},"139":{"start":{"line":34,"column":6473},"end":{"line":34,"column":6509}},"140":{"start":{"line":34,"column":6493},"end":{"line":34,"column":6509}},"141":{"start":{"line":34,"column":6509},"end":{"line":34,"column":6533}},"142":{"start":{"line":34,"column":6522},"end":{"line":34,"column":6533}},"143":{"start":{"line":34,"column":6534},"end":{"line":34,"column":6573}},"144":{"start":{"line":34,"column":6561},"end":{"line":34,"column":6573}},"145":{"start":{"line":34,"column":6573},"end":{"line":34,"column":6581}},"146":{"start":{"line":34,"column":6582},"end":{"line":34,"column":6653}},"147":{"start":{"line":34,"column":6594},"end":{"line":34,"column":6644}},"148":{"start":{"line":34,"column":6632},"end":{"line":34,"column":6644}},"149":{"start":{"line":34,"column":6644},"end":{"line":34,"column":6652}},"150":{"start":{"line":34,"column":6653},"end":{"line":34,"column":6831}},"151":{"start":{"line":34,"column":6673},"end":{"line":34,"column":6831}},"152":{"start":{"line":34,"column":6752},"end":{"line":34,"column":6791}},"153":{"start":{"line":34,"column":6779},"end":{"line":34,"column":6791}},"154":{"start":{"line":34,"column":6796},"end":{"line":34,"column":6831}},"155":{"start":{"line":34,"column":6831},"end":{"line":34,"column":6981}},"156":{"start":{"line":34,"column":6982},"end":{"line":34,"column":7873}},"157":{"start":{"line":34,"column":6995},"end":{"line":34,"column":7025}},"158":{"start":{"line":34,"column":7025},"end":{"line":34,"column":7707}},"159":{"start":{"line":34,"column":7128},"end":{"line":34,"column":7160}},"160":{"start":{"line":34,"column":7149},"end":{"line":34,"column":7154}},"161":{"start":{"line":34,"column":7154},"end":{"line":34,"column":7159}},"162":{"start":{"line":34,"column":7160},"end":{"line":34,"column":7706}},"163":{"start":{"line":34,"column":7172},"end":{"line":34,"column":7668}},"164":{"start":{"line":34,"column":7208},"end":{"line":34,"column":7249}},"165":{"start":{"line":34,"column":7254},"end":{"line":34,"column":7668}},"166":{"start":{"line":34,"column":7280},"end":{"line":34,"column":7311}},"167":{"start":{"line":34,"column":7311},"end":{"line":34,"column":7317}},"168":{"start":{"line":34,"column":7325},"end":{"line":34,"column":7333}},"169":{"start":{"line":34,"column":7333},"end":{"line":34,"column":7339}},"170":{"start":{"line":34,"column":7347},"end":{"line":34,"column":7355}},"171":{"start":{"line":34,"column":7355},"end":{"line":34,"column":7361}},"172":{"start":{"line":34,"column":7369},"end":{"line":34,"column":7376}},"173":{"start":{"line":34,"column":7376},"end":{"line":34,"column":7382}},"174":{"start":{"line":34,"column":7390},"end":{"line":34,"column":7398}},"175":{"start":{"line":34,"column":7398},"end":{"line":34,"column":7404}},"176":{"start":{"line":34,"column":7412},"end":{"line":34,"column":7420}},"177":{"start":{"line":34,"column":7420},"end":{"line":34,"column":7426}},"178":{"start":{"line":34,"column":7434},"end":{"line":34,"column":7441}},"179":{"start":{"line":34,"column":7441},"end":{"line":34,"column":7447}},"180":{"start":{"line":34,"column":7455},"end":{"line":34,"column":7667}},"181":{"start":{"line":34,"column":7673},"end":{"line":34,"column":7701}},"182":{"start":{"line":34,"column":7695},"end":{"line":34,"column":7701}},"183":{"start":{"line":34,"column":7701},"end":{"line":34,"column":7705}},"184":{"start":{"line":34,"column":7707},"end":{"line":34,"column":7872}},"185":{"start":{"line":34,"column":7873},"end":{"line":34,"column":7958}},"186":{"start":{"line":34,"column":7889},"end":{"line":34,"column":7895}},"187":{"start":{"line":34,"column":7895},"end":{"line":34,"column":7949}},"188":{"start":{"line":34,"column":7899},"end":{"line":34,"column":7916}},"189":{"start":{"line":34,"column":7926},"end":{"line":34,"column":7948}},"190":{"start":{"line":34,"column":7949},"end":{"line":34,"column":7957}},"191":{"start":{"line":34,"column":7958},"end":{"line":34,"column":8390}},"192":{"start":{"line":34,"column":7971},"end":{"line":34,"column":7985}},"193":{"start":{"line":34,"column":7985},"end":{"line":34,"column":8307}},"194":{"start":{"line":34,"column":8090},"end":{"line":34,"column":8307}},"195":{"start":{"line":34,"column":8118},"end":{"line":34,"column":8182}},"196":{"start":{"line":34,"column":8187},"end":{"line":34,"column":8307}},"197":{"start":{"line":34,"column":8209},"end":{"line":34,"column":8237}},"198":{"start":{"line":34,"column":8242},"end":{"line":34,"column":8307}},"199":{"start":{"line":34,"column":8247},"end":{"line":34,"column":8263}},"200":{"start":{"line":34,"column":8268},"end":{"line":34,"column":8291}},"201":{"start":{"line":34,"column":8280},"end":{"line":34,"column":8285}},"202":{"start":{"line":34,"column":8285},"end":{"line":34,"column":8290}},"203":{"start":{"line":34,"column":8291},"end":{"line":34,"column":8306}},"204":{"start":{"line":34,"column":8307},"end":{"line":34,"column":8389}},"205":{"start":{"line":34,"column":8390},"end":{"line":34,"column":8720}},"206":{"start":{"line":34,"column":8403},"end":{"line":34,"column":8415}},"207":{"start":{"line":34,"column":8415},"end":{"line":34,"column":8694}},"208":{"start":{"line":34,"column":8467},"end":{"line":34,"column":8694}},"209":{"start":{"line":34,"column":8491},"end":{"line":34,"column":8679}},"210":{"start":{"line":34,"column":8512},"end":{"line":34,"column":8596}},"211":{"start":{"line":34,"column":8534},"end":{"line":34,"column":8570}},"212":{"start":{"line":34,"column":8561},"end":{"line":34,"column":8570}},"213":{"start":{"line":34,"column":8575},"end":{"line":34,"column":8596}},"214":{"start":{"line":34,"column":8596},"end":{"line":34,"column":8630}},"215":{"start":{"line":34,"column":8636},"end":{"line":34,"column":8679}},"216":{"start":{"line":34,"column":8684},"end":{"line":34,"column":8694}},"217":{"start":{"line":34,"column":8694},"end":{"line":34,"column":8719}},"218":{"start":{"line":34,"column":8720},"end":{"line":34,"column":8945}},"219":{"start":{"line":34,"column":8733},"end":{"line":34,"column":8745}},"220":{"start":{"line":34,"column":8745},"end":{"line":34,"column":8944}},"221":{"start":{"line":34,"column":8945},"end":{"line":34,"column":9291}},"222":{"start":{"line":34,"column":8958},"end":{"line":34,"column":8970}},"223":{"start":{"line":34,"column":8970},"end":{"line":34,"column":9290}},"224":{"start":{"line":34,"column":9291},"end":{"line":34,"column":9409}},"225":{"start":{"line":34,"column":9305},"end":{"line":34,"column":9408}},"226":{"start":{"line":34,"column":9409},"end":{"line":34,"column":10093}},"227":{"start":{"line":34,"column":9422},"end":{"line":34,"column":9430}},"228":{"start":{"line":34,"column":9430},"end":{"line":34,"column":9479}},"229":{"start":{"line":34,"column":9468},"end":{"line":34,"column":9479}},"230":{"start":{"line":34,"column":9479},"end":{"line":34,"column":10042}},"231":{"start":{"line":34,"column":9505},"end":{"line":34,"column":9533}},"232":{"start":{"line":34,"column":9522},"end":{"line":34,"column":9533}},"233":{"start":{"line":34,"column":9533},"end":{"line":34,"column":9691}},"234":{"start":{"line":34,"column":9550},"end":{"line":34,"column":9691}},"235":{"start":{"line":34,"column":9691},"end":{"line":34,"column":10031}},"236":{"start":{"line":34,"column":9709},"end":{"line":34,"column":9993}},"237":{"start":{"line":34,"column":9793},"end":{"line":34,"column":9842}},"238":{"start":{"line":34,"column":9832},"end":{"line":34,"column":9842}},"239":{"start":{"line":34,"column":9848},"end":{"line":34,"column":9943}},"240":{"start":{"line":34,"column":9932},"end":{"line":34,"column":9943}},"241":{"start":{"line":34,"column":9943},"end":{"line":34,"column":9992}},"242":{"start":{"line":34,"column":9982},"end":{"line":34,"column":9992}},"243":{"start":{"line":34,"column":9993},"end":{"line":34,"column":10030}},"244":{"start":{"line":34,"column":10031},"end":{"line":34,"column":10041}},"245":{"start":{"line":34,"column":10042},"end":{"line":34,"column":10092}},"246":{"start":{"line":34,"column":10093},"end":{"line":34,"column":10339}},"247":{"start":{"line":34,"column":10106},"end":{"line":34,"column":10112}},"248":{"start":{"line":34,"column":10112},"end":{"line":34,"column":10338}},"249":{"start":{"line":34,"column":10339},"end":{"line":34,"column":10558}},"250":{"start":{"line":34,"column":10352},"end":{"line":34,"column":10362}},"251":{"start":{"line":34,"column":10362},"end":{"line":34,"column":10557}},"252":{"start":{"line":34,"column":10558},"end":{"line":34,"column":10712}},"253":{"start":{"line":34,"column":10571},"end":{"line":34,"column":10577}},"254":{"start":{"line":34,"column":10577},"end":{"line":34,"column":10711}},"255":{"start":{"line":34,"column":10712},"end":{"line":34,"column":10806}},"256":{"start":{"line":34,"column":10725},"end":{"line":34,"column":10735}},"257":{"start":{"line":34,"column":10735},"end":{"line":34,"column":10805}},"258":{"start":{"line":34,"column":10806},"end":{"line":34,"column":10848}},"259":{"start":{"line":34,"column":10822},"end":{"line":34,"column":10847}},"260":{"start":{"line":34,"column":10848},"end":{"line":34,"column":10910}},"261":{"start":{"line":34,"column":10868},"end":{"line":34,"column":10909}},"262":{"start":{"line":34,"column":10910},"end":{"line":34,"column":10987}},"263":{"start":{"line":34,"column":10923},"end":{"line":34,"column":10935}},"264":{"start":{"line":34,"column":10935},"end":{"line":34,"column":10986}},"265":{"start":{"line":34,"column":10987},"end":{"line":34,"column":11388}},"266":{"start":{"line":34,"column":11003},"end":{"line":34,"column":11151}},"267":{"start":{"line":34,"column":11086},"end":{"line":34,"column":11148}},"268":{"start":{"line":34,"column":11151},"end":{"line":34,"column":11387}},"269":{"start":{"line":34,"column":11388},"end":{"line":34,"column":11479}},"270":{"start":{"line":34,"column":11401},"end":{"line":34,"column":11478}},"271":{"start":{"line":34,"column":11405},"end":{"line":34,"column":11428}},"272":{"start":{"line":34,"column":11438},"end":{"line":34,"column":11460}},"273":{"start":{"line":34,"column":11452},"end":{"line":34,"column":11460}},"274":{"start":{"line":34,"column":11460},"end":{"line":34,"column":11477}},"275":{"start":{"line":34,"column":11479},"end":{"line":34,"column":11881}},"276":{"start":{"line":34,"column":11493},"end":{"line":34,"column":11849}},"277":{"start":{"line":34,"column":11714},"end":{"line":34,"column":11817}},"278":{"start":{"line":34,"column":11728},"end":{"line":34,"column":11755}},"279":{"start":{"line":34,"column":11760},"end":{"line":34,"column":11817}},"280":{"start":{"line":34,"column":11778},"end":{"line":34,"column":11817}},"281":{"start":{"line":34,"column":11817},"end":{"line":34,"column":11848}},"282":{"start":{"line":34,"column":11849},"end":{"line":34,"column":11880}},"283":{"start":{"line":34,"column":11881},"end":{"line":34,"column":11949}},"284":{"start":{"line":34,"column":11895},"end":{"line":34,"column":11905}},"285":{"start":{"line":34,"column":11905},"end":{"line":34,"column":11948}},"286":{"start":{"line":34,"column":11949},"end":{"line":34,"column":12014}},"287":{"start":{"line":34,"column":11963},"end":{"line":34,"column":11973}},"288":{"start":{"line":34,"column":11973},"end":{"line":34,"column":12013}},"289":{"start":{"line":34,"column":12014},"end":{"line":34,"column":12073}},"290":{"start":{"line":34,"column":12028},"end":{"line":34,"column":12072}},"291":{"start":{"line":34,"column":12073},"end":{"line":34,"column":12129}},"292":{"start":{"line":34,"column":12087},"end":{"line":34,"column":12128}},"293":{"start":{"line":34,"column":12129},"end":{"line":34,"column":12317}},"294":{"start":{"line":34,"column":12142},"end":{"line":34,"column":12148}},"295":{"start":{"line":34,"column":12148},"end":{"line":34,"column":12316}},"296":{"start":{"line":34,"column":12317},"end":{"line":34,"column":12487}},"297":{"start":{"line":34,"column":12330},"end":{"line":34,"column":12356}},"298":{"start":{"line":34,"column":12356},"end":{"line":34,"column":12486}},"299":{"start":{"line":34,"column":12487},"end":{"line":34,"column":12561}},"300":{"start":{"line":34,"column":12501},"end":{"line":34,"column":12560}},"301":{"start":{"line":34,"column":12561},"end":{"line":34,"column":12719}},"302":{"start":{"line":34,"column":12574},"end":{"line":34,"column":12585}},"303":{"start":{"line":34,"column":12585},"end":{"line":34,"column":12666}},"304":{"start":{"line":34,"column":12610},"end":{"line":34,"column":12666}},"305":{"start":{"line":34,"column":12666},"end":{"line":34,"column":12718}},"306":{"start":{"line":34,"column":12719},"end":{"line":34,"column":12874}},"307":{"start":{"line":34,"column":12735},"end":{"line":34,"column":12745}},"308":{"start":{"line":34,"column":12745},"end":{"line":34,"column":12873}},"309":{"start":{"line":34,"column":12874},"end":{"line":34,"column":13086}},"310":{"start":{"line"
[...]
rt":{"line":1504,"column":14},"end":{"line":1504,"column":44}},{"start":{"line":1504,"column":48},"end":{"line":1504,"column":126}}]},"125":{"line":1504,"type":"binary-expr","locations":[{"start":{"line":1504,"column":65},"end":{"line":1504,"column":82}},{"start":{"line":1504,"column":86},"end":{"line":1504,"column":95}}]},"126":{"line":1504,"type":"binary-expr","locations":[{"start":{"line":1504,"column":97},"end":{"line":1504,"column":113}},{"start":{"line":1504,"column":117},"end":{"line":1504,"column":125}}]},"127":{"line":1507,"type":"cond-expr","locations":[{"start":{"line":1507,"column":25},"end":{"line":1507,"column":31}},{"start":{"line":1507,"column":34},"end":{"line":1507,"column":36}}]},"128":{"line":1510,"type":"if","locations":[{"start":{"line":1510,"column":4},"end":{"line":1510,"column":4}},{"start":{"line":1510,"column":4},"end":{"line":1510,"column":4}}]},"129":{"line":1510,"type":"binary-expr","locations":[{"start":{"line":1510,"column":8},"end":{"line":1510,"column":17}},{"start":{"line":1510,"column":22},"end":{"line":1510,"column":52}},{"start":{"line":1510,"column":56},"end":{"line":1510,"column":135}}]},"130":{"line":1510,"type":"binary-expr","locations":[{"start":{"line":1510,"column":74},"end":{"line":1510,"column":91}},{"start":{"line":1510,"column":95},"end":{"line":1510,"column":104}}]},"131":{"line":1510,"type":"binary-expr","locations":[{"start":{"line":1510,"column":106},"end":{"line":1510,"column":122}},{"start":{"line":1510,"column":126},"end":{"line":1510,"column":134}}]},"132":{"line":1511,"type":"cond-expr","locations":[{"start":{"line":1511,"column":66},"end":{"line":1511,"column":94}},{"start":{"line":1511,"column":97},"end":{"line":1511,"column":111}}]},"133":{"line":1511,"type":"binary-expr","locations":[{"start":{"line":1511,"column":66},"end":{"line":1511,"column":82}},{"start":{"line":1511,"column":86},"end":{"line":1511,"column":94}}]},"134":{"line":1511,"type":"binary-expr","locations":[{"start":{"line":1511,"column":131},"end":{"line":1511,"column":148}},{"start":{"line":1511,"column":152},"end":{"line":1511,"column":161}}]},"135":{"line":1525,"type":"if","locations":[{"start":{"line":1525,"column":2},"end":{"line":1525,"column":2}},{"start":{"line":1525,"column":2},"end":{"line":1525,"column":2}}]},"136":{"line":1526,"type":"binary-expr","locations":[{"start":{"line":1526,"column":11},"end":{"line":1526,"column":35}},{"start":{"line":1526,"column":39},"end":{"line":1526,"column":62}}]},"137":{"line":1529,"type":"if","locations":[{"start":{"line":1529,"column":2},"end":{"line":1529,"column":2}},{"start":{"line":1529,"column":2},"end":{"line":1529,"column":2}}]},"138":{"line":1530,"type":"binary-expr","locations":[{"start":{"line":1530,"column":11},"end":{"line":1530,"column":35}},{"start":{"line":1530,"column":39},"end":{"line":1530,"column":62}}]},"139":{"line":1533,"type":"if","locations":[{"start":{"line":1533,"column":2},"end":{"line":1533,"column":2}},{"start":{"line":1533,"column":2},"end":{"line":1533,"column":2}}]},"140":{"line":1534,"type":"binary-expr","locations":[{"start":{"line":1534,"column":11},"end":{"line":1534,"column":37}},{"start":{"line":1534,"column":41},"end":{"line":1534,"column":66}}]},"141":{"line":1537,"type":"if","locations":[{"start":{"line":1537,"column":2},"end":{"line":1537,"column":2}},{"start":{"line":1537,"column":2},"end":{"line":1537,"column":2}}]},"142":{"line":1553,"type":"binary-expr","locations":[{"start":{"line":1553,"column":17},"end":{"line":1553,"column":29}},{"start":{"line":1553,"column":33},"end":{"line":1553,"column":35}}]},"143":{"line":1554,"type":"binary-expr","locations":[{"start":{"line":1554,"column":19},"end":{"line":1554,"column":33}},{"start":{"line":1554,"column":37},"end":{"line":1554,"column":39}}]},"144":{"line":1559,"type":"binary-expr","locations":[{"start":{"line":1559,"column":11},"end":{"line":1559,"column":22}},{"start":{"line":1559,"column":26},"end":{"line":1559,"column":60}}]},"145":{"line":1563,"type":"if","locations":[{"start":{"line":1563,"column":4},"end":{"line":1563,"column":4}},{"start":{"line":1563,"column":4},"end":{"line":1563,"column":4}}]},"146":{"line":1563,"type":"binary-expr","locations":[{"start":{"line":1563,"column":8},"end":{"line":1563,"column":32}},{"start":{"line":1563,"column":36},"end":{"line":1563,"column":65}}]},"147":{"line":1566,"type":"if","locations":[{"start":{"line":1566,"column":9},"end":{"line":1566,"column":9}},{"start":{"line":1566,"column":9},"end":{"line":1566,"column":9}}]},"148":{"line":1567,"type":"cond-expr","locations":[{"start":{"line":1567,"column":74},"end":{"line":1567,"column":125}},{"start":{"line":1567,"column":128},"end":{"line":1567,"column":143}}]},"149":{"line":1567,"type":"cond-expr","locations":[{"start":{"line":1567,"column":201},"end":{"line":1567,"column":258}},{"start":{"line":1567,"column":261},"end":{"line":1567,"column":282}}]},"150":{"line":1571,"type":"binary-expr","locations":[{"start":{"line":1571,"column":10},"end":{"line":1571,"column":35}},{"start":{"line":1571,"column":39},"end":{"line":1571,"column":66}}]},"151":{"line":1624,"type":"if","locations":[{"start":{"line":1624,"column":4},"end":{"line":1624,"column":4}},{"start":{"line":1624,"column":4},"end":{"line":1624,"column":4}}]},"152":{"line":1624,"type":"binary-expr","locations":[{"start":{"line":1624,"column":8},"end":{"line":1624,"column":42}},{"start":{"line":1625,"column":8},"end":{"line":1625,"column":46}},{"start":{"line":1626,"column":8},"end":{"line":1626,"column":46}}]},"153":{"line":1632,"type":"if","locations":[{"start":{"line":1632,"column":2},"end":{"line":1632,"column":2}},{"start":{"line":1632,"column":2},"end":{"line":1632,"column":2}}]},"154":{"line":1641,"type":"if","locations":[{"start":{"line":1641,"column":8},"end":{"line":1641,"column":8}},{"start":{"line":1641,"column":8},"end":{"line":1641,"column":8}}]},"155":{"line":1689,"type":"if","locations":[{"start":{"line":1689,"column":4},"end":{"line":1689,"column":4}},{"start":{"line":1689,"column":4},"end":{"line":1689,"column":4}}]},"156":{"line":1714,"type":"if","locations":[{"start":{"line":1714,"column":4},"end":{"line":1714,"column":4}},{"start":{"line":1714,"column":4},"end":{"line":1714,"column":4}}]},"157":{"line":1729,"type":"if","locations":[{"start":{"line":1729,"column":2},"end":{"line":1729,"column":2}},{"start":{"line":1729,"column":2},"end":{"line":1729,"column":2}}]},"158":{"line":1737,"type":"if","locations":[{"start":{"line":1737,"column":2},"end":{"line":1737,"column":2}},{"start":{"line":1737,"column":2},"end":{"line":1737,"column":2}}]},"159":{"line":1745,"type":"if","locations":[{"start":{"line":1745,"column":2},"end":{"line":1745,"column":2}},{"start":{"line":1745,"column":2},"end":{"line":1745,"column":2}}]},"160":{"line":1753,"type":"if","locations":[{"start":{"line":1753,"column":2},"end":{"line":1753,"column":2}},{"start":{"line":1753,"column":2},"end":{"line":1753,"column":2}}]},"161":{"line":1787,"type":"if","locations":[{"start":{"line":1787,"column":10},"end":{"line":1787,"column":10}},{"start":{"line":1787,"column":10},"end":{"line":1787,"column":10}}]},"162":{"line":1854,"type":"if","locations":[{"start":{"line":1854,"column":2},"end":{"line":1854,"column":2}},{"start":{"line":1854,"column":2},"end":{"line":1854,"column":2}}]},"163":{"line":1855,"type":"if","locations":[{"start":{"line":1855,"column":4},"end":{"line":1855,"column":4}},{"start":{"line":1855,"column":4},"end":{"line":1855,"column":4}}]},"164":{"line":1859,"type":"if","locations":[{"start":{"line":1859,"column":6},"end":{"line":1859,"column":6}},{"start":{"line":1859,"column":6},"end":{"line":1859,"column":6}}]},"165":{"line":1890,"type":"if","locations":[{"start":{"line":1890,"column":4},"end":{"line":1890,"column":4}},{"start":{"line":1890,"column":4},"end":{"line":1890,"column":4}}]},"166":{"line":1892,"type":"if","locations":[{"start":{"line":1892,"column":11},"end":{"line":1892,"column":11}},{"start":{"line":1892,"column":11},"end":{"line":1892,"column":11}}]},"167":{"line":1894,"type":"if","locations":[{"start":{"line":1894,"column":11},"end":{"line":1894,"column":11}},{"start":{"line":1894,"column":11},"end":{"line":1894,"column":11}}]},"168":{"line":1896,"type":"if","locations":[{"start":{"line":1896,"column":11},"end":{"line":1896,"column":11}},{"start":{"line":1896,"column":11},"end":{"line":1896,"column":11}}]},"169":{"line":1898,"type":"if","locations":[{"start":{"line":1898,"column":11},"end":{"line":1898,"column":11}},{"start":{"line":1898,"column":11},"end":{"line":1898,"column":11}}]},"170":{"line":1900,"type":"if","locations":[{"start":{"line":1900,"column":11},"end":{"line":1900,"column":11}},{"start":{"line":1900,"column":11},"end":{"line":1900,"column":11}}]},"171":{"line":1902,"type":"if","locations":[{"start":{"line":1902,"column":11},"end":{"line":1902,"column":11}},{"start":{"line":1902,"column":11},"end":{"line":1902,"column":11}}]},"172":{"line":1904,"type":"if","locations":[{"start":{"line":1904,"column":11},"end":{"line":1904,"column":11}},{"start":{"line":1904,"column":11},"end":{"line":1904,"column":11}}]},"173":{"line":1906,"type":"if","locations":[{"start":{"line":1906,"column":11},"end":{"line":1906,"column":11}},{"start":{"line":1906,"column":11},"end":{"line":1906,"column":11}}]},"174":{"line":1908,"type":"if","locations":[{"start":{"line":1908,"column":11},"end":{"line":1908,"column":11}},{"start":{"line":1908,"column":11},"end":{"line":1908,"column":11}}]},"175":{"line":1910,"type":"if","locations":[{"start":{"line":1910,"column":11},"end":{"line":1910,"column":11}},{"start":{"line":1910,"column":11},"end":{"line":1910,"column":11}}]},"176":{"line":1911,"type":"cond-expr","locations":[{"start":{"line":1911,"column":75},"end":{"line":1911,"column":82}},{"start":{"line":1911,"column":85},"end":{"line":1911,"column":93}}]},"177":{"line":1912,"type":"if","locations":[{"start":{"line":1912,"column":11},"end":{"line":1912,"column":11}},{"start":{"line":1912,"column":11},"end":{"line":1912,"column":11}}]},"178":{"line":1912,"type":"binary-expr","locations":[{"start":{"line":1912,"column":15},"end":{"line":1912,"column":38}},{"start":{"line":1912,"column":42},"end":{"line":1912,"column":66}}]},"179":{"line":1914,"type":"if","locations":[{"start":{"line":1914,"column":6},"end":{"line":1914,"column":6}},{"start":{"line":1914,"column":6},"end":{"line":1914,"column":6}}]},"180":{"line":1930,"type":"if","locations":[{"start":{"line":1930,"column":4},"end":{"line":1930,"column":4}},{"start":{"line":1930,"column":4},"end":{"line":1930,"column":4}}]},"181":{"line":1931,"type":"if","locations":[{"start":{"line":1931,"column":4},"end":{"line":1931,"column":4}},{"start":{"line":1931,"column":4},"end":{"line":1931,"column":4}}]},"182":{"line":1932,"type":"cond-expr","locations":[{"start":{"line":1932,"column":41},"end":{"line":1933,"column":80}},{"start":{"line":1933,"column":84},"end":{"line":1933,"column":89}}]},"183":{"line":1932,"type":"binary-expr","locations":[{"start":{"line":1932,"column":41},"end":{"line":1932,"column":93}},{"start":{"line":1933,"column":41},"end":{"line":1933,"column":80}}]},"184":{"line":1958,"type":"if","locations":[{"start":{"line":1958,"column":2},"end":{"line":1958,"column":2}},{"start":{"line":1958,"column":2},"end":{"line":1958,"column":2}}]},"185":{"line":1965,"type":"if","locations":[{"start":{"line":1965,"column":4},"end":{"line":1965,"column":4}},{"start":{"line":1965,"column":4},"end":{"line":1965,"column":4}}]},"186":{"line":1974,"type":"if","locations":[{"start":{"line":1974,"column":2},"end":{"line":1974,"column":2}},{"start":{"line":1974,"column":2},"end":{"line":1974,"column":2}}]},"187":{"line":1984,"type":"if","locations":[{"start":{"line":1984,"column":4},"end":{"line":1984,"column":4}},{"start":{"line":1984,"column":4},"end":{"line":1984,"column":4}}]},"188":{"line":1992,"type":"if","locations":[{"start":{"line":1992,"column":4},"end":{"line":1992,"column":4}},{"start":{"line":1992,"column":4},"end":{"line":1992,"column":4}}]},"189":{"line":2019,"type":"if","locations":[{"start":{"line":2019,"column":2},"end":{"line":2019,"column":2}},{"start":{"line":2019,"column":2},"end":{"line":2019,"column":2}}]},"190":{"line":2028,"type":"if","locations":[{"start":{"line":2028,"column":2},"end":{"line":2028,"column":2}},{"start":{"line":2028,"column":2},"end":{"line":2028,"column":2}}]},"191":{"line":2037,"type":"if","locations":[{"start":{"line":2037,"column":2},"end":{"line":2037,"column":2}},{"start":{"line":2037,"column":2},"end":{"line":2037,"column":2}}]},"192":{"line":2065,"type":"if","locations":[{"start":{"line":2065,"column":4},"end":{"line":2065,"column":4}},{"start":{"line":2065,"column":4},"end":{"line":2065,"column":4}}]},"193":{"line":2065,"type":"binary-expr","locations":[{"start":{"line":2065,"column":8},"end":{"line":2065,"column":39}},{"start":{"line":2065,"column":43},"end":{"line":2065,"column":85}}]},"194":{"line":2065,"type":"binary-expr","locations":[{"start":{"line":2065,"column":45},"end":{"line":2065,"column":55}},{"start":{"line":2065,"column":59},"end":{"line":2065,"column":84}}]},"195":{"line":2070,"type":"if","locations":[{"start":{"line":2070,"column":8},"end":{"line":2070,"column":8}},{"start":{"line":2070,"column":8},"end":{"line":2070,"column":8}}]},"196":{"line":2070,"type":"binary-expr","locations":[{"start":{"line":2070,"column":12},"end":{"line":2070,"column":43}},{"start":{"line":2070,"column":47},"end":{"line":2070,"column":66}}]},"197":{"line":2085,"type":"if","locations":[{"start":{"line":2085,"column":8},"end":{"line":2085,"column":8}},{"start":{"line":2085,"column":8},"end":{"line":2085,"column":8}}]},"198":{"line":2085,"type":"binary-expr","locations":[{"start":{"line":2085,"column":12},"end":{"line":2085,"column":35}},{"start":{"line":2085,"column":39},"end":{"line":2085,"column":90}}]},"199":{"line":2091,"type":"if","locations":[{"start":{"line":2091,"column":10},"end":{"line":2091,"column":10}},{"start":{"line":2091,"column":10},"end":{"line":2091,"column":10}}]},"200":{"line":2091,"type":"binary-expr","locations":[{"start":{"line":2091,"column":14},"end":{"line":2091,"column":45}},{"start":{"line":2091,"column":49},"end":{"line":2091,"column":71}}]},"201":{"line":2101,"type":"if","locations":[{"start":{"line":2101,"column":6},"end":{"line":2101,"column":6}},{"start":{"line":2101,"column":6},"end":{"line":2101,"column":6}}]},"202":{"line":2107,"type":"if","locations":[{"start":{"line":2107,"column":6},"end":{"line":2107,"column":6}},{"start":{"line":2107,"column":6},"end":{"line":2107,"column":6}}]},"203":{"line":2117,"type":"if","locations":[{"start":{"line":2117,"column":4},"end":{"line":2117,"column":4}},{"start":{"line":2117,"column":4},"end":{"line":2117,"column":4}}]},"204":{"line":2142,"type":"if","locations":[{"start":{"line":2142,"column":2},"end":{"line":2142,"column":2}},{"start":{"line":2142,"column":2},"end":{"line":2142,"column":2}}]},"205":{"line":2170,"type":"if","locations":[{"start":{"line":2170,"column":2},"end":{"line":2170,"column":2}},{"start":{"line":2170,"column":2},"end":{"line":2170,"column":2}}]},"206":{"line":2192,"type":"if","locations":[{"start":{"line":2192,"column":4},"end":{"line":2192,"column":4}},{"start":{"line":2192,"column":4},"end":{"line":2192,"column":4}}]},"207":{"line":2211,"type":"if","locations":[{"start":{"line":2211,"column":2},"end":{"line":2211,"column":2}},{"start":{"line":2211,"column":2},"end":{"line":2211,"column":2}}]},"208":{"line":2214,"type":"if","locations":[{"start":{"line":2214,"column":2},"end":{"line":2214,"column":2}},{"start":{"line":2214,"column":2},"end":{"line":2214,"column":2}}]},"209":{"line":2218,"type":"cond-expr","locations":[{"start":{"line":2218,"column":29},"end":{"line":2218,"column":45}},{"start":{"line":2218,"column":48},"end":{"line":2218,"column":52}}]},"210":{"line":2257,"type":"if","locations":[{"start":{"line":2257,"column":2},"end":{"line":2257,"column":2}},{"start":{"line":2257,"column":2},"end":{"line":2257,"column":2}}]},"211":{"line":2303,"type":"switch","locations":[{"start":{"line":2304,"column":6},"end":{"line":2306,"column":14}},{"start":{"line":2307,"column":6},"end":{"line":2309,"column":14}},{"start":{"line":2310,"column":6},"end":{"line":2312,"column":14}}]},"212":{"line":2324,"type":"cond-expr","locations":[{"start":{"line":2324,"column":17},"end":{"line":2324,"column":48}},{"start":{"line":2324,"column":51},"end":{"line":2324,"column":62}}]},"213":{"line":2331,"type":"binary-expr","locations":[{"start":{"line":2331,"column":9},"end":{"line":2331,"column":27}},{"start":{"line":2331,"column":31},"end":{"line":2331,"column":53}}]},"214":{"line":2351,"type":"if","locations":[{"start":{"line":2351,"column":2},"end":{"line":2351,"column":2}},{"start":{"line":2351,"column":2},"end":{"line":2351,"column":2}}]},"215":{"line":2357,"type":"if","locations":[{"start":{"line":2357,"column":2},"end":{"line":2357,"column":2}},{"start":{"line":2357,"column":2},"end":{"line":2357,"column":2}}]},"216":{"line":2366,"type":"if","locations":[{"start":{"line":2366,"column":2},"end":{"line":2366,"column":2}},{"start":{"line":2366,"column":2},"end":{"line":2366,"column":2}}]},"217":{"line":2413,"type":"if","locations":[{"start":{"line":2413,"column":2},"end":{"line":2413,"column":2}},{"start":{"line":2413,"column":2},"end":{"line":2413,"column":2}}]},"218":{"line":2417,"type":"if","locations":[{"start":{"line":2417,"column":2},"end":{"line":2417,"column":2}},{"start":{"line":2417,"column":2},"end":{"line":2417,"column":2}}]},"219":{"line":2417,"type":"binary-expr","locations":[{"start":{"line":2417,"column":6},"end":{"line":2417,"column":30}},{"start":{"line":2417,"column":34},"end":{"line":2417,"column":71}}]},"220":{"line":2421,"type":"if","locations":[{"start":{"line":2421,"column":2},"end":{"line":2421,"column":2}},{"start":{"line":2421,"column":2},"end":{"line":2421,"column":2}}]},"221":{"line":2421,"type":"binary-expr","locations":[{"start":{"line":2421,"column":6},"end":{"line":2421,"column":30}},{"start":{"line":2421,"column":34},"end":{"line":2421,"column":49}},{"start":{"line":2421,"column":53},"end":{"line":2421,"column":74}}]},"222":{"line":2456,"type":"cond-expr","locations":[{"start":{"line":2456,"column":30},"end":{"line":2456,"column":47}},{"start":{"line":2456,"column":50},"end":{"line":2456,"column":54}}]},"223":{"line":2479,"type":"if","locations":[{"start":{"line":2479,"column":2},"end":{"line":2479,"column":2}},{"start":{"line":2479,"column":2},"end":{"line":2479,"column":2}}]},"224":{"line":2500,"type":"if","locations":[{"start":{"line":2500,"column":2},"end":{"line":2500,"column":2}},{"start":{"line":2500,"column":2},"end":{"line":2500,"column":2}}]},"225":{"line":2535,"type":"if","locations":[{"start":{"line":2535,"column":2},"end":{"line":2535,"column":2}},{"start":{"line":2535,"column":2},"end":{"line":2535,"column":2}}]},"226":{"line":2554,"type":"binary-expr","locations":[{"start":{"line":2554,"column":17},"end":{"line":2554,"column":24}},{"start":{"line":2554,"column":28},"end":{"line":2554,"column":54}}]},"227":{"line":2565,"type":"if","locations":[{"start":{"line":2565,"column":2},"end":{"line":2565,"column":2}},{"start":{"line":2565,"column":2},"end":{"line":2565,"column":2}}]},"228":{"line":2566,"type":"binary-expr","locations":[{"start":{"line":2566,"column":55},"end":{"line":2566,"column":67}},{"start":{"line":2566,"column":71},"end":{"line":2566,"column":92}}]},"229":{"line":2577,"type":"if","locations":[{"start":{"line":2577,"column":2},"end":{"line":2577,"column":2}},{"start":{"line":2577,"column":2},"end":{"line":2577,"column":2}}]},"230":{"line":2579,"type":"if","locations":[{"start":{"line":2579,"column":9},"end":{"line":2579,"column":9}},{"start":{"line":2579,"column":9},"end":{"line":2579,"column":9}}]},"231":{"line":2580,"type":"binary-expr","locations":[{"start":{"line":2580,"column":78},"end":{"line":2580,"column":90}},{"start":{"line":2580,"column":94},"end":{"line":2580,"column":115}}]}}}}