TN:
SF:/Users/josecarloszambrana/Desktop/GildedRoseJS2/spec/GildedRoseSpec.js
FN:7,(anonymous_1)
FN:9,(anonymous_2)
FNF:2
FNH:1
FNDA:1,(anonymous_1)
FNDA:0,(anonymous_2)
DA:1,1
DA:2,1
DA:4,1
DA:5,1
DA:7,1
DA:9,1
DA:10,0
DA:11,0
DA:12,0
LF:9
LH:6
BRF:0
BRH:0
end_of_record
TN:
SF:/Users/josecarloszambrana/Desktop/GildedRoseJS2/src/gilded_rose.js
FN:1,Item
FN:9,update_quality
FNF:2
FNH:0
FNDA:0,Item
FNDA:0,update_quality
DA:1,1
DA:2,0
DA:3,0
DA:4,0
DA:7,1
DA:9,1
DA:10,0
DA:11,0
DA:12,0
DA:13,0
DA:14,0
DA:18,0
DA:19,0
DA:20,0
DA:21,0
DA:22,0
DA:23,0
DA:26,0
DA:27,0
DA:28,0
DA:34,0
DA:35,0
DA:37,0
DA:38,0
DA:39,0
DA:40,0
DA:41,0
DA:42,0
DA:46,0
DA:49,0
DA:50,0
DA:57,1
DA:58,1
LF:33
LH:5
BRDA:11,1,0,0
BRDA:11,1,1,0
BRDA:11,2,0,0
BRDA:11,2,1,0
BRDA:12,3,0,0
BRDA:12,3,1,0
BRDA:13,4,0,0
BRDA:13,4,1,0
BRDA:18,5,0,0
BRDA:18,5,1,0
BRDA:20,6,0,0
BRDA:20,6,1,0
BRDA:21,7,0,0
BRDA:21,7,1,0
BRDA:22,8,0,0
BRDA:22,8,1,0
BRDA:26,9,0,0
BRDA:26,9,1,0
BRDA:27,10,0,0
BRDA:27,10,1,0
BRDA:34,11,0,0
BRDA:34,11,1,0
BRDA:37,12,0,0
BRDA:37,12,1,0
BRDA:38,13,0,0
BRDA:38,13,1,0
BRDA:39,14,0,0
BRDA:39,14,1,0
BRDA:40,15,0,0
BRDA:40,15,1,0
BRDA:41,16,0,0
BRDA:41,16,1,0
BRDA:49,17,0,0
BRDA:49,17,1,0
BRF:34
BRH:0
end_of_record
TN:
SF:/Users/josecarloszambrana/Desktop/GildedRoseJS2/lib/blanket/blanket.min.js
FN:2,(anonymous_1)
FN:34,(anonymous_2)
FN:34,(anonymous_3)
FN:34,b
FN:34,c
FN:34,d
FN:34,e
FN:34,f
FN:34,g
FN:34,h
FN:34,i
FN:34,j
FN:34,k
FN:34,l
FN:34,m
FN:34,n
FN:34,o
FN:34,p
FN:34,q
FN:34,r
FN:34,s
FN:34,t
FN:34,u
FN:34,v
FN:34,w
FN:34,x
FN:34,y
FN:34,z
FN:34,A
FN:34,B
FN:34,C
FN:34,D
FN:34,E
FN:34,F
FN:34,G
FN:34,H
FN:34,I
FN:34,J
FN:34,K
FN:34,L
FN:34,M
FN:34,N
FN:34,O
FN:34,P
FN:34,(anonymous_45)
FN:34,Q
FN:34,R
FN:34,S
FN:34,T
FN:34,U
FN:34,V
FN:34,W
FN:34,X
FN:34,Y
FN:34,Z
FN:34,$
FN:34,_
FN:34,aa
FN:34,ba
FN:34,ca
FN:34,da
FN:34,ea
FN:34,fa
FN:34,ga
FN:34,ha
FN:34,ia
FN:34,ja
FN:34,ka
FN:34,la
FN:34,ma
FN:34,na
FN:34,oa
FN:34,pa
FN:34,qa
FN:34,ra
FN:34,sa
FN:34,ta
FN:34,ua
FN:34,va
FN:34,wa
FN:34,xa
FN:34,ya
FN:34,za
FN:34,Aa
FN:34,Ba
FN:34,Ca
FN:34,Da
FN:34,Ea
FN:34,Fa
FN:34,Ga
FN:34,Ha
FN:34,Ia
FN:34,Ja
FN:34,Ka
FN:34,La
FN:34,Ma
FN:34,Na
FN:34,Oa
FN:34,Pa
FN:34,Qa
FN:34,Ra
FN:34,Sa
FN:34,Ta
FN:34,Ua
FN:34,Va
FN:34,Wa
FN:34,Xa
FN:34,Ya
FN:34,Za
FN:34,$a
FN:35,(anonymous_111)
FN:35,(anonymous_112)
FN:35,(anonymous_113)
FN:35,(anonymous_114)
FN:35,(anonymous_115)
FN:35,(anonymous_116)
FN:35,(anonymous_117)
FN:35,(anonymous_118)
FN:35,(anonymous_119)
FN:35,(anonymous_120)
FN:35,(anonymous_121)
FN:35,(anonymous_122)
FN:35,(anonymous_123)
FN:35,(anonymous_124)
FN:35,(anonymous_125)
FN:35,(anonymous_126)
FN:35,(anonymous_127)
FN:35,(anonymous_128)
FN:35,(anonymous_129)
FN:35,(anonymous_130)
FN:35,(anonymous_131)
FN:35,(anonymous_132)
FN:35,(anonymous_133)
FN:35,(anonymous_134)
FN:35,(anonymous_135)
FN:35,(anonymous_136)
FN:35,(anonymous_137)
FN:35,(anonymous_138)
FN:35,(anonymous_139)
FN:35,(anonymous_140)
FN:35,(anonymous_141)
FN:35,(anonymous_142)
FN:35,(anonymous_143)
FN:35,(anonymous_144)
FN:35,(anonymous_145)
FN:35,(anonymous_146)
FN:35,(anonymous_147)
FN:35,(anonymous_148)
FN:35,(anonymous_149)
FN:35,(anonymous_150)
FN:35,(anonymous_151)
FN:35,(anonymous_152)
FN:35,(anonymous_153)
FN:39,(anonymous_154)
FN:39,c
FN:39,d
FN:39,(anonymous_157)
FN:39,(anonymous_158)
FN:39,(anonymous_159)
FN:39,(anonymous_160)
FN:39,(anonymous_161)
FN:39,(anonymous_162)
FN:39,(anonymous_163)
FN:39,(anonymous_164)
FN:39,k
FN:39,(anonymous_166)
FN:39,(anonymous_167)
FN:39,(anonymous_168)
FN:39,(anonymous_169)
FN:39,(anonymous_170)
FN:39,(anonymous_171)
FN:39,(anonymous_172)
FN:39,(anonymous_173)
FN:39,(anonymous_174)
FN:39,(anonymous_175)
FN:39,(anonymous_176)
FN:39,(anonymous_177)
FN:39,(anonymous_178)
FN:39,(anonymous_179)
FN:39,(anonymous_180)
FN:39,(anonymous_181)
FN:39,(anonymous_182)
FN:39,(anonymous_183)
FN:39,(anonymous_184)
FN:39,(anonymous_185)
FN:39,(anonymous_186)
FN:39,(anonymous_187)
FN:39,(anonymous_188)
FN:39,(anonymous_189)
FN:39,(anonymous_190)
FN:39,(anonymous_191)
FN:39,(anonymous_192)
FN:39,(anonymous_193)
FN:39,(anonymous_194)
FN:39,(anonymous_195)
FN:39,(anonymous_196)
FN:39,(anonymous_197)
FN:39,(anonymous_198)
FN:39,(anonymous_199)
FN:39,(anonymous_200)
FN:39,(anonymous_201)
FN:39,(anonymous_202)
FN:39,b
FN:39,(anonymous_204)
FN:39,(anonymous_205)
FN:39,(anonymous_206)
FN:39,(anonymous_207)
FN:39,(anonymous_208)
FN:39,(anonymous_209)
FN:39,(anonymous_210)
FN:39,(anonymous_211)
FN:39,(anonymous_212)
FN:39,(anonymous_213)
FN:39,(anonymous_214)
FN:39,(anonymous_215)
FN:39,(anonymous_216)
FN:39,(anonymous_217)
FN:39,(anonymous_218)
FN:39,(anonymous_219)
FN:39,(anonymous_220)
FN:39,(anonymous_221)
FN:39,b
FN:39,c
FN:39,d
FN:39,e
FN:39,(anonymous_226)
FN:39,(anonymous_227)
FN:39,(anonymous_228)
FN:39,(anonymous_229)
FN:39,(anonymous_230)
FN:39,(anonymous_231)
FN:39,(anonymous_232)
FN:39,(anonymous_233)
FN:39,(anonymous_234)
FN:39,(anonymous_235)
FN:39,(anonymous_236)
FN:39,(anonymous_237)
FN:39,(anonymous_238)
FN:39,(anonymous_239)
FN:39,(anonymous_240)
FN:39,(anonymous_241)
FN:39,(anonymous_242)
FN:39,(anonymous_243)
FN:39,(anonymous_244)
FN:39,(anonymous_245)
FN:39,(anonymous_246)
FN:39,(anonymous_247)
FN:39,(anonymous_248)
FN:39,(anonymous_249)
FN:39,(anonymous_250)
FN:39,(anonymous_251)
FN:39,(anonymous_252)
FN:39,(anonymous_253)
FN:39,(anonymous_254)
FN:39,(anonymous_255)
FN:39,(anonymous_256)
FN:39,(anonymous_257)
FN:39,(anonymous_258)
FN:39,(anonymous_259)
FN:39,(anonymous_260)
FN:39,(anonymous_261)
FN:39,(anonymous_262)
FN:39,(anonymous_263)
FN:39,(anonymous_264)
FN:39,(anonymous_265)
FN:39,(anonymous_266)
FN:39,(anonymous_267)
FN:39,(anonymous_268)
FN:39,(anonymous_269)
FN:39,(anonymous_270)
FN:39,(anonymous_271)
FN:39,(anonymous_272)
FN:39,(anonymous_273)
FN:39,(anonymous_274)
FN:39,(anonymous_275)
FN:39,(anonymous_276)
FN:39,(anonymous_277)
FN:39,(anonymous_278)
FN:39,(anonymous_279)
FN:39,(anonymous_280)
FN:39,(anonymous_281)
FN:39,(anonymous_282)
FNF:282
FNH:0
FNDA:0,(anonymous_1)
FNDA:0,(anonymous_2)
FNDA:0,(anonymous_3)
FNDA:0,b
FNDA:0,c
FNDA:0,d
FNDA:0,e
FNDA:0,f
FNDA:0,g
FNDA:0,h
FNDA:0,i
FNDA:0,j
FNDA:0,k
FNDA:0,l
FNDA:0,m
FNDA:0,n
FNDA:0,o
FNDA:0,p
FNDA:0,q
FNDA:0,r
FNDA:0,s
FNDA:0,t
FNDA:0,u
FNDA:0,v
FNDA:0,w
FNDA:0,x
FNDA:0,y
FNDA:0,z
FNDA:0,A
FNDA:0,B
FNDA:0,C
FNDA:0,D
FNDA:0,E
FNDA:0,F
FNDA:0,G
FNDA:0,H
FNDA:0,I
FNDA:0,J
FNDA:0,K
FNDA:0,L
FNDA:0,M
FNDA:0,N
FNDA:0,O
FNDA:0,P
FNDA:0,(anonymous_45)
FNDA:0,Q
FNDA:0,R
FNDA:0,S
FNDA:0,T
FNDA:0,U
FNDA:0,V
FNDA:0,W
FNDA:0,X
FNDA:0,Y
FNDA:0,Z
FNDA:0,$
FNDA:0,_
FNDA:0,aa
FNDA:0,ba
FNDA:0,ca
FNDA:0,da
FNDA:0,ea
FNDA:0,fa
FNDA:0,ga
FNDA:0,ha
FNDA:0,ia
FNDA:0,ja
FNDA:0,ka
FNDA:0,la
FNDA:0,ma
FNDA:0,na
FNDA:0,oa
FNDA:0,pa
FNDA:0,qa
FNDA:0,ra
FNDA:0,sa
FNDA:0,ta
FNDA:0,ua
FNDA:0,va
FNDA:0,wa
FNDA:0,xa
FNDA:0,ya
FNDA:0,za
FNDA:0,Aa
FNDA:0,Ba
FNDA:0,Ca
FNDA:0,Da
FNDA:0,Ea
FNDA:0,Fa
FNDA:0,Ga
FNDA:0,Ha
FNDA:0,Ia
FNDA:0,Ja
FNDA:0,Ka
FNDA:0,La
FNDA:0,Ma
FNDA:0,Na
FNDA:0,Oa
FNDA:0,Pa
FNDA:0,Qa
FNDA:0,Ra
FNDA:0,Sa
FNDA:0,Ta
FNDA:0,Ua
FNDA:0,Va
FNDA:0,Wa
FNDA:0,Xa
FNDA:0,Ya
FNDA:0,Za
FNDA:0,$a
FNDA:0,(anonymous_111)
FNDA:0,(anonymous_112)
FNDA:0,(anonymous_113)
FNDA:0,(anonymous_114)
FNDA:0,(anonymous_115)
FNDA:0,(anonymous_116)
FNDA:0,(anonymous_117)
FNDA:0,(anonymous_118)
FNDA:0,(anonymous_119)
FNDA:0,(anonymous_120)
FNDA:0,(anonymous_121)
FNDA:0,(anonymous_122)
FNDA:0,(anonymous_123)
FNDA:0,(anonymous_124)
FNDA:0,(anonymous_125)
FNDA:0,(anonymous_126)
FNDA:0,(anonymous_127)
FNDA:0,(anonymous_128)
FNDA:0,(anonymous_129)
FNDA:0,(anonymous_130)
FNDA:0,(anonymous_131)
FNDA:0,(anonymous_132)
FNDA:0,(anonymous_133)
FNDA:0,(anonymous_134)
FNDA:0,(anonymous_135)
FNDA:0,(anonymous_136)
FNDA:0,(anonymous_137)
FNDA:0,(anonymous_138)
FNDA:0,(anonymous_139)
FNDA:0,(anonymous_140)
FNDA:0,(anonymous_141)
FNDA:0,(anonymous_142)
FNDA:0,(anonymous_143)
FNDA:0,(anonymous_144)
FNDA:0,(anonymous_145)
FNDA:0,(anonymous_146)
FNDA:0,(anonymous_147)
FNDA:0,(anonymous_148)
FNDA:0,(anonymous_149)
FNDA:0,(anonymous_150)
FNDA:0,(anonymous_151)
FNDA:0,(anonymous_152)
FNDA:0,(anonymous_153)
FNDA:0,(anonymous_154)
FNDA:0,c
FNDA:0,d
FNDA:0,(anonymous_157)
FNDA:0,(anonymous_158)
FNDA:0,(anonymous_159)
FNDA:0,(anonymous_160)
FNDA:0,(anonymous_161)
FNDA:0,(anonymous_162)
FNDA:0,(anonymous_163)
FNDA:0,(anonymous_164)
FNDA:0,k
FNDA:0,(anonymous_166)
FNDA:0,(anonymous_167)
FNDA:0,(anonymous_168)
FNDA:0,(anonymous_169)
FNDA:0,(anonymous_170)
FNDA:0,(anonymous_171)
FNDA:0,(anonymous_172)
FNDA:0,(anonymous_173)
FNDA:0,(anonymous_174)
FNDA:0,(anonymous_175)
FNDA:0,(anonymous_176)
FNDA:0,(anonymous_177)
FNDA:0,(anonymous_178)
FNDA:0,(anonymous_179)
FNDA:0,(anonymous_180)
FNDA:0,(anonymous_181)
FNDA:0,(anonymous_182)
FNDA:0,(anonymous_183)
FNDA:0,(anonymous_184)
FNDA:0,(anonymous_185)
FNDA:0,(anonymous_186)
FNDA:0,(anonymous_187)
FNDA:0,(anonymous_188)
FNDA:0,(anonymous_189)
FNDA:0,(anonymous_190)
FNDA:0,(anonymous_191)
FNDA:0,(anonymous_192)
FNDA:0,(anonymous_193)
FNDA:0,(anonymous_194)
FNDA:0,(anonymous_195)
FNDA:0,(anonymous_196)
FNDA:0,(anonymous_197)
FNDA:0,(anonymous_198)
FNDA:0,(anonymous_199)
FNDA:0,(anonymous_200)
FNDA:0,(anonymous_201)
FNDA:0,(anonymous_202)
FNDA:0,b
FNDA:0,(anonymous_204)
FNDA:0,(anonymous_205)
FNDA:0,(anonymous_206)
FNDA:0,(anonymous_207)
FNDA:0,(anonymous_208)
FNDA:0,(anonymous_209)
FNDA:0,(anonymous_210)
FNDA:0,(anonymous_211)
FNDA:0,(anonymous_212)
FNDA:0,(anonymous_213)
FNDA:0,(anonymous_214)
FNDA:0,(anonymous_215)
FNDA:0,(anonymous_216)
FNDA:0,(anonymous_217)
FNDA:0,(anonymous_218)
FNDA:0,(anonymous_219)
FNDA:0,(anonymous_220)
FNDA:0,(anonymous_221)
FNDA:0,b
FNDA:0,c
FNDA:0,d
FNDA:0,e
FNDA:0,(anonymous_226)
FNDA:0,(anonymous_227)
FNDA:0,(anonymous_228)
FNDA:0,(anonymous_229)
FNDA:0,(anonymous_230)
FNDA:0,(anonymous_231)
FNDA:0,(anonymous_232)
FNDA:0,(anonymous_233)
FNDA:0,(anonymous_234)
FNDA:0,(anonymous_235)
FNDA:0,(anonymous_236)
FNDA:0,(anonymous_237)
FNDA:0,(anonymous_238)
FNDA:0,(anonymous_239)
FNDA:0,(anonymous_240)
FNDA:0,(anonymous_241)
FNDA:0,(anonymous_242)
FNDA:0,(anonymous_243)
FNDA:0,(anonymous_244)
FNDA:0,(anonymous_245)
FNDA:0,(anonymous_246)
FNDA:0,(anonymous_247)
FNDA:0,(anonymous_248)
FNDA:0,(anonymous_249)
FNDA:0,(anonymous_250)
FNDA:0,(anonymous_251)
FNDA:0,(anonymous_252)
FNDA:0,(anonymous_253)
FNDA:0,(anonymous_254)
FNDA:0,(anonymous_255)
FNDA:0,(anonymous_256)
FNDA:0,(anonymous_257)
FNDA:0,(anonymous_258)
FNDA:0,(anonymous_259)
FNDA:0,(anonymous_260)
FNDA:0,(anonymous_261)
FNDA:0,(anonymous_262)
FNDA:0,(anonymous_263)
FNDA:0,(anonymous_264)
FNDA:0,(anonymous_265)
FNDA:0,(anonymous_266)
FNDA:0,(anonymous_267)
FNDA:0,(anonymous_268)
FNDA:0,(anonymous_269)
FNDA:0,(anonymous_270)
FNDA:0,(anonymous_271)
FNDA:0,(anonymous_272)
FNDA:0,(anonymous_273)
FNDA:0,(anonymous_274)
FNDA:0,(anonymous_275)
FNDA:0,(anonymous_276)
FNDA:0,(anonymous_277)
FNDA:0,(anonymous_278)
FNDA:0,(anonymous_279)
FNDA:0,(anonymous_280)
FNDA:0,(anonymous_281)
FNDA:0,(anonymous_282)
DA:2,0
DA:34,0
DA:35,0
DA:39,0
LF:4
LH:0
BRDA:2,1,0,0
BRDA:2,1,1,0
BRDA:34,2,0,0
BRDA:34,2,1,0
BRDA:34,3,0,0
BRDA:34,3,1,0
BRDA:34,4,0,0
BRDA:34,4,1,0
BRDA:34,5,0,0
BRDA:34,5,1,0
BRDA:34,6,0,0
BRDA:34,6,1,0
BRDA:34,7,0,0
BRDA:34,7,1,0
BRDA:34,7,2,0
BRDA:34,7,3,0
BRDA:34,7,4,0
BRDA:34,7,5,0
BRDA:34,7,6,0
BRDA:34,8,0,0
BRDA:34,8,1,0
BRDA:34,8,2,0
BRDA:34,8,3,0
BRDA:34,9,0,0
BRDA:34,9,1,0
BRDA:34,9,2,0
BRDA:34,9,3,0
BRDA:34,9,4,0
BRDA:34,9,5,0
BRDA:34,9,6,0
BRDA:34,9,7,0
BRDA:34,9,8,0
BRDA:34,10,0,0
BRDA:34,10,1,0
BRDA:34,10,2,0
BRDA:34,10,3,0
BRDA:34,10,4,0
BRDA:34,10,5,0
BRDA:34,10,6,0
BRDA:34,10,7,0
BRDA:34,10,8,0
BRDA:34,10,9,0
BRDA:34,10,10,0
BRDA:34,11,0,0
BRDA:34,11,1,0
BRDA:34,11,2,0
BRDA:34,11,3,0
BRDA:34,11,4,0
BRDA:34,11,5,0
BRDA:34,11,6,0
BRDA:34,12,0,0
BRDA:34,12,1,0
BRDA:34,12,2,0
BRDA:34,12,3,0
BRDA:34,12,4,0
BRDA:34,12,5,0
BRDA:34,12,6,0
BRDA:34,12,7,0
BRDA:34,12,8,0
BRDA:34,12,9,0
BRDA:34,13,0,0
BRDA:34,13,1,0
BRDA:34,14,0,0
BRDA:34,14,1,0
BRDA:34,15,0,0
BRDA:34,15,1,0
BRDA:34,16,0,0
BRDA:34,16,1,0
BRDA:34,16,2,0
BRDA:34,16,3,0
BRDA:34,16,4,0
BRDA:34,16,5,0
BRDA:34,16,6,0
BRDA:34,16,7,0
BRDA:34,16,8,0
BRDA:34,17,0,0
BRDA:34,17,1,0
BRDA:34,17,2,0
BRDA:34,18,0,0
BRDA:34,18,1,0
BRDA:34,18,2,0
BRDA:34,18,3,0
BRDA:34,18,4,0
BRDA:34,19,0,0
BRDA:34,19,1,0
BRDA:34,19,2,0
BRDA:34,19,3,0
BRDA:34,19,4,0
BRDA:34,19,5,0
BRDA:34,20,0,0
BRDA:34,20,1,0
BRDA:34,20,2,0
BRDA:34,20,3,0
BRDA:34,20,4,0
BRDA:34,20,5,0
BRDA:34,20,6,0
BRDA:34,20,7,0
BRDA:34,21,0,0
BRDA:34,21,1,0
BRDA:34,21,2,0
BRDA:34,21,3,0
BRDA:34,21,4,0
BRDA:34,21,5,0
BRDA:34,22,0,0
BRDA:34,22,1,0
BRDA:34,22,2,0
BRDA:34,23,0,0
BRDA:34,23,1,0
BRDA:34,23,2,0
BRDA:34,24,0,0
BRDA:34,24,1,0
BRDA:34,25,0,0
BRDA:34,25,1,0
BRDA:34,26,0,0
BRDA:34,26,1,0
BRDA:34,27,0,0
BRDA:34,27,1,0
BRDA:34,28,0,0
BRDA:34,28,1,0
BRDA:34,29,0,0
BRDA:34,29,1,0
BRDA:34,30,0,0
BRDA:34,30,1,0
BRDA:34,30,2,0
BRDA:34,31,0,0
BRDA:34,31,1,0
BRDA:34,32,0,0
BRDA:34,32,1,0
BRDA:34,33,0,0
BRDA:34,33,1,0
BRDA:34,33,2,0
BRDA:34,34,0,0
BRDA:34,34,1,0
BRDA:34,35,0,0
BRDA:34,35,1,0
BRDA:34,36,0,0
BRDA:34,36,1,0
BRDA:34,37,0,0
BRDA:34,37,1,0
BRDA:34,38,0,0
BRDA:34,38,1,0
BRDA:34,39,0,0
BRDA:34,39,1,0
BRDA:34,40,0,0
BRDA:34,40,1,0
BRDA:34,40,2,0
BRDA:34,41,0,0
BRDA:34,41,1,0
BRDA:34,42,0,0
BRDA:34,42,1,0
BRDA:34,43,0,0
BRDA:34,43,1,0
BRDA:34,44,0,0
BRDA:34,44,1,0
BRDA:34,45,0,0
BRDA:34,45,1,0
BRDA:34,46,0,0
BRDA:34,46,1,0
BRDA:34,47,0,0
BRDA:34,47,1,0
BRDA:34,48,0,0
BRDA:34,48,1,0
BRDA:34,49,0,0
BRDA:34,49,1,0
BRDA:34,50,0,0
BRDA:34,50,1,0
BRDA:34,51,0,0
BRDA:34,51,1,0
BRDA:34,52,0,0
BRDA:34,52,1,0
BRDA:34,53,0,0
BRDA:34,53,1,0
BRDA:34,54,0,0
BRDA:34,54,1,0
BRDA:34,55,0,0
BRDA:34,55,1,0
BRDA:34,55,2,0
BRDA:34,55,3,0
BRDA:34,56,0,0
BRDA:34,56,1,0
BRDA:34,57,0,0
BRDA:34,57,1,0
BRDA:34,58,0,0
BRDA:34,58,1,0
BRDA:34,59,0,0
BRDA:34,59,1,0
BRDA:34,60,0,0
BRDA:34,60,1,0
BRDA:34,61,0,0
BRDA:34,61,1,0
BRDA:34,62,0,0
BRDA:34,62,1,0
BRDA:34,63,0,0
BRDA:34,63,1,0
BRDA:34,64,0,0
BRDA:34,64,1,0
BRDA:34,64,2,0
BRDA:34,64,3,0
BRDA:34,64,4,0
BRDA:34,64,5,0
BRDA:34,64,6,0
BRDA:34,64,7,0
BRDA:34,64,8,0
BRDA:34,64,9,0
BRDA:34,64,10,0
BRDA:34,64,11,0
BRDA:34,64,12,0
BRDA:34,65,0,0
BRDA:34,65,1,0
BRDA:34,66,0,0
BRDA:34,66,1,0
BRDA:34,67,0,0
BRDA:34,67,1,0
BRDA:34,68,0,0
BRDA:34,68,1,0
BRDA:34,69,0,0
BRDA:34,69,1,0
BRDA:34,69,2,0
BRDA:34,69,3,0
BRDA:34,69,4,0
BRDA:34,69,5,0
BRDA:34,69,6,0
BRDA:34,69,7,0
BRDA:34,69,8,0
BRDA:34,69,9,0
BRDA:34,69,10,0
BRDA:34,69,11,0
BRDA:34,70,0,0
BRDA:34,70,1,0
BRDA:34,71,0,0
BRDA:34,71,1,0
BRDA:34,72,0,0
BRDA:34,72,1,0
BRDA:34,73,0,0
BRDA:34,73,1,0
BRDA:34,73,2,0
BRDA:34,74,0,0
BRDA:34,74,1,0
BRDA:34,75,0,0
BRDA:34,75,1,0
BRDA:34,75,2,0
BRDA:34,76,0,0
BRDA:34,76,1,0
BRDA:34,77,0,0
BRDA:34,77,1,0
BRDA:34,78,0,0
BRDA:34,78,1,0
BRDA:34,79,0,0
BRDA:34,79,1,0
BRDA:34,80,0,0
BRDA:34,80,1,0
BRDA:34,81,0,0
BRDA:34,81,1,0
BRDA:34,81,2,0
BRDA:34,82,0,0
BRDA:34,82,1,0
BRDA:34,83,0,0
BRDA:34,83,1,0
BRDA:34,84,0,0
BRDA:34,84,1,0
BRDA:34,85,0,0
BRDA:34,85,1,0
BRDA:34,86,0,0
BRDA:34,86,1,0
BRDA:34,87,0,0
BRDA:34,87,1,0
BRDA:34,88,0,0
BRDA:34,88,1,0
BRDA:34,89,0,0
BRDA:34,89,1,0
BRDA:34,90,0,0
BRDA:34,90,1,0
BRDA:34,91,0,0
BRDA:34,91,1,0
BRDA:34,92,0,0
BRDA:34,92,1,0
BRDA:34,93,0,0
BRDA:34,93,1,0
BRDA:34,94,0,0
BRDA:34,94,1,0
BRDA:34,95,0,0
BRDA:34,95,1,0
BRDA:34,96,0,0
BRDA:34,96,1,0
BRDA:34,96,2,0
BRDA:34,97,0,0
BRDA:34,97,1,0
BRDA:34,98,0,0
BRDA:34,98,1,0
BRDA:34,99,0,0
BRDA:34,99,1,0
BRDA:34,100,0,0
BRDA:34,100,1,0
BRDA:34,101,0,0
BRDA:34,101,1,0
BRDA:34,102,0,0
BRDA:34,102,1,0
BRDA:34,102,2,0
BRDA:34,103,0,0
BRDA:34,103,1,0
BRDA:34,103,2,0
BRDA:34,103,3,0
BRDA:34,103,4,0
BRDA:34,103,5,0
BRDA:34,103,6,0
BRDA:34,103,7,0
BRDA:34,103,8,0
BRDA:34,104,0,0
BRDA:34,104,1,0
BRDA:34,105,0,0
BRDA:34,105,1,0
BRDA:34,106,0,0
BRDA:34,106,1,0
BRDA:34,107,0,0
BRDA:34,107,1,0
BRDA:34,107,2,0
BRDA:34,108,0,0
BRDA:34,108,1,0
BRDA:34,108,2,0
BRDA:34,108,3,0
BRDA:34,109,0,0
BRDA:34,109,1,0
BRDA:34,110,0,0
BRDA:34,110,1,0
BRDA:34,111,0,0
BRDA:34,111,1,0
BRDA:34,112,0,0
BRDA:34,112,1,0
BRDA:34,113,0,0
BRDA:34,113,1,0
BRDA:34,114,0,0
BRDA:34,114,1,0
BRDA:34,115,0,0
BRDA:34,115,1,0
BRDA:34,116,0,0
BRDA:34,116,1,0
BRDA:34,117,0,0
BRDA:34,117,1,0
BRDA:34,118,0,0
BRDA:34,118,1,0
BRDA:34,119,0,0
BRDA:34,119,1,0
BRDA:34,120,0,0
BRDA:34,120,1,0
BRDA:34,121,0,0
BRDA:34,121,1,0
BRDA:34,122,0,0
BRDA:34,122,1,0
BRDA:34,123,0,0
BRDA:34,123,1,0
BRDA:34,124,0,0
BRDA:34,124,1,0
BRDA:34,125,0,0
BRDA:34,125,1,0
BRDA:34,126,0,0
BRDA:34,126,1,0
BRDA:34,127,0,0
BRDA:34,127,1,0
BRDA:34,127,2,0
BRDA:34,127,3,0
BRDA:34,127,4,0
BRDA:34,128,0,0
BRDA:34,128,1,0
BRDA:34,128,2,0
BRDA:34,128,3,0
BRDA:34,129,0,0
BRDA:34,129,1,0
BRDA:34,130,0,0
BRDA:34,130,1,0
BRDA:34,131,0,0
BRDA:34,131,1,0
BRDA:34,132,0,0
BRDA:34,132,1,0
BRDA:34,133,0,0
BRDA:34,133,1,0
BRDA:34,134,0,0
BRDA:34,134,1,0
BRDA:34,134,2,0
BRDA:34,134,3,0
BRDA:34,134,4,0
BRDA:34,134,5,0
BRDA:34,135,0,0
BRDA:34,135,1,0
BRDA:34,136,0,0
BRDA:34,136,1,0
BRDA:34,137,0,0
BRDA:34,137,1,0
BRDA:34,138,0,0
BRDA:34,138,1,0
BRDA:34,139,0,0
BRDA:34,139,1,0
BRDA:34,140,0,0
BRDA:34,140,1,0
BRDA:34,141,0,0
BRDA:34,141,1,0
BRDA:34,142,0,0
BRDA:34,142,1,0
BRDA:34,143,0,0
BRDA:34,143,1,0
BRDA:34,144,0,0
BRDA:34,144,1,0
BRDA:34,145,0,0
BRDA:34,145,1,0
BRDA:34,146,0,0
BRDA:34,146,1,0
BRDA:34,147,0,0
BRDA:34,147,1,0
BRDA:34,148,0,0
BRDA:34,148,1,0
BRDA:34,148,2,0
BRDA:34,149,0,0
BRDA:34,149,1,0
BRDA:34,150,0,0
BRDA:34,150,1,0
BRDA:34,151,0,0
BRDA:34,151,1,0
BRDA:34,152,0,0
BRDA:34,152,1,0
BRDA:34,153,0,0
BRDA:34,153,1,0
BRDA:34,154,0,0
BRDA:34,154,1,0
BRDA:34,155,0,0
BRDA:34,155,1,0
BRDA:34,156,0,0
BRDA:34,156,1,0
BRDA:34,157,0,0
BRDA:34,157,1,0
BRDA:34,158,0,0
BRDA:34,158,1,0
BRDA:34,159,0,0
BRDA:34,159,1,0
BRDA:34,160,0,0
BRDA:34,160,1,0
BRDA:34,161,0,0
BRDA:34,161,1,0
BRDA:34,162,0,0
BRDA:34,162,1,0
BRDA:34,163,0,0
BRDA:34,163,1,0
BRDA:34,164,0,0
BRDA:34,164,1,0
BRDA:34,165,0,0
BRDA:34,165,1,0
BRDA:34,166,0,0
BRDA:34,166,1,0
BRDA:34,167,0,0
BRDA:34,167,1,0
BRDA:34,168,0,0
BRDA:34,168,1,0
BRDA:34,169,0,0
BRDA:34,169,1,0
BRDA:34,169,2,0
BRDA:34,170,0,0
BRDA:34,170,1,0
BRDA:34,170,2,0
BRDA:34,171,0,0
BRDA:34,171,1,0
BRDA:34,172,0,0
BRDA:34,172,1,0
BRDA:34,173,0,0
BRDA:34,173,1,0
BRDA:34,174,0,0
BRDA:34,174,1,0
BRDA:34,174,2,0
BRDA:34,174,3,0
BRDA:34,174,4,0
BRDA:34,174,5,0
BRDA:34,174,6,0
BRDA:34,174,7,0
BRDA:34,174,8,0
BRDA:34,174,9,0
BRDA:34,174,10,0
BRDA:34,174,11,0
BRDA:34,175,0,0
BRDA:34,175,1,0
BRDA:34,176,0,0
BRDA:34,176,1,0
BRDA:34,177,0,0
BRDA:34,177,1,0
BRDA:34,178,0,0
BRDA:34,178,1,0
BRDA:34,178,2,0
BRDA:34,179,0,0
BRDA:34,179,1,0
BRDA:34,180,0,0
BRDA:34,180,1,0
BRDA:34,181,0,0
BRDA:34,181,1,0
BRDA:34,182,0,0
BRDA:34,182,1,0
BRDA:34,182,2,0
BRDA:34,182,3,0
BRDA:34,183,0,0
BRDA:34,183,1,0
BRDA:34,184,0,0
BRDA:34,184,1,0
BRDA:34,185,0,0
BRDA:34,185,1,0
BRDA:34,185,2,0
BRDA:34,186,0,0
BRDA:34,186,1,0
BRDA:34,187,0,0
BRDA:34,187,1,0
BRDA:34,188,0,0
BRDA:34,188,1,0
BRDA:34,189,0,0
BRDA:34,189,1,0
BRDA:34,190,0,0
BRDA:34,190,1,0
BRDA:34,191,0,0
BRDA:34,191,1,0
BRDA:34,192,0,0
BRDA:34,192,1,0
BRDA:34,193,0,0
BRDA:34,193,1,0
BRDA:34,194,0,0
BRDA:34,194,1,0
BRDA:34,195,0,0
BRDA:34,195,1,0
BRDA:34,196,0,0
BRDA:34,196,1,0
BRDA:34,197,0,0
BRDA:34,197,1,0
BRDA:34,198,0,0
BRDA:34,198,1,0
BRDA:34,199,0,0
BRDA:34,199,1,0
BRDA:34,200,0,0
BRDA:34,200,1,0
BRDA:34,201,0,0
BRDA:34,201,1,0
BRDA:34,202,0,0
BRDA:34,202,1,0
BRDA:34,203,0,0
BRDA:34,203,1,0
BRDA:34,204,0,0
BRDA:34,204,1,0
BRDA:34,205,0,0
BRDA:34,205,1,0
BRDA:34,206,0,0
BRDA:34,206,1,0
BRDA:34,207,0,0
BRDA:34,207,1,0
BRDA:34,208,0,0
BRDA:34,208,1,0
BRDA:34,209,0,0
BRDA:34,209,1,0
BRDA:34,210,0,0
BRDA:34,210,1,0
BRDA:34,211,0,0
BRDA:34,211,1,0
BRDA:34,211,2,0
BRDA:34,212,0,0
BRDA:34,212,1,0
BRDA:34,213,0,0
BRDA:34,213,1,0
BRDA:34,214,0,0
BRDA:34,214,1,0
BRDA:34,215,0,0
BRDA:34,215,1,0
BRDA:34,216,0,0
BRDA:34,216,1,0
BRDA:34,217,0,0
BRDA:34,217,1,0
BRDA:34,218,0,0
BRDA:34,218,1,0
BRDA:34,219,0,0
BRDA:34,219,1,0
BRDA:34,220,0,0
BRDA:34,220,1,0
BRDA:34,221,0,0
BRDA:34,221,1,0
BRDA:34,222,0,0
BRDA:34,222,1,0
BRDA:34,223,0,0
BRDA:34,223,1,0
BRDA:34,224,0,0
BRDA:34,224,1,0
BRDA:34,225,0,0
BRDA:34,225,1,0
BRDA:34,226,0,0
BRDA:34,226,1,0
BRDA:34,227,0,0
BRDA:34,227,1,0
BRDA:34,228,0,0
BRDA:34,228,1,0
BRDA:34,229,0,0
BRDA:34,229,1,0
BRDA:34,229,2,0
BRDA:34,229,3,0
BRDA:34,229,4,0
BRDA:34,230,0,0
BRDA:34,230,1,0
BRDA:34,230,2,0
BRDA:34,230,3,0
BRDA:34,231,0,0
BRDA:34,231,1,0
BRDA:34,232,0,0
BRDA:34,232,1,0
BRDA:34,233,0,0
BRDA:34,233,1,0
BRDA:34,234,0,0
BRDA:34,234,1,0
BRDA:34,235,0,0
BRDA:34,235,1,0
BRDA:34,236,0,0
BRDA:34,236,1,0
BRDA:34,236,2,0
BRDA:34,236,3,0
BRDA:34,237,0,0
BRDA:34,237,1,0
BRDA:34,238,0,0
BRDA:34,238,1,0
BRDA:34,239,0,0
BRDA:34,239,1,0
BRDA:34,239,2,0
BRDA:34,239,3,0
BRDA:34,240,0,0
BRDA:34,240,1,0
BRDA:34,241,0,0
BRDA:34,241,1,0
BRDA:34,241,2,0
BRDA:34,242,0,0
BRDA:34,242,1,0
BRDA:34,242,2,0
BRDA:34,242,3,0
BRDA:34,243,0,0
BRDA:34,243,1,0
BRDA:34,244,0,0
BRDA:34,244,1,0
BRDA:34,245,0,0
BRDA:34,245,1,0
BRDA:34,245,2,0
BRDA:34,245,3,0
BRDA:34,245,4,0
BRDA:34,245,5,0
BRDA:34,245,6,0
BRDA:34,245,7,0
BRDA:34,245,8,0
BRDA:34,245,9,0
BRDA:34,245,10,0
BRDA:34,245,11,0
BRDA:34,245,12,0
BRDA:34,245,13,0
BRDA:34,245,14,0
BRDA:34,245,15,0
BRDA:34,245,16,0
BRDA:34,245,17,0
BRDA:34,245,18,0
BRDA:34,245,19,0
BRDA:34,245,20,0
BRDA:34,245,21,0
BRDA:34,245,22,0
BRDA:34,246,0,0
BRDA:34,246,1,0
BRDA:34,247,0,0
BRDA:34,247,1,0
BRDA:34,248,0,0
BRDA:34,248,1,0
BRDA:34,249,0,0
BRDA:34,249,1,0
BRDA:34,250,0,0
BRDA:34,250,1,0
BRDA:34,251,0,0
BRDA:34,251,1,0
BRDA:34,252,0,0
BRDA:34,252,1,0
BRDA:34,252,2,0
BRDA:34,252,3,0
BRDA:34,253,0,0
BRDA:34,253,1,0
BRDA:34,254,0,0
BRDA:34,254,1,0
BRDA:34,255,0,0
BRDA:34,255,1,0
BRDA:34,255,2,0
BRDA:34,256,0,0
BRDA:34,256,1,0
BRDA:34,257,0,0
BRDA:34,257,1,0
BRDA:34,257,2,0
BRDA:34,258,0,0
BRDA:34,258,1,0
BRDA:34,259,0,0
BRDA:34,259,1,0
BRDA:34,260,0,0
BRDA:34,260,1,0
BRDA:34,261,0,0
BRDA:34,261,1,0
BRDA:34,262,0,0
BRDA:34,262,1,0
BRDA:34,263,0,0
BRDA:34,263,1,0
BRDA:34,264,0,0
BRDA:34,264,1,0
BRDA:34,265,0,0
BRDA:34,265,1,0
BRDA:34,266,0,0
BRDA:34,266,1,0
BRDA:34,266,2,0
BRDA:34,267,0,0
BRDA:34,267,1,0
BRDA:34,268,0,0
BRDA:34,268,1,0
BRDA:34,269,0,0
BRDA:34,269,1,0
BRDA:34,270,0,0
BRDA:34,270,1,0
BRDA:34,271,0,0
BRDA:34,271,1,0
BRDA:34,272,0,0
BRDA:34,272,1,0
BRDA:34,273,0,0
BRDA:34,273,1,0
BRDA:34,274,0,0
BRDA:34,274,1,0
BRDA:34,275,0,0
BRDA:34,275,1,0
BRDA:34,276,0,0
BRDA:34,276,1,0
BRDA:34,277,0,0
BRDA:34,277,1,0
BRDA:34,278,0,0
BRDA:34,278,1,0
BRDA:34,279,0,0
BRDA:34,279,1,0
BRDA:34,280,0,0
BRDA:34,280,1,0
BRDA:34,280,2,0
BRDA:34,281,0,0
BRDA:34,281,1,0
BRDA:34,282,0,0
BRDA:34,282,1,0
BRDA:34,282,2,0
BRDA:34,283,0,0
BRDA:34,283,1,0
BRDA:34,284,0,0
BRDA:34,284,1,0
BRDA:34,284,2,0
BRDA:34,285,0,0
BRDA:34,285,1,0
BRDA:34,286,0,0
BRDA:34,286,1,0
BRDA:34,287,0,0
BRDA:34,287,1,0
BRDA:34,287,2,0
BRDA:34,287,3,0
BRDA:34,288,0,0
BRDA:34,288,1,0
BRDA:34,289,0,0
BRDA:34,289,1,0
BRDA:34,290,0,0
BRDA:34,290,1,0
BRDA:34,291,0,0
BRDA:34,291,1,0
BRDA:34,292,0,0
BRDA:34,292,1,0
BRDA:34,292,2,0
BRDA:34,292,3,0
BRDA:34,293,0,0
BRDA:34,293,1,0
BRDA:34,294,0,0
BRDA:34,294,1,0
BRDA:34,295,0,0
BRDA:34,295,1,0
BRDA:34,295,2,0
BRDA:34,296,0,0
BRDA:34,296,1,0
BRDA:34,297,0,0
BRDA:34,297,1,0
BRDA:34,298,0,0
BRDA:34,298,1,0
BRDA:34,299,0,0
BRDA:34,299,1,0
BRDA:34,300,0,0
BRDA:34,300,1,0
BRDA:34,301,0,0
BRDA:34,301,1,0
BRDA:34,302,0,0
BRDA:34,302,1,0
BRDA:34,302,2,0
BRDA:34,303,0,0
BRDA:34,303,1,0
BRDA:34,304,0,0
BRDA:34,304,1,0
BRDA:34,305,0,0
BRDA:34,305,1,0
BRDA:34,305,2,0
BRDA:34,306,0,0
BRDA:34,306,1,0
BRDA:34,307,0,0
BRDA:34,307,1,0
BRDA:34,308,0,0
BRDA:34,308,1,0
BRDA:34,309,0,0
BRDA:34,309,1,0
BRDA:34,310,0,0
BRDA:34,310,1,0
BRDA:34,311,0,0
BRDA:34,311,1,0
BRDA:34,312,0,0
BRDA:34,312,1,0
BRDA:34,312,2,0
BRDA:34,312,3,0
BRDA:34,312,4,0
BRDA:34,312,5,0
BRDA:34,312,6,0
BRDA:34,312,7,0
BRDA:34,312,8,0
BRDA:34,312,9,0
BRDA:34,312,10,0
BRDA:34,312,11,0
BRDA:34,312,12,0
BRDA:34,312,13,0
BRDA:34,313,0,0
BRDA:34,313,1,0
BRDA:34,314,0,0
BRDA:34,314,1,0
BRDA:34,315,0,0
BRDA:34,315,1,0
BRDA:34,316,0,0
BRDA:34,316,1,0
BRDA:34,316,2,0
BRDA:34,317,0,0
BRDA:34,317,1,0
BRDA:34,318,0,0
BRDA:34,318,1,0
BRDA:34,319,0,0
BRDA:34,319,1,0
BRDA:34,319,2,0
BRDA:34,320,0,0
BRDA:34,320,1,0
BRDA:34,320,2,0
BRDA:34,321,0,0
BRDA:34,321,1,0
BRDA:34,322,0,0
BRDA:34,322,1,0
BRDA:34,323,0,0
BRDA:34,323,1,0
BRDA:34,324,0,0
BRDA:34,324,1,0
BRDA:34,325,0,0
BRDA:34,325,1,0
BRDA:34,326,0,0
BRDA:34,326,1,0
BRDA:34,327,0,0
BRDA:34,327,1,0
BRDA:34,328,0,0
BRDA:34,328,1,0
BRDA:34,329,0,0
BRDA:34,329,1,0
BRDA:34,330,0,0
BRDA:34,330,1,0
BRDA:34,331,0,0
BRDA:34,331,1,0
BRDA:34,332,0,0
BRDA:34,332,1,0
BRDA:34,333,0,0
BRDA:34,333,1,0
BRDA:34,334,0,0
BRDA:34,334,1,0
BRDA:34,335,0,0
BRDA:34,335,1,0
BRDA:34,335,2,0
BRDA:34,336,0,0
BRDA:34,336,1,0
BRDA:34,336,2,0
BRDA:34,337,0,0
BRDA:34,337,1,0
BRDA:34,338,0,0
BRDA:34,338,1,0
BRDA:34,339,0,0
BRDA:34,339,1,0
BRDA:34,340,0,0
BRDA:34,340,1,0
BRDA:34,341,0,0
BRDA:34,341,1,0
BRDA:34,342,0,0
BRDA:34,342,1,0
BRDA:34,343,0,0
BRDA:34,343,1,0
BRDA:34,343,2,0
BRDA:34,344,0,0
BRDA:34,344,1,0
BRDA:34,344,2,0
BRDA:34,345,0,0
BRDA:34,345,1,0
BRDA:34,346,0,0
BRDA:34,346,1,0
BRDA:34,346,2,0
BRDA:34,346,3,0
BRDA:34,347,0,0
BRDA:34,347,1,0
BRDA:34,348,0,0
BRDA:34,348,1,0
BRDA:34,348,2,0
BRDA:34,349,0,0
BRDA:34,349,1,0
BRDA:34,350,0,0
BRDA:34,350,1,0
BRDA:34,351,0,0
BRDA:34,351,1,0
BRDA:34,351,2,0
BRDA:34,352,0,0
BRDA:34,352,1,0
BRDA:34,353,0,0
BRDA:34,353,1,0
BRDA:34,354,0,0
BRDA:34,354,1,0
BRDA:34,355,0,0
BRDA:34,355,1,0
BRDA:34,355,2,0
BRDA:34,356,0,0
BRDA:34,356,1,0
BRDA:34,357,0,0
BRDA:34,357,1,0
BRDA:34,358,0,0
BRDA:34,358,1,0
BRDA:34,359,0,0
BRDA:34,359,1,0
BRDA:34,360,0,0
BRDA:34,360,1,0
BRDA:34,360,2,0
BRDA:34,361,0,0
BRDA:34,361,1,0
BRDA:34,361,2,0
BRDA:34,362,0,0
BRDA:34,362,1,0
BRDA:34,363,0,0
BRDA:34,363,1,0
BRDA:34,364,0,0
BRDA:34,364,1,0
BRDA:34,365,0,0
BRDA:34,365,1,0
BRDA:34,366,0,0
BRDA:34,366,1,0
BRDA:34,366,2,0
BRDA:34,367,0,0
BRDA:34,367,1,0
BRDA:34,368,0,0
BRDA:34,368,1,0
BRDA:34,369,0,0
BRDA:34,369,1,0
BRDA:34,370,0,0
BRDA:34,370,1,0
BRDA:34,371,0,0
BRDA:34,371,1,0
BRDA:34,372,0,0
BRDA:34,372,1,0
BRDA:34,372,2,0
BRDA:34,372,3,0
BRDA:34,373,0,0
BRDA:34,373,1,0
BRDA:34,373,2,0
BRDA:34,374,0,0
BRDA:34,374,1,0
BRDA:34,374,2,0
BRDA:34,375,0,0
BRDA:34,375,1,0
BRDA:34,375,2,0
BRDA:34,376,0,0
BRDA:34,376,1,0
BRDA:34,377,0,0
BRDA:34,377,1,0
BRDA:34,378,0,0
BRDA:34,378,1,0
BRDA:34,379,0,0
BRDA:34,379,1,0
BRDA:35,380,0,0
BRDA:35,380,1,0
BRDA:35,381,0,0
BRDA:35,381,1,0
BRDA:35,382,0,0
BRDA:35,382,1,0
BRDA:35,383,0,0
BRDA:35,383,1,0
BRDA:35,384,0,0
BRDA:35,384,1,0
BRDA:35,384,2,0
BRDA:35,385,0,0
BRDA:35,385,1,0
BRDA:35,385,2,0
BRDA:35,386,0,0
BRDA:35,386,1,0
BRDA:35,387,0,0
BRDA:35,387,1,0
BRDA:35,388,0,0
BRDA:35,388,1,0
BRDA:35,389,0,0
BRDA:35,389,1,0
BRDA:35,390,0,0
BRDA:35,390,1,0
BRDA:35,391,0,0
BRDA:35,391,1,0
BRDA:35,392,0,0
BRDA:35,392,1,0
BRDA:35,393,0,0
BRDA:35,393,1,0
BRDA:35,394,0,0
BRDA:35,394,1,0
BRDA:35,395,0,0
BRDA:35,395,1,0
BRDA:35,396,0,0
BRDA:35,396,1,0
BRDA:35,397,0,0
BRDA:35,397,1,0
BRDA:35,398,0,0
BRDA:35,398,1,0
BRDA:35,399,0,0
BRDA:35,399,1,0
BRDA:39,400,0,0
BRDA:39,400,1,0
BRDA:39,401,0,0
BRDA:39,401,1,0
BRDA:39,402,0,0
BRDA:39,402,1,0
BRDA:39,403,0,0
BRDA:39,403,1,0
BRDA:39,404,0,0
BRDA:39,404,1,0
BRDA:39,405,0,0
BRDA:39,405,1,0
BRDA:39,406,0,0
BRDA:39,406,1,0
BRDA:39,407,0,0
BRDA:39,407,1,0
BRDA:39,408,0,0
BRDA:39,408,1,0
BRDA:39,409,0,0
BRDA:39,409,1,0
BRDA:39,410,0,0
BRDA:39,410,1,0
BRDA:39,411,0,0
BRDA:39,411,1,0
BRDA:39,412,0,0
BRDA:39,412,1,0
BRDA:39,412,2,0
BRDA:39,413,0,0
BRDA:39,413,1,0
BRDA:39,413,2,0
BRDA:39,414,0,0
BRDA:39,414,1,0
BRDA:39,415,0,0
BRDA:39,415,1,0
BRDA:39,416,0,0
BRDA:39,416,1,0
BRDA:39,417,0,0
BRDA:39,417,1,0
BRDA:39,417,2,0
BRDA:39,418,0,0
BRDA:39,418,1,0
BRDA:39,419,0,0
BRDA:39,419,1,0
BRDA:39,420,0,0
BRDA:39,420,1,0
BRDA:39,421,0,0
BRDA:39,421,1,0
BRDA:39,422,0,0
BRDA:39,422,1,0
BRDA:39,423,0,0
BRDA:39,423,1,0
BRDA:39,424,0,0
BRDA:39,424,1,0
BRDA:39,425,0,0
BRDA:39,425,1,0
BRDA:39,426,0,0
BRDA:39,426,1,0
BRDA:39,427,0,0
BRDA:39,427,1,0
BRDA:39,428,0,0
BRDA:39,428,1,0
BRDA:39,429,0,0
BRDA:39,429,1,0
BRDA:39,429,2,0
BRDA:39,430,0,0
BRDA:39,430,1,0
BRDA:39,431,0,0
BRDA:39,431,1,0
BRDA:39,432,0,0
BRDA:39,432,1,0
BRDA:39,433,0,0
BRDA:39,433,1,0
BRDA:39,433,2,0
BRDA:39,434,0,0
BRDA:39,434,1,0
BRDA:39,435,0,0
BRDA:39,435,1,0
BRDA:39,436,0,0
BRDA:39,436,1,0
BRDA:39,437,0,0
BRDA:39,437,1,0
BRDA:39,438,0,0
BRDA:39,438,1,0
BRDA:39,439,0,0
BRDA:39,439,1,0
BRDA:39,440,0,0
BRDA:39,440,1,0
BRDA:39,441,0,0
BRDA:39,441,1,0
BRDA:39,441,2,0
BRDA:39,442,0,0
BRDA:39,442,1,0
BRDA:39,442,2,0
BRDA:39,443,0,0
BRDA:39,443,1,0
BRDA:39,444,0,0
BRDA:39,444,1,0
BRDA:39,445,0,0
BRDA:39,445,1,0
BRDA:39,446,0,0
BRDA:39,446,1,0
BRDA:39,446,2,0
BRDA:39,447,0,0
BRDA:39,447,1,0
BRDA:39,448,0,0
BRDA:39,448,1,0
BRDA:39,449,0,0
BRDA:39,449,1,0
BRDA:39,449,2,0
BRDA:39,450,0,0
BRDA:39,450,1,0
BRDA:39,451,0,0
BRDA:39,451,1,0
BRDA:39,452,0,0
BRDA:39,452,1,0
BRDA:39,452,2,0
BRDA:39,453,0,0
BRDA:39,453,1,0
BRDA:39,454,0,0
BRDA:39,454,1,0
BRDA:39,454,2,0
BRDA:39,455,0,0
BRDA:39,455,1,0
BRDA:39,456,0,0
BRDA:39,456,1,0
BRDA:39,456,2,0
BRDA:39,456,3,0
BRDA:39,456,4,0
BRDA:39,456,5,0
BRDA:39,457,0,0
BRDA:39,457,1,0
BRDA:39,458,0,0
BRDA:39,458,1,0
BRDA:39,458,2,0
BRDA:39,458,3,0
BRDA:39,458,4,0
BRDA:39,458,5,0
BRDA:39,459,0,0
BRDA:39,459,1,0
BRDA:39,460,0,0
BRDA:39,460,1,0
BRDA:39,461,0,0
BRDA:39,461,1,0
BRDA:39,462,0,0
BRDA:39,462,1,0
BRDA:39,463,0,0
BRDA:39,463,1,0
BRDA:39,464,0,0
BRDA:39,464,1,0
BRDA:39,465,0,0
BRDA:39,465,1,0
BRDA:39,466,0,0
BRDA:39,466,1,0
BRDA:39,467,0,0
BRDA:39,467,1,0
BRDA:39,468,0,0
BRDA:39,468,1,0
BRDA:39,469,0,0
BRDA:39,469,1,0
BRDA:39,470,0,0
BRDA:39,470,1,0
BRDA:39,471,0,0
BRDA:39,471,1,0
BRDA:39,472,0,0
BRDA:39,472,1,0
BRDA:39,473,0,0
BRDA:39,473,1,0
BRDA:39,474,0,0
BRDA:39,474,1,0
BRDA:39,475,0,0
BRDA:39,475,1,0
BRDA:39,476,0,0
BRDA:39,476,1,0
BRDA:39,477,0,0
BRDA:39,477,1,0
BRDA:39,478,0,0
BRDA:39,478,1,0
BRDA:39,479,0,0
BRDA:39,479,1,0
BRDA:39,480,0,0
BRDA:39,480,1,0
BRDA:39,481,0,0
BRDA:39,481,1,0
BRDA:39,482,0,0
BRDA:39,482,1,0
BRDA:39,483,0,0
BRDA:39,483,1,0
BRDA:39,484,0,0
BRDA:39,484,1,0
BRDA:39,485,0,0
BRDA:39,485,1,0
BRDA:39,486,0,0
BRDA:39,486,1,0
BRDA:39,487,0,0
BRDA:39,487,1,0
BRDA:39,488,0,0
BRDA:39,488,1,0
BRDA:39,489,0,0
BRDA:39,489,1,0
BRDA:39,490,0,0
BRDA:39,490,1,0
BRDA:39,491,0,0
BRDA:39,491,1,0
BRDA:39,492,0,0
BRDA:39,492,1,0
BRDA:39,493,0,0
BRDA:39,493,1,0
BRDA:39,494,0,0
BRDA:39,494,1,0
BRDA:39,495,0,0
BRDA:39,495,1,0
BRDA:39,496,0,0
BRDA:39,496,1,0
BRDA:39,497,0,0
BRDA:39,497,1,0
BRDA:39,498,0,0
BRDA:39,498,1,0
BRDA:39,499,0,0
BRDA:39,499,1,0
BRDA:39,500,0,0
BRDA:39,500,1,0
BRDA:39,501,0,0
BRDA:39,501,1,0
BRDA:39,502,0,0
BRDA:39,502,1,0
BRDA:39,503,0,0
BRDA:39,503,1,0
BRDA:39,504,0,0
BRDA:39,504,1,0
BRDA:39,505,0,0
BRDA:39,505,1,0
BRDA:39,506,0,0
BRDA:39,506,1,0
BRDA:39,507,0,0
BRDA:39,507,1,0
BRDA:39,508,0,0
BRDA:39,508,1,0
BRDA:39,509,0,0
BRDA:39,509,1,0
BRDA:39,510,0,0
BRDA:39,510,1,0
BRDA:39,511,0,0
BRDA:39,511,1,0
BRDA:39,511,2,0
BRDA:39,512,0,0
BRDA:39,512,1,0
BRDA:39,513,0,0
BRDA:39,513,1,0
BRDA:39,514,0,0
BRDA:39,514,1,0
BRDA:39,515,0,0
BRDA:39,515,1,0
BRDA:39,516,0,0
BRDA:39,516,1,0
BRDA:39,517,0,0
BRDA:39,517,1,0
BRDA:39,518,0,0
BRDA:39,518,1,0
BRDA:39,519,0,0
BRDA:39,519,1,0
BRDA:39,520,0,0
BRDA:39,520,1,0
BRDA:39,521,0,0
BRDA:39,521,1,0
BRDA:39,522,0,0
BRDA:39,522,1,0
BRDA:39,523,0,0
BRDA:39,523,1,0
BRDA:39,524,0,0
BRDA:39,524,1,0
BRDA:39,525,0,0
BRDA:39,525,1,0
BRDA:39,525,2,0
BRDA:39,526,0,0
BRDA:39,526,1,0
BRDA:39,527,0,0
BRDA:39,527,1,0
BRDA:39,528,0,0
BRDA:39,528,1,0
BRDA:39,529,0,0
BRDA:39,529,1,0
BRDA:39,529,2,0
BRDA:39,530,0,0
BRDA:39,530,1,0
BRDA:39,531,0,0
BRDA:39,531,1,0
BRDA:39,532,0,0
BRDA:39,532,1,0
BRDA:39,533,0,0
BRDA:39,533,1,0
BRDA:39,534,0,0
BRDA:39,534,1,0
BRDA:39,535,0,0
BRDA:39,535,1,0
BRDA:39,536,0,0
BRDA:39,536,1,0
BRDA:39,537,0,0
BRDA:39,537,1,0
BRDA:39,538,0,0
BRDA:39,538,1,0
BRDA:39,539,0,0
BRDA:39,539,1,0
BRDA:39,540,0,0
BRDA:39,540,1,0
BRDA:39,541,0,0
BRDA:39,541,1,0
BRDA:39,542,0,0
BRDA:39,542,1,0
BRDA:39,543,0,0
BRDA:39,543,1,0
BRDA:39,544,0,0
BRDA:39,544,1,0
BRDA:39,544,2,0
BRDA:39,544,3,0
BRDA:39,544,4,0
BRDA:39,545,0,0
BRDA:39,545,1,0
BRDA:39,546,0,0
BRDA:39,546,1,0
BRDA:39,547,0,0
BRDA:39,547,1,0
BRDA:39,548,0,0
BRDA:39,548,1,0
BRDA:39,549,0,0
BRDA:39,549,1,0
BRDA:39,550,0,0
BRDA:39,550,1,0
BRDA:39,551,0,0
BRDA:39,551,1,0
BRDA:39,552,0,0
BRDA:39,552,1,0
BRDA:39,553,0,0
BRDA:39,553,1,0
BRDA:39,554,0,0
BRDA:39,554,1,0
BRDA:39,555,0,0
BRDA:39,555,1,0
BRDA:39,556,0,0
BRDA:39,556,1,0
BRDA:39,557,0,0
BRDA:39,557,1,0
BRDA:39,558,0,0
BRDA:39,558,1,0
BRDA:39,559,0,0
BRDA:39,559,1,0
BRDA:39,560,0,0
BRDA:39,560,1,0
BRDA:39,561,0,0
BRDA:39,561,1,0
BRDA:39,562,0,0
BRDA:39,562,1,0
BRDA:39,563,0,0
BRDA:39,563,1,0
BRDA:39,564,0,0
BRDA:39,564,1,0
BRDA:39,565,0,0
BRDA:39,565,1,0
BRDA:39,566,0,0
BRDA:39,566,1,0
BRDA:39,567,0,0
BRDA:39,567,1,0
BRDA:39,568,0,0
BRDA:39,568,1,0
BRDA:39,569,0,0
BRDA:39,569,1,0
BRDA:39,570,0,0
BRDA:39,570,1,0
BRDA:39,571,0,0
BRDA:39,571,1,0
BRDA:39,572,0,0
BRDA:39,572,1,0
BRDA:39,573,0,0
BRDA:39,573,1,0
BRDA:39,574,0,0
BRDA:39,574,1,0
BRDA:39,575,0,0
BRDA:39,575,1,0
BRDA:39,576,0,0
BRDA:39,576,1,0
BRDA:39,577,0,0
BRDA:39,577,1,0
BRDA:39,578,0,0
BRDA:39,578,1,0
BRDA:39,579,0,0
BRDA:39,579,1,0
BRDA:39,580,0,0
BRDA:39,580,1,0
BRDA:39,581,0,0
BRDA:39,581,1,0
BRDA:39,582,0,0
BRDA:39,582,1,0
BRDA:39,583,0,0
BRDA:39,583,1,0
BRDA:39,584,0,0
BRDA:39,584,1,0
BRDA:39,585,0,0
BRDA:39,585,1,0
BRDA:39,585,2,0
BRDA:39,585,3,0
BRDA:39,586,0,0
BRDA:39,586,1,0
BRDA:39,587,0,0
BRDA:39,587,1,0
BRDA:39,588,0,0
BRDA:39,588,1,0
BRDA:39,589,0,0
BRDA:39,589,1,0
BRDA:39,590,0,0
BRDA:39,590,1,0
BRDA:39,591,0,0
BRDA:39,591,1,0
BRDA:39,592,0,0
BRDA:39,592,1,0
BRDA:39,593,0,0
BRDA:39,593,1,0
BRDA:39,594,0,0
BRDA:39,594,1,0
BRDA:39,595,0,0
BRDA:39,595,1,0
BRDA:39,596,0,0
BRDA:39,596,1,0
BRDA:39,597,0,0
BRDA:39,597,1,0
BRDA:39,598,0,0
BRDA:39,598,1,0
BRDA:39,599,0,0
BRDA:39,599,1,0
BRDA:39,600,0,0
BRDA:39,600,1,0
BRDA:39,601,0,0
BRDA:39,601,1,0
BRDA:39,602,0,0
BRDA:39,602,1,0
BRDA:39,603,0,0
BRDA:39,603,1,0
BRDA:39,604,0,0
BRDA:39,604,1,0
BRDA:39,605,0,0
BRDA:39,605,1,0
BRDA:39,606,0,0
BRDA:39,606,1,0
BRDA:39,607,0,0
BRDA:39,607,1,0
BRDA:39,608,0,0
BRDA:39,608,1,0
BRDA:39,609,0,0
BRDA:39,609,1,0
BRDA:39,610,0,0
BRDA:39,610,1,0
BRDA:39,611,0,0
BRDA:39,611,1,0
BRDA:39,612,0,0
BRDA:39,612,1,0
BRDA:39,613,0,0
BRDA:39,613,1,0
BRDA:39,614,0,0
BRDA:39,614,1,0
BRDA:39,615,0,0
BRDA:39,615,1,0
BRDA:39,616,0,0
BRDA:39,616,1,0
BRDA:39,617,0,0
BRDA:39,617,1,0
BRDA:39,618,0,0
BRDA:39,618,1,0
BRDA:39,619,0,0
BRDA:39,619,1,0
BRDA:39,620,0,0
BRDA:39,620,1,0
BRDA:39,621,0,0
BRDA:39,621,1,0
BRDA:39,622,0,0
BRDA:39,622,1,0
BRDA:39,622,2,0
BRDA:39,622,3,0
BRDA:39,623,0,0
BRDA:39,623,1,0
BRDA:39,624,0,0
BRDA:39,624,1,0
BRDA:39,625,0,0
BRDA:39,625,1,0
BRDA:39,625,2,0
BRDA:39,626,0,0
BRDA:39,626,1,0
BRDA:39,627,0,0
BRDA:39,627,1,0
BRDA:39,628,0,0
BRDA:39,628,1,0
BRDA:39,629,0,0
BRDA:39,629,1,0
BRDA:39,630,0,0
BRDA:39,630,1,0
BRDA:39,631,0,0
BRDA:39,631,1,0
BRDA:39,631,2,0
BRDA:39,632,0,0
BRDA:39,632,1,0
BRDA:39,633,0,0
BRDA:39,633,1,0
BRDA:39,633,2,0
BRF:1511
BRH:0
end_of_record
TN:
SF:/Users/josecarloszambrana/Desktop/GildedRoseJS2/lib/blanket/jasmine-blanket.js
FN:1,(anonymous_1)
FN:7,elapsed
FN:11,ISODateString
FN:12,pad
FN:22,trim
FN:26,escapeInvalidXmlChars
FN:37,(anonymous_7)
FN:44,(anonymous_8)
FN:48,(anonymous_9)
FN:54,(anonymous_10)
FN:58,(anonymous_11)
FN:72,(anonymous_12)
FN:75,(anonymous_13)
FN:82,(anonymous_14)
FN:85,(anonymous_15)
FNF:15
FNH:0
FNDA:0,(anonymous_1)
FNDA:0,elapsed
FNDA:0,ISODateString
FNDA:0,pad
FNDA:0,trim
FNDA:0,escapeInvalidXmlChars
FNDA:0,(anonymous_7)
FNDA:0,(anonymous_8)
FNDA:0,(anonymous_9)
FNDA:0,(anonymous_10)
FNDA:0,(anonymous_11)
FNDA:0,(anonymous_12)
FNDA:0,(anonymous_13)
FNDA:0,(anonymous_14)
FNDA:0,(anonymous_15)
DA:1,0
DA:3,0
DA:4,0
DA:7,0
DA:8,0
DA:11,0
DA:12,0
DA:14,0
DA:22,0
DA:23,0
DA:26,0
DA:27,0
DA:37,0
DA:39,0
DA:41,0
DA:43,0
DA:45,0
DA:49,0
DA:51,0
DA:55,0
DA:59,0
DA:61,0
DA:62,0
DA:69,0
DA:72,0
DA:75,0
DA:76,0
DA:79,0
DA:83,0
DA:84,0
DA:85,0
DA:86,0
LF:32
LH:0
BRDA:3,1,0,0
BRDA:3,1,1,0
BRDA:12,2,0,0
BRDA:12,2,1,0
BRDA:61,3,0,0
BRDA:61,3,1,0
BRDA:61,4,0,0
BRDA:61,4,1,0
BRDA:76,5,0,0
BRDA:76,5,1,0
BRF:10
BRH:0
end_of_record
TN:
SF:/Users/josecarloszambrana/Desktop/GildedRoseJS2/lib/jasmine/console_runner.js
FN:10,(anonymous_1)
FN:15,size
FN:29,(anonymous_3)
FN:34,(anonymous_4)
FN:47,(anonymous_5)
FN:55,(anonymous_6)
FN:83,(anonymous_7)
FN:87,(anonymous_8)
FN:103,(anonymous_9)
FN:111,(anonymous_10)
FN:116,cssLog
FN:124,isExplorerConsole
FN:130,logTypes
FN:145,isChromeConsole
FN:155,isFirefoxConsole
FNF:15
FNH:0
FNDA:0,(anonymous_1)
FNDA:0,size
FNDA:0,(anonymous_3)
FNDA:0,(anonymous_4)
FNDA:0,(anonymous_5)
FNDA:0,(anonymous_6)
FNDA:0,(anonymous_7)
FNDA:0,(anonymous_8)
FNDA:0,(anonymous_9)
FNDA:0,(anonymous_10)
FNDA:0,cssLog
FNDA:0,isExplorerConsole
FNDA:0,logTypes
FNDA:0,isChromeConsole
FNDA:0,isFirefoxConsole
DA:10,0
DA:11,0
DA:12,0
DA:15,0
DA:16,0
DA:17,0
DA:18,0
DA:20,0
DA:23,0
DA:24,0
DA:29,0
DA:30,0
DA:31,0
DA:34,0
DA:35,0
DA:36,0
DA:39,0
DA:40,0
DA:47,0
DA:48,0
DA:49,0
DA:50,0
DA:51,0
DA:52,0
DA:55,0
DA:56,0
DA:57,0
DA:58,0
DA:59,0
DA:60,0
DA:61,0
DA:63,0
DA:64,0
DA:65,0
DA:66,0
DA:67,0
DA:69,0
DA:70,0
DA:71,0
DA:72,0
DA:74,0
DA:78,0
DA:79,0
DA:83,0
DA:84,0
DA:87,0
DA:88,0
DA:89,0
DA:90,0
DA:93,0
DA:94,0
DA:96,0
DA:97,0
DA:98,0
DA:99,0
DA:103,0
DA:104,0
DA:105,0
DA:106,0
DA:107,0
DA:108,0
DA:111,0
DA:112,0
DA:113,0
DA:116,0
DA:117,0
DA:118,0
DA:120,0
DA:124,0
DA:125,0
DA:126,0
DA:128,0
DA:130,0
DA:131,0
DA:132,0
DA:134,0
DA:135,0
DA:137,0
DA:138,0
DA:141,0
DA:142,0
DA:145,0
DA:146,0
DA:147,0
DA:149,0
DA:151,0
DA:152,0
DA:155,0
DA:156,0
DA:157,0
DA:159,0
DA:161,0
DA:162,0
DA:165,0
LF:94
LH:0
BRDA:11,1,0,0
BRDA:11,1,1,0
BRDA:18,2,0,0
BRDA:18,2,1,0
BRDA:35,3,0,0
BRDA:35,3,1,0
BRDA:35,4,0,0
BRDA:35,4,1,0
BRDA:56,5,0,0
BRDA:56,5,1,0
BRDA:56,6,0,0
BRDA:56,6,1,0
BRDA:64,7,0,0
BRDA:64,7,1,0
BRDA:65,8,0,0
BRDA:65,8,1,0
BRDA:66,9,0,0
BRDA:66,9,1,0
BRDA:74,10,0,0
BRDA:74,10,1,0
BRDA:88,11,0,0
BRDA:88,11,1,0
BRDA:98,12,0,0
BRDA:98,12,1,0
BRDA:104,13,0,0
BRDA:104,13,1,0
BRDA:107,14,0,0
BRDA:107,14,1,0
BRDA:112,15,0,0
BRDA:112,15,1,0
BRDA:117,16,0,0
BRDA:117,16,1,0
BRDA:125,17,0,0
BRDA:125,17,1,0
BRDA:125,18,0,0
BRDA:125,18,1,0
BRDA:131,19,0,0
BRDA:131,19,1,0
BRDA:134,20,0,0
BRDA:134,20,1,0
BRDA:137,21,0,0
BRDA:137,21,1,0
BRDA:141,22,0,0
BRDA:141,22,1,0
BRDA:146,23,0,0
BRDA:146,23,1,0
BRDA:151,24,0,0
BRDA:151,24,1,0
BRDA:156,25,0,0
BRDA:156,25,1,0
BRDA:156,26,0,0
BRDA:156,26,1,0
BRDA:159,27,0,0
BRDA:159,27,1,0
BRDA:161,28,0,0
BRDA:161,28,1,0
BRF:56
BRH:0
end_of_record
TN:
SF:/Users/josecarloszambrana/Desktop/GildedRoseJS2/lib/jasmine/jasmine-html.js
FN:3,(anonymous_1)
FN:29,(anonymous_2)
FN:39,(anonymous_3)
FN:55,(anonymous_4)
FN:61,(anonymous_5)
FN:72,(anonymous_6)
FN:86,(anonymous_7)
FN:90,(anonymous_8)
FN:94,(anonymous_9)
FN:100,(anonymous_10)
FN:104,(anonymous_11)
FN:115,(anonymous_12)
FN:125,focusedSpecName
FN:128,memoizeFocusedSpec
FN:147,createReporterDom
FN:161,(anonymous_16)
FN:169,(anonymous_17)
FN:175,(anonymous_18)
FN:179,(anonymous_19)
FN:184,(anonymous_20)
FN:201,(anonymous_21)
FN:228,(anonymous_22)
FN:236,(anonymous_23)
FN:282,(anonymous_24)
FN:298,showDetails
FN:304,isUndefined
FN:308,isDefined
FN:312,specPluralizedFor
FN:325,(anonymous_29)
FN:350,(anonymous_30)
FN:354,(anonymous_31)
FN:372,(anonymous_32)
FN:377,(anonymous_33)
FN:403,(anonymous_34)
FN:415,(anonymous_35)
FN:419,(anonymous_36)
FN:427,(anonymous_37)
FN:433,(anonymous_38)
FN:457,(anonymous_39)
FN:499,(anonymous_40)
FN:507,(anonymous_41)
FN:516,(anonymous_42)
FN:536,(anonymous_43)
FN:545,(anonymous_44)
FN:551,(anonymous_45)
FN:589,(anonymous_46)
FN:600,(anonymous_47)
FN:604,(anonymous_48)
FNF:48
FNH:0
FNDA:0,(anonymous_1)
FNDA:0,(anonymous_2)
FNDA:0,(anonymous_3)
FNDA:0,(anonymous_4)
FNDA:0,(anonymous_5)
FNDA:0,(anonymous_6)
FNDA:0,(anonymous_7)
FNDA:0,(anonymous_8)
FNDA:0,(anonymous_9)
FNDA:0,(anonymous_10)
FNDA:0,(anonymous_11)
FNDA:0,(anonymous_12)
FNDA:0,focusedSpecName
FNDA:0,memoizeFocusedSpec
FNDA:0,createReporterDom
FNDA:0,(anonymous_16)
FNDA:0,(anonymous_17)
FNDA:0,(anonymous_18)
FNDA:0,(anonymous_19)
FNDA:0,(anonymous_20)
FNDA:0,(anonymous_21)
FNDA:0,(anonymous_22)
FNDA:0,(anonymous_23)
FNDA:0,(anonymous_24)
FNDA:0,showDetails
FNDA:0,isUndefined
FNDA:0,isDefined
FNDA:0,specPluralizedFor
FNDA:0,(anonymous_29)
FNDA:0,(anonymous_30)
FNDA:0,(anonymous_31)
FNDA:0,(anonymous_32)
FNDA:0,(anonymous_33)
FNDA:0,(anonymous_34)
FNDA:0,(anonymous_35)
FNDA:0,(anonymous_36)
FNDA:0,(anonymous_37)
FNDA:0,(anonymous_38)
FNDA:0,(anonymous_39)
FNDA:0,(anonymous_40)
FNDA:0,(anonymous_41)
FNDA:0,(anonymous_42)
FNDA:0,(anonymous_43)
FNDA:0,(anonymous_44)
FNDA:0,(anonymous_45)
FNDA:0,(anonymous_46)
FNDA:0,(anonymous_47)
FNDA:0,(anonymous_48)
DA:1,0
DA:3,0
DA:4,0
DA:6,0
DA:7,0
DA:9,0
DA:10,0
DA:12,0
DA:13,0
DA:18,0
DA:19,0
DA:20,0
DA:22,0
DA:26,0
DA:29,0
DA:30,0
DA:31,0
DA:32,0
DA:33,0
DA:36,0
DA:39,0
DA:40,0
DA:41,0
DA:42,0
DA:44,0
DA:45,0
DA:46,0
DA:48,0
DA:51,0
DA:55,0
DA:56,0
DA:57,0
DA:61,0
DA:62,0
DA:63,0
DA:65,0
DA:67,0
DA:70,0
DA:72,0
DA:73,0
DA:75,0
DA:76,0
DA:79,0
DA:80,0
DA:82,0
DA:83,0
DA:86,0
DA:87,0
DA:90,0
DA:91,0
DA:94,0
DA:95,0
DA:96,0
DA:100,0
DA:101,0
DA:104,0
DA:105,0
DA:106,0
DA:107,0
DA:108,0
DA:110,0
DA:115,0
DA:116,0
DA:117,0
DA:120,0
DA:123,0
DA:125,0
DA:126,0
DA:128,0
DA:129,0
DA:130,0
DA:133,0
DA:134,0
DA:136,0
DA:137,0
DA:138,0
DA:141,0
DA:144,0
DA:147,0
DA:148,0
DA:161,0
DA:162,0
DA:163,0
DA:164,0
DA:165,0
DA:166,0
DA:167,0
DA:169,0
DA:170,0
DA:175,0
DA:176,0
DA:179,0
DA:180,0
DA:184,0
DA:185,0
DA:187,0
DA:192,0
DA:193,0
DA:194,0
DA:195,0
DA:196,0
DA:201,0
DA:202,0
DA:204,0
DA:205,0
DA:208,0
DA:210,0
DA:212,0
DA:213,0
DA:216,0
DA:217,0
DA:220,0
DA:221,0
DA:224,0
DA:225,0
DA:228,0
DA:229,0
DA:230,0
DA:231,0
DA:233,0
DA:236,0
DA:238,0
DA:239,0
DA:243,0
DA:244,0
DA:245,0
DA:247,0
DA:250,0
DA:251,0
DA:254,0
DA:256,0
DA:257,0
DA:261,0
DA:262,0
DA:264,0
DA:267,0
DA:268,0
DA:270,0
DA:272,0
DA:273,0
DA:274,0
DA:278,0
DA:279,0
DA:282,0
DA:283,0
DA:285,0
DA:287,0
DA:288,0
DA:290,0
DA:293,0
DA:296,0
DA:298,0
DA:299,0
DA:300,0
DA:304,0
DA:305,0
DA:308,0
DA:309,0
DA:312,0
DA:313,0
DA:314,0
DA:315,0
DA:317,0
DA:322,0
DA:325,0
DA:326,0
DA:327,0
DA:328,0
DA:330,0
DA:331,0
DA:333,0
DA:341,0
DA:350,0
DA:351,0
DA:354,0
DA:355,0
DA:357,0
DA:359,0
DA:362,0
DA:363,0
DA:366,0
DA:367,0
DA:368,0
DA:372,0
DA:373,0
DA:374,0
DA:377,0
DA:378,0
DA:380,0
DA:381,0
DA:383,0
DA:384,0
DA:386,0
DA:387,0
DA:388,0
DA:389,0
DA:391,0
DA:392,0
DA:397,0
DA:398,0
DA:399,0
DA:403,0
DA:404,0
DA:405,0
DA:406,0
DA:408,0
DA:412,0
DA:415,0
DA:416,0
DA:419,0
DA:420,0
DA:423,0
DA:427,0
DA:428,0
DA:429,0
DA:430,0
DA:433,0
DA:434,0
DA:436,0
DA:437,0
DA:439,0
DA:440,0
DA:442,0
DA:446,0
DA:447,0
DA:448,0
DA:450,0
DA:454,0
DA:457,0
DA:458,0
DA:460,0
DA:480,0
DA:482,0
DA:483,0
DA:484,0
DA:485,0
DA:488,0
DA:489,0
DA:490,0
DA:491,0
DA:493,0
DA:496,0
DA:498,0
DA:499,0
DA:500,0
DA:501,0
DA:503,0
DA:507,0
DA:508,0
DA:509,0
DA:511,0
DA:516,0
DA:517,0
DA:518,0
DA:519,0
DA:521,0
DA:522,0
DA:523,0
DA:524,0
DA:525,0
DA:526,0
DA:529,0
DA:530,0
DA:531,0
DA:533,0
DA:536,0
DA:537,0
DA:538,0
DA:539,0
DA:540,0
DA:542,0
DA:545,0
DA:546,0
DA:547,0
DA:551,0
DA:552,0
DA:553,0
DA:554,0
DA:555,0
DA:557,0
DA:566,0
DA:567,0
DA:568,0
DA:569,0
DA:571,0
DA:572,0
DA:573,0
DA:574,0
DA:576,0
DA:577,0
DA:582,0
DA:583,0
DA:586,0
DA:589,0
DA:590,0
DA:591,0
DA:592,0
DA:593,0
DA:595,0
DA:600,0
DA:601,0
DA:604,0
DA:605,0
DA:606,0
DA:607,0
DA:608,0
DA:609,0
DA:612,0
DA:613,0
DA:615,0
LF:310
LH:0
BRDA:9,1,0,0
BRDA:9,1,1,0
BRDA:12,2,0,0
BRDA:12,2,1,0
BRDA:19,3,0,0
BRDA:19,3,1,0
BRDA:31,4,0,0
BRDA:31,4,1,0
BRDA:32,5,0,0
BRDA:32,5,1,0
BRDA:41,6,0,0
BRDA:41,6,1,0
BRDA:44,7,0,0
BRDA:44,7,1,0
BRDA:45,8,0,0
BRDA:45,8,1,0
BRDA:63,9,0,0
BRDA:63,9,1,0
BRDA:73,10,0,0
BRDA:73,10,1,0
BRDA:75,11,0,0
BRDA:75,11,1,0
BRDA:87,12,0,0
BRDA:87,12,1,0
BRDA:95,13,0,0
BRDA:95,13,1,0
BRDA:106,14,0,0
BRDA:106,14,1,0
BRDA:106,15,0,0
BRDA:106,15,1,0
BRDA:107,16,0,0
BRDA:107,16,1,0
BRDA:116,17,0,0
BRDA:116,17,1,0
BRDA:129,18,0,0
BRDA:129,18,1,0
BRDA:195,19,0,0
BRDA:195,19,1,0
BRDA:204,20,0,0
BRDA:204,20,1,0
BRDA:210,21,0,0
BRDA:210,21,1,0
BRDA:210,21,2,0
BRDA:230,22,0,0
BRDA:230,22,1,0
BRDA:238,23,0,0
BRDA:238,23,1,0
BRDA:243,24,0,0
BRDA:243,24,1,0
BRDA:250,25,0,0
BRDA:250,25,1,0
BRDA:256,26,0,0
BRDA:256,26,1,0
BRDA:256,27,0,0
BRDA:256,27,1,0
BRDA:261,28,0,0
BRDA:261,28,1,0
BRDA:267,29,0,0
BRDA:267,29,1,0
BRDA:272,30,0,0
BRDA:272,30,1,0
BRDA:272,31,0,0
BRDA:272,31,1,0
BRDA:287,32,0,0
BRDA:287,32,1,0
BRDA:299,33,0,0
BRDA:299,33,1,0
BRDA:314,34,0,0
BRDA:314,34,1,0
BRDA:357,35,0,0
BRDA:357,35,1,0
BRDA:357,35,2,0
BRDA:386,36,0,0
BRDA:386,36,1,0
BRDA:388,37,0,0
BRDA:388,37,1,0
BRDA:388,38,0,0
BRDA:388,38,1,0
BRDA:388,38,2,0
BRDA:391,39,0,0
BRDA:391,39,1,0
BRDA:397,40,0,0
BRDA:397,40,1,0
BRDA:428,41,0,0
BRDA:428,41,1,0
BRDA:439,42,0,0
BRDA:439,42,1,0
BRDA:442,43,0,0
BRDA:442,43,1,0
BRDA:447,44,0,0
BRDA:447,44,1,0
BRDA:490,45,0,0
BRDA:490,45,1,0
BRDA:500,46,0,0
BRDA:500,46,1,0
BRDA:508,47,0,0
BRDA:508,47,1,0
BRDA:518,48,0,0
BRDA:518,48,1,0
BRDA:525,49,0,0
BRDA:525,49,1,0
BRDA:529,50,0,0
BRDA:529,50,1,0
BRDA:529,51,0,0
BRDA:529,51,1,0
BRDA:538,52,0,0
BRDA:538,52,1,0
BRDA:539,53,0,0
BRDA:539,53,1,0
BRDA:546,54,0,0
BRDA:546,54,1,0
BRDA:553,55,0,0
BRDA:553,55,1,0
BRDA:554,56,0,0
BRDA:554,56,1,0
BRDA:571,57,0,0
BRDA:571,57,1,0
BRDA:573,58,0,0
BRDA:573,58,1,0
BRDA:573,59,0,0
BRDA:573,59,1,0
BRDA:573,59,2,0
BRDA:576,60,0,0
BRDA:576,60,1,0
BRDA:582,61,0,0
BRDA:582,61,1,0
BRDA:591,62,0,0
BRDA:591,62,1,0
BRDA:591,63,0,0
BRDA:591,63,1,0
BRDA:592,64,0,0
BRDA:592,64,1,0
BRDA:612,65,0,0
BRDA:612,65,1,0
BRF:134
BRH:0
end_of_record
TN:
SF:/Users/josecarloszambrana/Desktop/GildedRoseJS2/lib/jasmine/jasmine.js
FN:13,(anonymous_1)
FN:54,(anonymous_2)
FN:55,getGlobal
FN:70,(anonymous_4)
FN:73,(anonymous_5)
FN:87,(anonymous_6)
FN:93,(anonymous_7)
FN:106,(anonymous_8)
FN:118,(anonymous_9)
FN:122,(anonymous_10)
FN:129,(anonymous_11)
FN:140,(anonymous_12)
FN:150,(anonymous_13)
FN:160,(anonymous_14)
FN:171,(anonymous_15)
FN:181,(anonymous_16)
FN:193,(anonymous_17)
FN:207,(anonymous_18)
FN:222,(anonymous_19)
FN:270,(anonymous_20)
FN:282,(anonymous_21)
FN:318,(anonymous_22)
FN:335,(anonymous_23)
FN:336,(anonymous_24)
FN:354,(anonymous_25)
FN:355,(anonymous_26)
FN:376,(anonymous_27)
FN:395,(anonymous_28)
FN:403,(anonymous_29)
FN:405,(anonymous_30)
FN:433,(anonymous_31)
FN:444,(anonymous_32)
FN:460,(anonymous_33)
FN:480,(anonymous_34)
FN:498,(anonymous_35)
FN:511,(anonymous_36)
FN:525,(anonymous_37)
FN:535,(anonymous_38)
FN:546,(anonymous_39)
FN:558,(anonymous_40)
FN:570,(anonymous_41)
FN:582,(anonymous_42)
FN:602,(anonymous_43)
FN:613,(anonymous_44)
FN:620,(anonymous_45)
FN:621,tryIt
FN:629,(anonymous_47)
FN:632,(anonymous_48)
FN:635,(anonymous_49)
FN:638,(anonymous_50)
FN:658,(anonymous_51)
FN:662,(anonymous_52)
FN:668,(anonymous_53)
FN:695,(anonymous_54)
FN:702,(anonymous_55)
FN:708,(anonymous_56)
FN:718,(anonymous_57)
FN:728,(anonymous_58)
FN:737,(anonymous_59)
FN:754,(anonymous_60)
FN:765,(anonymous_61)
FN:782,(anonymous_62)
FN:789,(anonymous_63)
FN:797,(anonymous_64)
FN:801,(anonymous_65)
FN:805,(anonymous_66)
FN:825,(anonymous_67)
FN:835,(anonymous_68)
FN:843,(anonymous_69)
FN:847,(anonymous_70)
FN:856,(anonymous_71)
FN:858,(anonymous_72)
FN:863,(anonymous_73)
FN:875,(anonymous_74)
FN:878,(anonymous_75)
FN:883,(anonymous_76)
FN:902,(anonymous_77)
FN:910,(anonymous_78)
FN:940,(anonymous_79)
FN:1000,(anonymous_80)
FN:1010,(anonymous_81)
FN:1017,(anonymous_82)
FN:1021,(anonymous_83)
FN:1025,(anonymous_84)
FN:1029,(anonymous_85)
FN:1033,(anonymous_86)
FN:1037,(anonymous_87)
FN:1041,(anonymous_88)
FN:1052,(anonymous_89)
FN:1058,(anonymous_90)
FN:1075,(anonymous_91)
FN:1082,(anonymous_92)
FN:1091,(anonymous_93)
FN:1095,(anonymous_94)
FN:1113,(anonymous_95)
FN:1117,(anonymous_96)
FN:1122,(anonymous_97)
FN:1127,(anonymous_98)
FN:1131,(anonymous_99)
FN:1139,(anonymous_100)
FN:1142,(anonymous_101)
FN:1151,(anonymous_102)
FN:1179,(anonymous_103)
FN:1188,(anonymous_104)
FN:1193,(anonymous_105)
FN:1197,(anonymous_106)
FN:1205,(anonymous_107)
FN:1206,(anonymous_108)
FN:1224,(anonymous_109)
FN:1254,(anonymous_110)
FN:1263,(anonymous_111)
FN:1272,(anonymous_112)
FN:1281,(anonymous_113)
FN:1291,(anonymous_114)
FN:1300,(anonymous_115)
FN:1307,(anonymous_116)
FN:1314,(anonymous_117)
FN:1321,(anonymous_118)
FN:1328,(anonymous_119)
FN:1329,(anonymous_120)
FN:1339,(anonymous_121)
FN:1347,(anonymous_122)
FN:1355,(anonymous_123)
FN:1364,(anonymous_124)
FN:1382,(anonymous_125)
FN:1391,(anonymous_126)
FN:1407,(anonymous_127)
FN:1412,(anonymous_128)
FN:1430,(anonymous_129)
FN:1436,(anonymous_130)
FN:1451,(anonymous_131)
FN:1461,(anonymous_132)
FN:1465,(anonymous_133)
FN:1469,(anonymous_134)
FN:1480,(anonymous_135)
FN:1492,(anonymous_136)
FN:1509,(anonymous_137)
FN:1520,(anonymous_138)
FN:1524,(anonymous_139)
FN:1544,(anonymous_140)
FN:1548,(anonymous_141)
FN:1552,(anonymous_142)
FN:1558,(anonymous_143)
FN:1574,(anonymous_144)
FN:1580,(anonymous_145)
FN:1584,(anonymous_146)
FN:1590,(anonymous_147)
FN:1596,(anonymous_148)
FN:1600,(anonymous_149)
FN:1606,(anonymous_150)
FN:1612,(anonymous_151)
FN:1619,(anonymous_152)
FN:1633,(anonymous_153)
FN:1654,(anonymous_154)
FN:1670,(anonymous_155)
FN:1675,(anonymous_156)
FN:1680,(anonymous_157)
FN:1684,(anonymous_158)
FN:1688,(anonymous_159)
FN:1697,(anonymous_160)
FN:1701,(anonymous_161)
FN:1713,(anonymous_162)
FN:1719,(anonymous_163)
FN:1728,(anonymous_164)
FN:1736,(anonymous_165)
FN:1744,(anonymous_166)
FN:1752,(anonymous_167)
FN:1763,(anonymous_168)
FN:1768,(anonymous_169)
FN:1772,(anonymous_170)
FN:1783,(anonymous_171)
FN:1784,(anonymous_172)
FN:1800,(anonymous_173)
FN:1828,(anonymous_174)
FN:1838,(anonymous_175)
FN:1845,(anonymous_176)
FN:1853,(anonymous_177)
FN:1872,(anonymous_178)
FN:1878,(anonymous_179)
FN:1887,(anonymous_180)
FN:1928,(anonymous_181)
FN:1942,(anonymous_182)
FN:1949,(anonymous_183)
FN:1953,(anonymous_184)
FN:1957,(anonymous_185)
FN:1973,(anonymous_186)
FN:1983,(anonymous_187)
FN:2002,(anonymous_188)
FN:2005,(anonymous_189)
FN:2018,(anonymous_190)
FN:2027,(anonymous_191)
FN:2036,(anonymous_192)
FN:2046,(anonymous_193)
FN:2052,(anonymous_194)
FN:2058,(anonymous_195)
FN:2069,(anonymous_196)
FN:2087,(anonymous_197)
FN:2114,(anonymous_198)
FN:2131,(anonymous_199)
FN:2140,(anonymous_200)
FN:2145,(anonymous_201)
FN:2150,(anonymous_202)
FN:2155,(anonymous_203)
FN:2161,(anonymous_204)
FN:2165,(anonymous_205)
FN:2169,(anonymous_206)
FN:2176,(anonymous_207)
FN:2185,(anonymous_208)
FN:2189,(anonymous_209)
FN:2199,(anonymous_210)
FN:2210,(anonymous_211)
FN:2232,(anonymous_212)
FN:2237,(anonymous_213)
FN:2246,(anonymous_214)
FN:2250,(anonymous_215)
FN:2256,(anonymous_216)
FN:2267,(anonymous_217)
FN:2271,(anonymous_218)
FN:2283,(anonymous_219)
FN:2296,(anonymous_220)
FN:2321,(anonymous_221)
FN:2330,(anonymous_222)
FN:2334,(anonymous_223)
FN:2336,(anonymous_224)
FN:2344,(anonymous_225)
FN:2348,(anonymous_226)
FN:2356,(anonymous_227)
FN:2364,(anonymous_228)
FN:2378,(anonymous_229)
FN:2383,(anonymous_230)
FN:2408,(anonymous_231)
FN:2412,(anonymous_232)
FN:2437,(anonymous_233)
FN:2454,(anonymous_234)
FN:2468,(anonymous_235)
FN:2476,(anonymous_236)
FN:2484,(anonymous_237)
FN:2489,(anonymous_238)
FN:2494,(anonymous_239)
FN:2498,(anonymous_240)
FN:2509,(anonymous_241)
FN:2513,(anonymous_242)
FN:2517,(anonymous_243)
FN:2521,(anonymous_244)
FN:2523,(anonymous_245)
FN:2527,(anonymous_246)
FN:2534,(anonymous_247)
FN:2538,(anonymous_248)
FN:2553,(anonymous_249)
FN:2564,(anonymous_250)
FN:2591,(anonymous_251)
FNF:251
FNH:0
FNDA:0,(anonymous_1)
FNDA:0,(anonymous_2)
FNDA:0,getGlobal
FNDA:0,(anonymous_4)
FNDA:0,(anonymous_5)
FNDA:0,(anonymous_6)
FNDA:0,(anonymous_7)
FNDA:0,(anonymous_8)
FNDA:0,(anonymous_9)
FNDA:0,(anonymous_10)
FNDA:0,(anonymous_11)
FNDA:0,(anonymous_12)
FNDA:0,(anonymous_13)
FNDA:0,(anonymous_14)
FNDA:0,(anonymous_15)
FNDA:0,(anonymous_16)
FNDA:0,(anonymous_17)
FNDA:0,(anonymous_18)
FNDA:0,(anonymous_19)
FNDA:0,(anonymous_20)
FNDA:0,(anonymous_21)
FNDA:0,(anonymous_22)
FNDA:0,(anonymous_23)
FNDA:0,(anonymous_24)
FNDA:0,(anonymous_25)
FNDA:0,(anonymous_26)
FNDA:0,(anonymous_27)
FNDA:0,(anonymous_28)
FNDA:0,(anonymous_29)
FNDA:0,(anonymous_30)
FNDA:0,(anonymous_31)
FNDA:0,(anonymous_32)
FNDA:0,(anonymous_33)
FNDA:0,(anonymous_34)
FNDA:0,(anonymous_35)
FNDA:0,(anonymous_36)
FNDA:0,(anonymous_37)
FNDA:0,(anonymous_38)
FNDA:0,(anonymous_39)
FNDA:0,(anonymous_40)
FNDA:0,(anonymous_41)
FNDA:0,(anonymous_42)
FNDA:0,(anonymous_43)
FNDA:0,(anonymous_44)
FNDA:0,(anonymous_45)
FNDA:0,tryIt
FNDA:0,(anonymous_47)
FNDA:0,(anonymous_48)
FNDA:0,(anonymous_49)
FNDA:0,(anonymous_50)
FNDA:0,(anonymous_51)
FNDA:0,(anonymous_52)
FNDA:0,(anonymous_53)
FNDA:0,(anonymous_54)
FNDA:0,(anonymous_55)
FNDA:0,(anonymous_56)
FNDA:0,(anonymous_57)
FNDA:0,(anonymous_58)
FNDA:0,(anonymous_59)
FNDA:0,(anonymous_60)
FNDA:0,(anonymous_61)
FNDA:0,(anonymous_62)
FNDA:0,(anonymous_63)
FNDA:0,(anonymous_64)
FNDA:0,(anonymous_65)
FNDA:0,(anonymous_66)
FNDA:0,(anonymous_67)
FNDA:0,(anonymous_68)
FNDA:0,(anonymous_69)
FNDA:0,(anonymous_70)
FNDA:0,(anonymous_71)
FNDA:0,(anonymous_72)
FNDA:0,(anonymous_73)
FNDA:0,(anonymous_74)
FNDA:0,(anonymous_75)
FNDA:0,(anonymous_76)
FNDA:0,(anonymous_77)
FNDA:0,(anonymous_78)
FNDA:0,(anonymous_79)
FNDA:0,(anonymous_80)
FNDA:0,(anonymous_81)
FNDA:0,(anonymous_82)
FNDA:0,(anonymous_83)
FNDA:0,(anonymous_84)
FNDA:0,(anonymous_85)
FNDA:0,(anonymous_86)
FNDA:0,(anonymous_87)
FNDA:0,(anonymous_88)
FNDA:0,(anonymous_89)
FNDA:0,(anonymous_90)
FNDA:0,(anonymous_91)
FNDA:0,(anonymous_92)
FNDA:0,(anonymous_93)
FNDA:0,(anonymous_94)
FNDA:0,(anonymous_95)
FNDA:0,(anonymous_96)
FNDA:0,(anonymous_97)
FNDA:0,(anonymous_98)
FNDA:0,(anonymous_99)
FNDA:0,(anonymous_100)
FNDA:0,(anonymous_101)
FNDA:0,(anonymous_102)
FNDA:0,(anonymous_103)
FNDA:0,(anonymous_104)
FNDA:0,(anonymous_105)
FNDA:0,(anonymous_106)
FNDA:0,(anonymous_107)
FNDA:0,(anonymous_108)
FNDA:0,(anonymous_109)
FNDA:0,(anonymous_110)
FNDA:0,(anonymous_111)
FNDA:0,(anonymous_112)
FNDA:0,(anonymous_113)
FNDA:0,(anonymous_114)
FNDA:0,(anonymous_115)
FNDA:0,(anonymous_116)
FNDA:0,(anonymous_117)
FNDA:0,(anonymous_118)
FNDA:0,(anonymous_119)
FNDA:0,(anonymous_120)
FNDA:0,(anonymous_121)
FNDA:0,(anonymous_122)
FNDA:0,(anonymous_123)
FNDA:0,(anonymous_124)
FNDA:0,(anonymous_125)
FNDA:0,(anonymous_126)
FNDA:0,(anonymous_127)
FNDA:0,(anonymous_128)
FNDA:0,(anonymous_129)
FNDA:0,(anonymous_130)
FNDA:0,(anonymous_131)
FNDA:0,(anonymous_132)
FNDA:0,(anonymous_133)
FNDA:0,(anonymous_134)
FNDA:0,(anonymous_135)
FNDA:0,(anonymous_136)
FNDA:0,(anonymous_137)
FNDA:0,(anonymous_138)
FNDA:0,(anonymous_139)
FNDA:0,(anonymous_140)
FNDA:0,(anonymous_141)
FNDA:0,(anonymous_142)
FNDA:0,(anonymous_143)
FNDA:0,(anonymous_144)
FNDA:0,(anonymous_145)
FNDA:0,(anonymous_146)
FNDA:0,(anonymous_147)
FNDA:0,(anonymous_148)
FNDA:0,(anonymous_149)
FNDA:0,(anonymous_150)
FNDA:0,(anonymous_151)
FNDA:0,(anonymous_152)
FNDA:0,(anonymous_153)
FNDA:0,(anonymous_154)
FNDA:0,(anonymous_155)
FNDA:0,(anonymous_156)
FNDA:0,(anonymous_157)
FNDA:0,(anonymous_158)
FNDA:0,(anonymous_159)
FNDA:0,(anonymous_160)
FNDA:0,(anonymous_161)
FNDA:0,(anonymous_162)
FNDA:0,(anonymous_163)
FNDA:0,(anonymous_164)
FNDA:0,(anonymous_165)
FNDA:0,(anonymous_166)
FNDA:0,(anonymous_167)
FNDA:0,(anonymous_168)
FNDA:0,(anonymous_169)
FNDA:0,(anonymous_170)
FNDA:0,(anonymous_171)
FNDA:0,(anonymous_172)
FNDA:0,(anonymous_173)
FNDA:0,(anonymous_174)
FNDA:0,(anonymous_175)
FNDA:0,(anonymous_176)
FNDA:0,(anonymous_177)
FNDA:0,(anonymous_178)
FNDA:0,(anonymous_179)
FNDA:0,(anonymous_180)
FNDA:0,(anonymous_181)
FNDA:0,(anonymous_182)
FNDA:0,(anonymous_183)
FNDA:0,(anonymous_184)
FNDA:0,(anonymous_185)
FNDA:0,(anonymous_186)
FNDA:0,(anonymous_187)
FNDA:0,(anonymous_188)
FNDA:0,(anonymous_189)
FNDA:0,(anonymous_190)
FNDA:0,(anonymous_191)
FNDA:0,(anonymous_192)
FNDA:0,(anonymous_193)
FNDA:0,(anonymous_194)
FNDA:0,(anonymous_195)
FNDA:0,(anonymous_196)
FNDA:0,(anonymous_197)
FNDA:0,(anonymous_198)
FNDA:0,(anonymous_199)
FNDA:0,(anonymous_200)
FNDA:0,(anonymous_201)
FNDA:0,(anonymous_202)
FNDA:0,(anonymous_203)
FNDA:0,(anonymous_204)
FNDA:0,(anonymous_205)
FNDA:0,(anonymous_206)
FNDA:0,(anonymous_207)
FNDA:0,(anonymous_208)
FNDA:0,(anonymous_209)
FNDA:0,(anonymous_210)
FNDA:0,(anonymous_211)
FNDA:0,(anonymous_212)
FNDA:0,(anonymous_213)
FNDA:0,(anonymous_214)
FNDA:0,(anonymous_215)
FNDA:0,(anonymous_216)
FNDA:0,(anonymous_217)
FNDA:0,(anonymous_218)
FNDA:0,(anonymous_219)
FNDA:0,(anonymous_220)
FNDA:0,(anonymous_221)
FNDA:0,(anonymous_222)
FNDA:0,(anonymous_223)
FNDA:0,(anonymous_224)
FNDA:0,(anonymous_225)
FNDA:0,(anonymous_226)
FNDA:0,(anonymous_227)
FNDA:0,(anonymous_228)
FNDA:0,(anonymous_229)
FNDA:0,(anonymous_230)
FNDA:0,(anonymous_231)
FNDA:0,(anonymous_232)
FNDA:0,(anonymous_233)
FNDA:0,(anonymous_234)
FNDA:0,(anonymous_235)
FNDA:0,(anonymous_236)
FNDA:0,(anonymous_237)
FNDA:0,(anonymous_238)
FNDA:0,(anonymous_239)
FNDA:0,(anonymous_240)
FNDA:0,(anonymous_241)
FNDA:0,(anonymous_242)
FNDA:0,(anonymous_243)
FNDA:0,(anonymous_244)
FNDA:0,(anonymous_245)
FNDA:0,(anonymous_246)
FNDA:0,(anonymous_247)
FNDA:0,(anonymous_248)
FNDA:0,(anonymous_249)
FNDA:0,(anonymous_250)
FNDA:0,(anonymous_251)
DA:1,0
DA:8,0
DA:9,0
DA:13,0
DA:14,0
DA:23,0
DA:29,0
DA:35,0
DA:40,0
DA:45,0
DA:52,0
DA:54,0
DA:55,0
DA:56,0
DA:59,0
DA:70,0
DA:71,0
DA:72,0
DA:73,0
DA:74,0
DA:78,0
DA:82,0
DA:83,0
DA:84,0
DA:85,0
DA:87,0
DA:88,0
DA:89,0
DA:90,0
DA:93,0
DA:94,0
DA:95,0
DA:96,0
DA:97,0
DA:98,0
DA:100,0
DA:103,0
DA:106,0
DA:107,0
DA:108,0
DA:109,0
DA:110,0
DA:111,0
DA:112,0
DA:114,0
DA:115,0
DA:118,0
DA:119,0
DA:122,0
DA:123,0
DA:129,0
DA:130,0
DA:131,0
DA:140,0
DA:141,0
DA:150,0
DA:151,0
DA:160,0
DA:161,0
DA:171,0
DA:172,0
DA:181,0
DA:182,0
DA:183,0
DA:184,0
DA:193,0
DA:194,0
DA:207,0
DA:208,0
DA:222,0
DA:223,0
DA:270,0
DA:274,0
DA:278,0
DA:282,0
DA:291,0
DA:303,0
DA:304,0
DA:318,0
DA:319,0
DA:320,0
DA:335,0
DA:336,0
DA:337,0
DA:339,0
DA:354,0
DA:355,0
DA:356,0
DA:358,0
DA:376,0
DA:377,0
DA:378,0
DA:395,0
DA:396,0
DA:397,0
DA:398,0
DA:399,0
DA:400,0
DA:403,0
DA:405,0
DA:406,0
DA:407,0
DA:408,0
DA:409,0
DA:410,0
DA:411,0
DA:412,0
DA:413,0
DA:416,0
DA:418,0
DA:419,0
DA:422,0
DA:424,0
DA:433,0
DA:434,0
DA:444,0
DA:445,0
DA:446,0
DA:448,0
DA:449,0
DA:450,0
DA:452,0
DA:460,0
DA:461,0
DA:462,0
DA:480,0
DA:481,0
DA:483,0
DA:498,0
DA:499,0
DA:501,0
DA:511,0
DA:512,0
DA:514,0
DA:525,0
DA:526,0
DA:528,0
DA:535,0
DA:536,0
DA:538,0
DA:546,0
DA:547,0
DA:549,0
DA:558,0
DA:559,0
DA:561,0
DA:570,0
DA:571,0
DA:573,0
DA:582,0
DA:583,0
DA:585,0
DA:602,0
DA:603,0
DA:605,0
DA:613,0
DA:614,0
DA:616,0
DA:620,0
DA:621,0
DA:622,0
DA:623,0
DA:626,0
DA:629,0
DA:630,0
DA:633,0
DA:636,0
DA:639,0
DA:642,0
DA:644,0
DA:649,0
DA:658,0
DA:662,0
DA:664,0
DA:665,0
DA:668,0
DA:669,0
DA:670,0
DA:671,0
DA:673,0
DA:674,0
DA:677,0
DA:679,0
DA:680,0
DA:682,0
DA:683,0
DA:686,0
DA:688,0
DA:689,0
DA:692,0
DA:695,0
DA:696,0
DA:697,0
DA:702,0
DA:703,0
DA:704,0
DA:705,0
DA:708,0
DA:709,0
DA:710,0
DA:718,0
DA:719,0
DA:720,0
DA:721,0
DA:723,0
DA:725,0
DA:726,0
DA:727,0
DA:728,0
DA:729,0
DA:732,0
DA:733,0
DA:734,0
DA:737,0
DA:738,0
DA:740,0
DA:742,0
DA:746,0
DA:747,0
DA:748,0
DA:749,0
DA:754,0
DA:755,0
DA:756,0
DA:758,0
DA:765,0
DA:766,0
DA:767,0
DA:770,0
DA:771,0
DA:772,0
DA:773,0
DA:775,0
DA:776,0
DA:782,0
DA:783,0
DA:789,0
DA:790,0
DA:797,0
DA:798,0
DA:801,0
DA:802,0
DA:805,0
DA:806,0
DA:808,0
DA:809,0
DA:810,0
DA:812,0
DA:815,0
DA:817,0
DA:818,0
DA:819,0
DA:821,0
DA:824,0
DA:825,0
DA:826,0
DA:830,0
DA:832,0
DA:835,0
DA:836,0
DA:837,0
DA:839,0
DA:843,0
DA:844,0
DA:847,0
DA:848,0
DA:849,0
DA:851,0
DA:856,0
DA:857,0
DA:863,0
DA:864,0
DA:865,0
DA:866,0
DA:868,0
DA:869,0
DA:872,0
DA:875,0
DA:876,0
DA:883,0
DA:884,0
DA:885,0
DA:887,0
DA:888,0
DA:890,0
DA:891,0
DA:893,0
DA:894,0
DA:896,0
DA:897,0
DA:899,0
DA:902,0
DA:903,0
DA:904,0
DA:907,0
DA:908,0
DA:910,0
DA:911,0
DA:914,0
DA:915,0
DA:916,0
DA:919,0
DA:920,0
DA:921,0
DA:924,0
DA:925,0
DA:926,0
DA:927,0
DA:931,0
DA:932,0
DA:935,0
DA:936,0
DA:937,0
DA:940,0
DA:941,0
DA:942,0
DA:944,0
DA:945,0
DA:946,0
DA:947,0
DA:950,0
DA:952,0
DA:953,0
DA:956,0
DA:957,0
DA:960,0
DA:961,0
DA:964,0
DA:965,0
DA:968,0
DA:969,0
DA:972,0
DA:973,0
DA:976,0
DA:977,0
DA:980,0
DA:981,0
DA:984,0
DA:985,0
DA:988,0
DA:989,0
DA:992,0
DA:993,0
DA:997,0
DA:1000,0
DA:1001,0
DA:1002,0
DA:1003,0
DA:1005,0
DA:1007,0
DA:1010,0
DA:1011,0
DA:1017,0
DA:1021,0
DA:1025,0
DA:1029,0
DA:1033,0
DA:1037,0
DA:1041,0
DA:1052,0
DA:1053,0
DA:1054,0
DA:1055,0
DA:1058,0
DA:1059,0
DA:1060,0
DA:1063,0
DA:1064,0
DA:1066,0
DA:1069,0
DA:1075,0
DA:1076,0
DA:1077,0
DA:1078,0
DA:1079,0
DA:1082,0
DA:1083,0
DA:1084,0
DA:1085,0
DA:1086,0
DA:1087,0
DA:1091,0
DA:1092,0
DA:1095,0
DA:1096,0
DA:1097,0
DA:1104,0
DA:1105,0
DA:1106,0
DA:1107,0
DA:1110,0
DA:1113,0
DA:1114,0
DA:1117,0
DA:1118,0
DA:1122,0
DA:1123,0
DA:1127,0
DA:1131,0
DA:1132,0
DA:1139,0
DA:1142,0
DA:1143,0
DA:1144,0
DA:1145,0
DA:1146,0
DA:1148,0
DA:1151,0
DA:1152,0
DA:1153,0
DA:1154,0
DA:1155,0
DA:1156,0
DA:1167,0
DA:1179,0
DA:1180,0
DA:1181,0
DA:1182,0
DA:1183,0
DA:1184,0
DA:1188,0
DA:1189,0
DA:1193,0
DA:1194,0
DA:1197,0
DA:1198,0
DA:1199,0
DA:1200,0
DA:1201,0
DA:1205,0
DA:1206,0
DA:1207,0
DA:1208,0
DA:1210,0
DA:1211,0
DA:1214,0
DA:1216,0
DA:1217,0
DA:1218,0
DA:1219,0
DA:1220,0
DA:1221,0
DA:1224,0
DA:1225,0
DA:1226,0
DA:1227,0
DA:1228,0
DA:1229,0
DA:1232,0
DA:1235,0
DA:1242,0
DA:1243,0
DA:1254,0
DA:1255,0
DA:1263,0
DA:1264,0
DA:1272,0
DA:1273,0
DA:1281,0
DA:1282,0
DA:1291,0
DA:1292,0
DA:1300,0
DA:1301,0
DA:1307,0
DA:1308,0
DA:1314,0
DA:1315,0
DA:1321,0
DA:1322,0
DA:1328,0
DA:1329,0
DA:1330,0
DA:1333,0
DA:1339,0
DA:1340,0
DA:1347,0
DA:1348,0
DA:1355,0
DA:1356,0
DA:1357,0
DA:1360,0
DA:1361,0
DA:1364,0
DA:1365,0
DA:1371,0
DA:1375,0
DA:1382,0
DA:1383,0
DA:1384,0
DA:1387,0
DA:1388,0
DA:1391,0
DA:1392,0
DA:1398,0
DA:1407,0
DA:1408,0
DA:1409,0
DA:1410,0
DA:1412,0
DA:1413,0
DA:1414,0
DA:1415,0
DA:1416,0
DA:1418,0
DA:1420,0
DA:1423,0
DA:1427,0
DA:1430,0
DA:1431,0
DA:1432,0
DA:1433,0
DA:1436,0
DA:1437,0
DA:1443,0
DA:1451,0
DA:1452,0
DA:1461,0
DA:1462,0
DA:1465,0
DA:1466,0
DA:1469,0
DA:1470,0
DA:1480,0
DA:1481,0
DA:1482,0
DA:1484,0
DA:1492,0
DA:1493,0
DA:1494,0
DA:1495,0
DA:1496,0
DA:1498,0
DA:1499,0
DA:1501,0
DA:1503,0
DA:1504,0
DA:1507,0
DA:1509,0
DA:1510,0
DA:1511,0
DA:1513,0
DA:1517,0
DA:1520,0
DA:1521,0
DA:1524,0
DA:1525,0
DA:1526,0
DA:1529,0
DA:1530,0
DA:1533,0
DA:1534,0
DA:1537,0
DA:1538,0
DA:1541,0
DA:1544,0
DA:1545,0
DA:1548,0
DA:1549,0
DA:1552,0
DA:1553,0
DA:1554,0
DA:1556,0
DA:1558,0
DA:1559,0
DA:1562,0
DA:1563,0
DA:1564,0
DA:1566,0
DA:1567,0
DA:1571,0
DA:1574,0
DA:1575,0
DA:1580,0
DA:1581,0
DA:1583,0
DA:1584,0
DA:1585,0
DA:1586,0
DA:1587,0
DA:1590,0
DA:1591,0
DA:1592,0
DA:1593,0
DA:1596,0
DA:1597,0
DA:1600,0
DA:1601,0
DA:1606,0
DA:1607,0
DA:1608,0
DA:1609,0
DA:1612,0
DA:1613,0
DA:1614,0
DA:1615,0
DA:1616,0
DA:1619,0
DA:1620,0
DA:1621,0
DA:1622,0
DA:1623,0
DA:1624,0
DA:1627,0
DA:1628,0
DA:1632,0
DA:1633,0
DA:1634,0
DA:1636,0
DA:1637,0
DA:1638,0
DA:1639,0
DA:1640,0
DA:1641,0
DA:1642,0
DA:1650,0
DA:1654,0
DA:1655,0
DA:1667,0
DA:1671,0
DA:1672,0
DA:1676,0
DA:1677,0
DA:1681,0
DA:1685,0
DA:1689,0
DA:1690,0
DA:1691,0
DA:1693,0
DA:1698,0
DA:1702,0
DA:1703,0
DA:1714,0
DA:1715,0
DA:1720,0
DA:1725,0
DA:1728,0
DA:1729,0
DA:1730,0
DA:1732,0
DA:1736,0
DA:1737,0
DA:1738,0
DA:1740,0
DA:1744,0
DA:1745,0
DA:1746,0
DA:1748,0
DA:1752,0
DA:1753,0
DA:1754,0
DA:1756,0
DA:1763,0
DA:1764,0
DA:1766,0
DA:1768,0
DA:1769,0
DA:1772,0
DA:1773,0
DA:1781,0
DA:1782,0
DA:1783,0
DA:1784,0
DA:1785,0
DA:1786,0
DA:1787,0
DA:1788,0
DA:1800,0
DA:1804,0
DA:1808,0
DA:1812,0
DA:1816,0
DA:1820,0
DA:1828,0
DA:1829,0
DA:1830,0
DA:1831,0
DA:1838,0
DA:1839,0
DA:1845,0
DA:1846,0
DA:1853,0
DA:1854,0
DA:1855,0
DA:1856,0
DA:1858,0
DA:1859,0
DA:1860,0
DA:1862,0
DA:1866,0
DA:1872,0
DA:1873,0
DA:1878,0
DA:1879,0
DA:1887,0
DA:1888,0
DA:1889,0
DA:1890,0
DA:1891,0
DA:1892,0
DA:1893,0
DA:1894,0
DA:1895,0
DA:1896,0
DA:1897,0
DA:1898,0
DA:1899,0
DA:1900,0
DA:1901,0
DA:1902,0
DA:1903,0
DA:1904,0
DA:1905,0
DA:1906,0
DA:1907,0
DA:1908,0
DA:1909,0
DA:1910,0
DA:1911,0
DA:1912,0
DA:1913,0
DA:1914,0
DA:1915,0
DA:1917,0
DA:1919,0
DA:1921,0
DA:1924,0
DA:1928,0
DA:1929,0
DA:1930,0
DA:1931,0
DA:1932,0
DA:1937,0
DA:1938,0
DA:1939,0
DA:1940,0
DA:1942,0
DA:1943,0
DA:1945,0
DA:1947,0
DA:1949,0
DA:1950,0
DA:1953,0
DA:1954,0
DA:1957,0
DA:1958,0
DA:1959,0
DA:1960,0
DA:1963,0
DA:1964,0
DA:1965,0
DA:1966,0
DA:1968,0
DA:1970,0
DA:1973,0
DA:1974,0
DA:1975,0
DA:1976,0
DA:1979,0
DA:1980,0
DA:1981,0
DA:1983,0
DA:1984,0
DA:1985,0
DA:1987,0
DA:1990,0
DA:1991,0
DA:1992,0
DA:1993,0
DA:1995,0
DA:1999,0
DA:2002,0
DA:2003,0
DA:2005,0
DA:2006,0
DA:2010,0
DA:2011,0
DA:2012,0
DA:2013,0
DA:2014,0
DA:2015,0
DA:2018,0
DA:2019,0
DA:2020,0
DA:2023,0
DA:2024,0
DA:2027,0
DA:2028,0
DA:2029,0
DA:2032,0
DA:2033,0
DA:2036,0
DA:2037,0
DA:2038,0
DA:2041,0
DA:2042,0
DA:2043,0
DA:2046,0
DA:2047,0
DA:2048,0
DA:2049,0
DA:2052,0
DA:2053,0
DA:2056,0
DA:2058,0
DA:2059,0
DA:2060,0
DA:2062,0
DA:2063,0
DA:2065,0
DA:2066,0
DA:2067,0
DA:2069,0
DA:2070,0
DA:2071,0
DA:2072,0
DA:2081,0
DA:2082,0
DA:2084,0
DA:2085,0
DA:2086,0
DA:2087,0
DA:2088,0
DA:2091,0
DA:2092,0
DA:2094,0
DA:2098,0
DA:2100,0
DA:2101,0
DA:2102,0
DA:2106,0
DA:2107,0
DA:2108,0
DA:2114,0
DA:2115,0
DA:2116,0
DA:2117,0
DA:2118,0
DA:2121,0
DA:2131,0
DA:2132,0
DA:2133,0
DA:2134,0
DA:2135,0
DA:2136,0
DA:2137,0
DA:2140,0
DA:2141,0
DA:2142,0
DA:2143,0
DA:2145,0
DA:2146,0
DA:2150,0
DA:2151,0
DA:2152,0
DA:2155,0
DA:2156,0
DA:2157,0
DA:2161,0
DA:2162,0
DA:2165,0
DA:2166,0
DA:2169,0
DA:2170,0
DA:2171,0
DA:2173,0
DA:2176,0
DA:2177,0
DA:2178,0
DA:2179,0
DA:2180,0
DA:2182,0
DA:2185,0
DA:2186,0
DA:2189,0
DA:2190,0
DA:2191,0
DA:2192,0
DA:2193,0
DA:2196,0
DA:2199,0
DA:2200,0
DA:2210,0
DA:2211,0
DA:2212,0
DA:2214,0
DA:2215,0
DA:2217,0
DA:2218,0
DA:2219,0
DA:2220,0
DA:2221,0
DA:2222,0
DA:2224,0
DA:2225,0
DA:2227,0
DA:2228,0
DA:2229,0
DA:2232,0
DA:2233,0
DA:2237,0
DA:2238,0
DA:2246,0
DA:2247,0
DA:2250,0
DA:2251,0
DA:2252,0
DA:2253,0
DA:2256,0
DA:2257,0
DA:2258,0
DA:2260,0
DA:2267,0
DA:2268,0
DA:2271,0
DA:2272,0
DA:2273,0
DA:2274,0
DA:2283,0
DA:2284,0
DA:2285,0
DA:2286,0
DA:2296,0
DA:2297,0
DA:2298,0
DA:2299,0
DA:2301,0
DA:2302,0
DA:2303,0
DA:2305,0
DA:2306,0
DA:2308,0
DA:2309,0
DA:2311,0
DA:2312,0
DA:2316,0
DA:2317,0
DA:2318,0
DA:2321,0
DA:2322,0
DA:2327,0
DA:2330,0
DA:2331,0
DA:2334,0
DA:2335,0
DA:2336,0
DA:2337,0
DA:2339,0
DA:2340,0
DA:2341,0
DA:2344,0
DA:2345,0
DA:2348,0
DA:2349,0
DA:2350,0
DA:2351,0
DA:2352,0
DA:2356,0
DA:2357,0
DA:2358,0
DA:2360,0
DA:2364,0
DA:2365,0
DA:2366,0
DA:2367,0
DA:2368,0
DA:2369,0
DA:2372,0
DA:2374,0
DA:2376,0
DA:2378,0
DA:2379,0
DA:2383,0
DA:2384,0
DA:2385,0
DA:2387,0
DA:2388,0
DA:2389,0
DA:2392,0
DA:2393,0
DA:2395,0
DA:2396,0
DA:2398,0
DA:2399,0
DA:2400,0
DA:2403,0
DA:2404,0
DA:2408,0
DA:2409,0
DA:2412,0
DA:2413,0
DA:2414,0
DA:2417,0
DA:2418,0
DA:2421,0
DA:2422,0
DA:2425,0
DA:2427,0
DA:2428,0
DA:2429,0
DA:2430,0
DA:2432,0
DA:2434,0
DA:2437,0
DA:2438,0
DA:2439,0
DA:2440,0
DA:2442,0
DA:2454,0
DA:2455,0
DA:2456,0
DA:2457,0
DA:2458,0
DA:2459,0
DA:2460,0
DA:2461,0
DA:2462,0
DA:2463,0
DA:2464,0
DA:2465,0
DA:2468,0
DA:2469,0
DA:2470,0
DA:2471,0
DA:2473,0
DA:2476,0
DA:2477,0
DA:2478,0
DA:2479,0
DA:2480,0
DA:2484,0
DA:2485,0
DA:2486,0
DA:2489,0
DA:2490,0
DA:2491,0
DA:2494,0
DA:2495,0
DA:2498,0
DA:2499,0
DA:2500,0
DA:2501,0
DA:2502,0
DA:2504,0
DA:2506,0
DA:2509,0
DA:2510,0
DA:2513,0
DA:2514,0
DA:2517,0
DA:2518,0
DA:2521,0
DA:2522,0
DA:2523,0
DA:2524,0
DA:2527,0
DA:2528,0
DA:2529,0
DA:2532,0
DA:2534,0
DA:2535,0
DA:2536,0
DA:2538,0
DA:2539,0
DA:2553,0
DA:2554,0
DA:2555,0
DA:2556,0
DA:2557,0
DA:2558,0
DA:2560,0
DA:2562,0
DA:2564,0
DA:2565,0
DA:2566,0
DA:2568,0
DA:2569,0
DA:2570,0
DA:2572,0
DA:2573,0
DA:2574,0
DA:2577,0
DA:2578,0
DA:2579,0
DA:2580,0
DA:2581,0
DA:2586,0
DA:2587,0
DA:2589,0
DA:2590,0
DA:2591,0
DA:2592,0
DA:2597,0
LF:1093
LH:0
BRDA:1,1,0,0
BRDA:1,1,1,0
BRDA:9,2,0,0
BRDA:9,2,1,0
BRDA:72,3,0,0
BRDA:72,3,1,0
BRDA:96,4,0,0
BRDA:96,4,1,0
BRDA:97,5,0,0
BRDA:97,5,1,0
BRDA:112,6,0,0
BRDA:112,6,1,0
BRDA:114,7,0,0
BRDA:114,7,1,0
BRDA:115,8,0,0
BRDA:115,8,1,0
BRDA:130,9,0,0
BRDA:130,9,1,0
BRDA:274,10,0,0
BRDA:274,10,1,0
BRDA:434,11,0,0
BRDA:434,11,1,0
BRDA:445,12,0,0
BRDA:445,12,1,0
BRDA:445,13,0,0
BRDA:445,13,1,0
BRDA:483,14,0,0
BRDA:483,14,1,0
BRDA:501,15,0,0
BRDA:501,15,1,0
BRDA:514,16,0,0
BRDA:514,16,1,0
BRDA:528,17,0,0
BRDA:528,17,1,0
BRDA:538,18,0,0
BRDA:538,18,1,0
BRDA:549,19,0,0
BRDA:549,19,1,0
BRDA:561,20,0,0
BRDA:561,20,1,0
BRDA:573,21,0,0
BRDA:573,21,1,0
BRDA:585,22,0,0
BRDA:585,22,1,0
BRDA:605,23,0,0
BRDA:605,23,1,0
BRDA:616,24,0,0
BRDA:616,24,1,0
BRDA:620,25,0,0
BRDA:620,25,1,0
BRDA:629,26,0,0
BRDA:629,26,1,0
BRDA:629,26,2,0
BRDA:629,26,3,0
BRDA:642,27,0,0
BRDA:642,27,1,0
BRDA:670,28,0,0
BRDA:670,28,1,0
BRDA:673,29,0,0
BRDA:673,29,1,0
BRDA:679,30,0,0
BRDA:679,30,1,0
BRDA:682,31,0,0
BRDA:682,31,1,0
BRDA:686,32,0,0
BRDA:686,32,1,0
BRDA:686,33,0,0
BRDA:686,33,1,0
BRDA:688,34,0,0
BRDA:688,34,1,0
BRDA:688,35,0,0
BRDA:688,35,1,0
BRDA:696,36,0,0
BRDA:696,36,1,0
BRDA:755,37,0,0
BRDA:755,37,1,0
BRDA:766,38,0,0
BRDA:766,38,1,0
BRDA:772,39,0,0
BRDA:772,39,1,0
BRDA:809,40,0,0
BRDA:809,40,1,0
BRDA:824,41,0,0
BRDA:824,41,1,0
BRDA:836,42,0,0
BRDA:836,42,1,0
BRDA:848,43,0,0
BRDA:848,43,1,0
BRDA:868,44,0,0
BRDA:868,44,1,0
BRDA:884,45,0,0
BRDA:884,45,1,0
BRDA:887,46,0,0
BRDA:887,46,1,0
BRDA:888,47,0,0
BRDA:888,47,1,0
BRDA:890,48,0,0
BRDA:890,48,1,0
BRDA:891,49,0,0
BRDA:891,49,1,0
BRDA:893,50,0,0
BRDA:893,50,1,0
BRDA:894,51,0,0
BRDA:894,51,1,0
BRDA:896,52,0,0
BRDA:896,52,1,0
BRDA:897,53,0,0
BRDA:897,53,1,0
BRDA:903,54,0,0
BRDA:903,54,1,0
BRDA:903,55,0,0
BRDA:903,55,1,0
BRDA:911,56,0,0
BRDA:911,56,1,0
BRDA:915,57,0,0
BRDA:915,57,1,0
BRDA:915,58,0,0
BRDA:915,58,1,0
BRDA:920,59,0,0
BRDA:920,59,1,0
BRDA:920,60,0,0
BRDA:920,60,1,0
BRDA:925,61,0,0
BRDA:925,61,1,0
BRDA:926,62,0,0
BRDA:926,62,1,0
BRDA:927,63,0,0
BRDA:927,63,1,0
BRDA:927,64,0,0
BRDA:927,64,1,0
BRDA:931,65,0,0
BRDA:931,65,1,0
BRDA:931,66,0,0
BRDA:931,66,1,0
BRDA:931,66,2,0
BRDA:937,67,0,0
BRDA:937,67,1,0
BRDA:941,68,0,0
BRDA:941,68,1,0
BRDA:942,69,0,0
BRDA:942,69,1,0
BRDA:947,70,0,0
BRDA:947,70,1,0
BRDA:950,71,0,0
BRDA:950,71,1,0
BRDA:952,72,0,0
BRDA:952,72,1,0
BRDA:952,73,0,0
BRDA:952,73,1,0
BRDA:952,73,2,0
BRDA:952,73,3,0
BRDA:953,74,0,0
BRDA:953,74,1,0
BRDA:956,75,0,0
BRDA:956,75,1,0
BRDA:956,76,0,0
BRDA:956,76,1,0
BRDA:960,77,0,0
BRDA:960,77,1,0
BRDA:960,78,0,0
BRDA:960,78,1,0
BRDA:964,79,0,0
BRDA:964,79,1,0
BRDA:968,80,0,0
BRDA:968,80,1,0
BRDA:972,81,0,0
BRDA:972,81,1,0
BRDA:976,82,0,0
BRDA:976,82,1,0
BRDA:980,83,0,0
BRDA:980,83,1,0
BRDA:980,84,0,0
BRDA:980,84,1,0
BRDA:984,85,0,0
BRDA:984,85,1,0
BRDA:984,86,0,0
BRDA:984,86,1,0
BRDA:988,87,0,0
BRDA:988,87,1,0
BRDA:988,88,0,0
BRDA:988,88,1,0
BRDA:992,89,0,0
BRDA:992,89,1,0
BRDA:992,90,0,0
BRDA:992,90,1,0
BRDA:1001,91,0,0
BRDA:1001,91,1,0
BRDA:1003,92,0,0
BRDA:1003,92,1,0
BRDA:1059,93,0,0
BRDA:1059,93,1,0
BRDA:1100,94,0,0
BRDA:1100,94,1,0
BRDA:1104,95,0,0
BRDA:1104,95,1,0
BRDA:1134,96,0,0
BRDA:1134,96,1,0
BRDA:1157,97,0,0
BRDA:1157,97,1,0
BRDA:1158,98,0,0
BRDA:1158,98,1,0
BRDA:1162,99,0,0
BRDA:1162,99,1,0
BRDA:1162,100,0,0
BRDA:1162,100,1,0
BRDA:1183,101,0,0
BRDA:1183,101,1,0
BRDA:1199,102,0,0
BRDA:1199,102,1,0
BRDA:1210,103,0,0
BRDA:1210,103,1,0
BRDA:1214,104,0,0
BRDA:1214,104,1,0
BRDA:1217,105,0,0
BRDA:1217,105,1,0
BRDA:1218,106,0,0
BRDA:1218,106,1,0
BRDA:1220,107,0,0
BRDA:1220,107,1,0
BRDA:1221,108,0,0
BRDA:1221,108,1,0
BRDA:1225,109,0,0
BRDA:1225,109,1,0
BRDA:1226,110,0,0
BRDA:1226,110,1,0
BRDA:1228,111,0,0
BRDA:1228,111,1,0
BRDA:1238,112,0,0
BRDA:1238,112,1,0
BRDA:1356,113,0,0
BRDA:1356,113,1,0
BRDA:1360,114,0,0
BRDA:1360,114,1,0
BRDA:1383,115,0,0
BRDA:1383,115,1,0
BRDA:1387,116,0,0
BRDA:1387,116,1,0
BRDA:1409,117,0,0
BRDA:1409,117,1,0
BRDA:1415,118,0,0
BRDA:1415,118,1,0
BRDA:1432,119,0,0
BRDA:1432,119,1,0
BRDA:1481,120,0,0
BRDA:1481,120,1,0
BRDA:1482,121,0,0
BRDA:1482,121,1,0
BRDA:1495,122,0,0
BRDA:1495,122,1,0
BRDA:1503,123,0,0
BRDA:1503,123,1,0
BRDA:1504,124,0,0
BRDA:1504,124,1,0
BRDA:1504,125,0,0
BRDA:1504,125,1,0
BRDA:1504,126,0,0
BRDA:1504,126,1,0
BRDA:1507,127,0,0
BRDA:1507,127,1,0
BRDA:1510,128,0,0
BRDA:1510,128,1,0
BRDA:1510,129,0,0
BRDA:1510,129,1,0
BRDA:1510,129,2,0
BRDA:1510,130,0,0
BRDA:1510,130,1,0
BRDA:1510,131,0,0
BRDA:1510,131,1,0
BRDA:1511,132,0,0
BRDA:1511,132,1,0
BRDA:1511,133,0,0
BRDA:1511,133,1,0
BRDA:1511,134,0,0
BRDA:1511,134,1,0
BRDA:1525,135,0,0
BRDA:1525,135,1,0
BRDA:1526,136,0,0
BRDA:1526,136,1,0
BRDA:1529,137,0,0
BRDA:1529,137,1,0
BRDA:1530,138,0,0
BRDA:1530,138,1,0
BRDA:1533,139,0,0
BRDA:1533,139,1,0
BRDA:1534,140,0,0
BRDA:1534,140,1,0
BRDA:1537,141,0,0
BRDA:1537,141,1,0
BRDA:1553,142,0,0
BRDA:1553,142,1,0
BRDA:1554,143,0,0
BRDA:1554,143,1,0
BRDA:1559,144,0,0
BRDA:1559,144,1,0
BRDA:1563,145,0,0
BRDA:1563,145,1,0
BRDA:1563,146,0,0
BRDA:1563,146,1,0
BRDA:1566,147,0,0
BRDA:1566,147,1,0
BRDA:1567,148,0,0
BRDA:1567,148,1,0
BRDA:1567,149,0,0
BRDA:1567,149,1,0
BRDA:1571,150,0,0
BRDA:1571,150,1,0
BRDA:1624,151,0,0
BRDA:1624,151,1,0
BRDA:1624,152,0,0
BRDA:1624,152,1,0
BRDA:1624,152,2,0
BRDA:1632,153,0,0
BRDA:1632,153,1,0
BRDA:1641,154,0,0
BRDA:1641,154,1,0
BRDA:1689,155,0,0
BRDA:1689,155,1,0
BRDA:1714,156,0,0
BRDA:1714,156,1,0
BRDA:1729,157,0,0
BRDA:1729,157,1,0
BRDA:1737,158,0,0
BRDA:1737,158,1,0
BRDA:1745,159,0,0
BRDA:1745,159,1,0
BRDA:1753,160,0,0
BRDA:1753,160,1,0
BRDA:1787,161,0,0
BRDA:1787,161,1,0
BRDA:1854,162,0,0
BRDA:1854,162,1,0
BRDA:1855,163,0,0
BRDA:1855,163,1,0
BRDA:1859,164,0,0
BRDA:1859,164,1,0
BRDA:1890,165,0,0
BRDA:1890,165,1,0
BRDA:1892,166,0,0
BRDA:1892,166,1,0
BRDA:1894,167,0,0
BRDA:1894,167,1,0
BRDA:1896,168,0,0
BRDA:1896,168,1,0
BRDA:1898,169,0,0
BRDA:1898,169,1,0
BRDA:1900,170,0,0
BRDA:1900,170,1,0
BRDA:1902,171,0,0
BRDA:1902,171,1,0
BRDA:1904,172,0,0
BRDA:1904,172,1,0
BRDA:1906,173,0,0
BRDA:1906,173,1,0
BRDA:1908,174,0,0
BRDA:1908,174,1,0
BRDA:1910,175,0,0
BRDA:1910,175,1,0
BRDA:1911,176,0,0
BRDA:1911,176,1,0
BRDA:1912,177,0,0
BRDA:1912,177,1,0
BRDA:1912,178,0,0
BRDA:1912,178,1,0
BRDA:1914,179,0,0
BRDA:1914,179,1,0
BRDA:1930,180,0,0
BRDA:1930,180,1,0
BRDA:1931,181,0,0
BRDA:1931,181,1,0
BRDA:1932,182,0,0
BRDA:1932,182,1,0
BRDA:1932,183,0,0
BRDA:1932,183,1,0
BRDA:1958,184,0,0
BRDA:1958,184,1,0
BRDA:1965,185,0,0
BRDA:1965,185,1,0
BRDA:1974,186,0,0
BRDA:1974,186,1,0
BRDA:1984,187,0,0
BRDA:1984,187,1,0
BRDA:1992,188,0,0
BRDA:1992,188,1,0
BRDA:2019,189,0,0
BRDA:2019,189,1,0
BRDA:2028,190,0,0
BRDA:2028,190,1,0
BRDA:2037,191,0,0
BRDA:2037,191,1,0
BRDA:2065,192,0,0
BRDA:2065,192,1,0
BRDA:2065,193,0,0
BRDA:2065,193,1,0
BRDA:2065,194,0,0
BRDA:2065,194,1,0
BRDA:2070,195,0,0
BRDA:2070,195,1,0
BRDA:2070,196,0,0
BRDA:2070,196,1,0
BRDA:2085,197,0,0
BRDA:2085,197,1,0
BRDA:2085,198,0,0
BRDA:2085,198,1,0
BRDA:2091,199,0,0
BRDA:2091,199,1,0
BRDA:2091,200,0,0
BRDA:2091,200,1,0
BRDA:2101,201,0,0
BRDA:2101,201,1,0
BRDA:2107,202,0,0
BRDA:2107,202,1,0
BRDA:2117,203,0,0
BRDA:2117,203,1,0
BRDA:2142,204,0,0
BRDA:2142,204,1,0
BRDA:2170,205,0,0
BRDA:2170,205,1,0
BRDA:2192,206,0,0
BRDA:2192,206,1,0
BRDA:2211,207,0,0
BRDA:2211,207,1,0
BRDA:2214,208,0,0
BRDA:2214,208,1,0
BRDA:2218,209,0,0
BRDA:2218,209,1,0
BRDA:2257,210,0,0
BRDA:2257,210,1,0
BRDA:2303,211,0,0
BRDA:2303,211,1,0
BRDA:2303,211,2,0
BRDA:2324,212,0,0
BRDA:2324,212,1,0
BRDA:2331,213,0,0
BRDA:2331,213,1,0
BRDA:2351,214,0,0
BRDA:2351,214,1,0
BRDA:2357,215,0,0
BRDA:2357,215,1,0
BRDA:2366,216,0,0
BRDA:2366,216,1,0
BRDA:2413,217,0,0
BRDA:2413,217,1,0
BRDA:2417,218,0,0
BRDA:2417,218,1,0
BRDA:2417,219,0,0
BRDA:2417,219,1,0
BRDA:2421,220,0,0
BRDA:2421,220,1,0
BRDA:2421,221,0,0
BRDA:2421,221,1,0
BRDA:2421,221,2,0
BRDA:2456,222,0,0
BRDA:2456,222,1,0
BRDA:2479,223,0,0
BRDA:2479,223,1,0
BRDA:2500,224,0,0
BRDA:2500,224,1,0
BRDA:2535,225,0,0
BRDA:2535,225,1,0
BRDA:2554,226,0,0
BRDA:2554,226,1,0
BRDA:2565,227,0,0
BRDA:2565,227,1,0
BRDA:2566,228,0,0
BRDA:2566,228,1,0
BRDA:2577,229,0,0
BRDA:2577,229,1,0
BRDA:2579,230,0,0
BRDA:2579,230,1,0
BRDA:2580,231,0,0
BRDA:2580,231,1,0
BRF:471
BRH:0
end_of_record
